<?xml version="1.0" encoding="UTF-8"?>
<coverage generated="1671015340050" clover="3.2.0">
  <project timestamp="1671015340050" name="All files">
    <metrics statements="78" coveredstatements="70" conditionals="27" coveredconditionals="25" methods="18" coveredmethods="16" elements="123" coveredelements="111" complexity="0" loc="78" ncloc="78" packages="2" files="2" classes="2"/>
    <package name="components.SalesTaxContainer">
      <metrics statements="75" coveredstatements="67" conditionals="27" coveredconditionals="25" methods="17" coveredmethods="15"/>
      <file name="index.tsx" path="/Users/aihemaitiabulipizi/Documents/ahmatjan/homework/src/components/SalesTaxContainer/index.tsx">
        <metrics statements="75" coveredstatements="67" conditionals="27" coveredconditionals="25" methods="17" coveredmethods="15"/>
        <line num="1" count="1" type="stmt"/>
        <line num="2" count="1" type="stmt"/>
        <line num="3" count="1" type="stmt"/>
        <line num="4" count="1" type="stmt"/>
        <line num="5" count="1" type="stmt"/>
        <line num="7" count="1" type="stmt"/>
        <line num="18" count="1" type="stmt"/>
        <line num="19" count="66" type="stmt"/>
        <line num="20" count="66" type="stmt"/>
        <line num="21" count="66" type="stmt"/>
        <line num="22" count="66" type="stmt"/>
        <line num="23" count="66" type="stmt"/>
        <line num="24" count="66" type="stmt"/>
        <line num="25" count="66" type="stmt"/>
        <line num="27" count="66" type="stmt"/>
        <line num="28" count="3" type="stmt"/>
        <line num="30" count="66" type="stmt"/>
        <line num="31" count="37" type="stmt"/>
        <line num="34" count="66" type="stmt"/>
        <line num="35" count="7" type="stmt"/>
        <line num="38" count="66" type="stmt"/>
        <line num="39" count="4" type="stmt"/>
        <line num="42" count="66" type="stmt"/>
        <line num="44" count="9" type="cond" truecount="1" falsecount="0"/>
        <line num="45" count="3" type="stmt"/>
        <line num="47" count="6" type="stmt"/>
        <line num="50" count="66" type="stmt"/>
        <line num="51" count="6" type="stmt"/>
        <line num="54" count="66" type="stmt"/>
        <line num="55" count="6" type="stmt"/>
        <line num="58" count="66" type="stmt"/>
        <line num="59" count="3" type="stmt"/>
        <line num="60" count="3" type="stmt"/>
        <line num="61" count="3" type="stmt"/>
        <line num="63" count="9" type="cond" truecount="3" falsecount="0"/>
        <line num="65" count="3" type="stmt"/>
        <line num="66" count="3" type="stmt"/>
        <line num="67" count="3" type="cond" truecount="2" falsecount="0"/>
        <line num="70" count="6" type="cond" truecount="3" falsecount="0"/>
        <line num="71" count="2" type="stmt"/>
        <line num="72" count="2" type="stmt"/>
        <line num="73" count="2" type="stmt"/>
        <line num="74" count="2" type="cond" truecount="1" falsecount="1"/>
        <line num="77" count="4" type="cond" truecount="3" falsecount="0"/>
        <line num="78" count="2" type="stmt"/>
        <line num="79" count="2" type="stmt"/>
        <line num="80" count="2" type="stmt"/>
        <line num="81" count="2" type="cond" truecount="2" falsecount="0"/>
        <line num="84" count="2" type="cond" truecount="3" falsecount="0"/>
        <line num="85" count="2" type="stmt"/>
        <line num="86" count="2" type="stmt"/>
        <line num="87" count="2" type="stmt"/>
        <line num="88" count="2" type="cond" truecount="1" falsecount="1"/>
        <line num="91" count="3" type="stmt"/>
        <line num="92" count="3" type="stmt"/>
        <line num="95" count="66" type="stmt"/>
        <line num="96" count="0" type="stmt"/>
        <line num="97" count="0" type="stmt"/>
        <line num="98" count="0" type="stmt"/>
        <line num="99" count="0" type="stmt"/>
        <line num="102" count="66" type="stmt"/>
        <line num="103" count="29" type="stmt"/>
        <line num="104" count="9" type="stmt"/>
        <line num="105" count="19" type="cond" truecount="4" falsecount="0"/>
        <line num="106" count="9" type="stmt"/>
        <line num="107" count="9" type="stmt"/>
        <line num="110" count="66" type="stmt"/>
        <line num="111" count="0" type="stmt"/>
        <line num="112" count="0" type="stmt"/>
        <line num="113" count="0" type="stmt"/>
        <line num="114" count="0" type="stmt"/>
        <line num="116" count="66" type="stmt"/>
        <line num="132" count="3" type="stmt"/>
        <line num="153" count="37" type="stmt"/>
        <line num="174" count="1" type="stmt"/>
      </file>
    </package>
    <package name="utils">
      <metrics statements="3" coveredstatements="3" conditionals="0" coveredconditionals="0" methods="1" coveredmethods="1"/>
      <file name="index.ts" path="/Users/aihemaitiabulipizi/Documents/ahmatjan/homework/src/utils/index.ts">
        <metrics statements="3" coveredstatements="3" conditionals="0" coveredconditionals="0" methods="1" coveredmethods="1"/>
        <line num="1" count="1" type="stmt"/>
        <line num="2" count="15" type="stmt"/>
        <line num="8" count="15" type="stmt"/>
      </file>
    </package>
  </project>
</coverage>
