{"/Users/aihemaitiabulipizi/Documents/ahmatjan/homework/src/components/SalesTaxContainer/index.tsx": {"path":"/Users/aihemaitiabulipizi/Documents/ahmatjan/homework/src/components/SalesTaxContainer/index.tsx","statementMap":{"0":{"start":{"line":1,"column":0},"end":{"line":1,"column":73}},"1":{"start":{"line":2,"column":0},"end":{"line":2,"column":44}},"2":{"start":{"line":3,"column":0},"end":{"line":3,"column":50}},"3":{"start":{"line":4,"column":0},"end":{"line":4,"column":53}},"4":{"start":{"line":5,"column":0},"end":{"line":5,"column":20}},"5":{"start":{"line":7,"column":21},"end":{"line":7,"column":26}},"6":{"start":{"line":18,"column":4},"end":{"line":172,"column":3}},"7":{"start":{"line":19,"column":32},"end":{"line":19,"column":61}},"8":{"start":{"line":20,"column":34},"end":{"line":20,"column":74}},"9":{"start":{"line":21,"column":40},"end":{"line":21,"column":64}},"10":{"start":{"line":22,"column":30},"end":{"line":22,"column":59}},"11":{"start":{"line":23,"column":32},"end":{"line":23,"column":67}},"12":{"start":{"line":24,"column":42},"end":{"line":24,"column":62}},"13":{"start":{"line":25,"column":40},"end":{"line":25,"column":69}},"14":{"start":{"line":27,"column":27},"end":{"line":29,"column":5}},"15":{"start":{"line":28,"column":6},"end":{"line":28,"column":23}},"16":{"start":{"line":30,"column":26},"end":{"line":32,"column":5}},"17":{"start":{"line":31,"column":6},"end":{"line":31,"column":22}},"18":{"start":{"line":34,"column":28},"end":{"line":36,"column":5}},"19":{"start":{"line":35,"column":6},"end":{"line":35,"column":24}},"20":{"start":{"line":38,"column":29},"end":{"line":40,"column":5}},"21":{"start":{"line":39,"column":6},"end":{"line":39,"column":27}},"22":{"start":{"line":42,"column":32},"end":{"line":48,"column":5}},"23":{"start":{"line":44,"column":6},"end":{"line":46,"column":null}},"24":{"start":{"line":45,"column":8},"end":{"line":45,"column":null}},"25":{"start":{"line":47,"column":6},"end":{"line":47,"column":85}},"26":{"start":{"line":50,"column":25},"end":{"line":52,"column":5}},"27":{"start":{"line":51,"column":6},"end":{"line":51,"column":null}},"28":{"start":{"line":54,"column":21},"end":{"line":56,"column":5}},"29":{"start":{"line":55,"column":6},"end":{"line":55,"column":31}},"30":{"start":{"line":58,"column":26},"end":{"line":93,"column":5}},"31":{"start":{"line":59,"column":16},"end":{"line":59,"column":17}},"32":{"start":{"line":60,"column":18},"end":{"line":60,"column":19}},"33":{"start":{"line":61,"column":24},"end":{"line":90,"column":19}},"34":{"start":{"line":63,"column":8},"end":{"line":68,"column":null}},"35":{"start":{"line":65,"column":24},"end":{"line":65,"column":76}},"36":{"start":{"line":66,"column":10},"end":{"line":66,"column":23}},"37":{"start":{"line":67,"column":10},"end":{"line":67,"column":null}},"38":{"start":{"line":70,"column":8},"end":{"line":75,"column":null}},"39":{"start":{"line":71,"column":24},"end":{"line":71,"column":78}},"40":{"start":{"line":72,"column":10},"end":{"line":72,"column":68}},"41":{"start":{"line":73,"column":10},"end":{"line":73,"column":23}},"42":{"start":{"line":74,"column":10},"end":{"line":74,"column":null}},"43":{"start":{"line":77,"column":8},"end":{"line":82,"column":null}},"44":{"start":{"line":78,"column":24},"end":{"line":78,"column":77}},"45":{"start":{"line":79,"column":10},"end":{"line":79,"column":68}},"46":{"start":{"line":80,"column":10},"end":{"line":80,"column":23}},"47":{"start":{"line":81,"column":10},"end":{"line":81,"column":null}},"48":{"start":{"line":84,"column":8},"end":{"line":89,"column":null}},"49":{"start":{"line":85,"column":24},"end":{"line":85,"column":78}},"50":{"start":{"line":86,"column":10},"end":{"line":86,"column":68}},"51":{"start":{"line":87,"column":10},"end":{"line":87,"column":23}},"52":{"start":{"line":88,"column":10},"end":{"line":88,"column":null}},"53":{"start":{"line":91,"column":6},"end":{"line":91,"column":137}},"54":{"start":{"line":92,"column":6},"end":{"line":92,"column":33}},"55":{"start":{"line":95,"column":24},"end":{"line":100,"column":5}},"56":{"start":{"line":96,"column":6},"end":{"line":96,"column":19}},"57":{"start":{"line":97,"column":6},"end":{"line":97,"column":null}},"58":{"start":{"line":98,"column":6},"end":{"line":98,"column":26}},"59":{"start":{"line":99,"column":6},"end":{"line":99,"column":25}},"60":{"start":{"line":102,"column":23},"end":{"line":108,"column":5}},"61":{"start":{"line":103,"column":35},"end":{"line":103,"column":88}},"62":{"start":{"line":103,"column":64},"end":{"line":103,"column":86}},"63":{"start":{"line":104,"column":22},"end":{"line":104,"column":119}},"64":{"start":{"line":105,"column":28},"end":{"line":105,"column":195}},"65":{"start":{"line":105,"column":50},"end":{"line":105,"column":183}},"66":{"start":{"line":106,"column":6},"end":{"line":106,"column":null}},"67":{"start":{"line":107,"column":6},"end":{"line":107,"column":25}},"68":{"start":{"line":110,"column":23},"end":{"line":115,"column":5}},"69":{"start":{"line":111,"column":6},"end":{"line":111,"column":41}},"70":{"start":{"line":112,"column":6},"end":{"line":112,"column":21}},"71":{"start":{"line":113,"column":6},"end":{"line":113,"column":22}},"72":{"start":{"line":114,"column":6},"end":{"line":114,"column":27}},"73":{"start":{"line":116,"column":4},"end":{"line":171,"column":6}},"74":{"start":{"line":132,"column":35},"end":{"line":132,"column":57}},"75":{"start":{"line":153,"column":35},"end":{"line":153,"column":56}},"76":{"start":{"line":174,"column":0},"end":{"line":174,"column":33}}},"fnMap":{"0":{"name":"(anonymous_0)","decl":{"start":{"line":18,"column":4},"end":{"line":18,"column":7}},"loc":{"start":{"line":18,"column":9},"end":{"line":172,"column":3}}},"1":{"name":"(anonymous_1)","decl":{"start":{"line":27,"column":27},"end":{"line":27,"column":28}},"loc":{"start":{"line":27,"column":45},"end":{"line":29,"column":5}}},"2":{"name":"(anonymous_2)","decl":{"start":{"line":30,"column":26},"end":{"line":30,"column":27}},"loc":{"start":{"line":30,"column":44},"end":{"line":32,"column":5}}},"3":{"name":"(anonymous_3)","decl":{"start":{"line":34,"column":28},"end":{"line":34,"column":29}},"loc":{"start":{"line":34,"column":46},"end":{"line":36,"column":5}}},"4":{"name":"(anonymous_4)","decl":{"start":{"line":38,"column":29},"end":{"line":38,"column":30}},"loc":{"start":{"line":38,"column":48},"end":{"line":40,"column":5}}},"5":{"name":"(anonymous_5)","decl":{"start":{"line":42,"column":32},"end":{"line":42,"column":33}},"loc":{"start":{"line":42,"column":91},"end":{"line":48,"column":5}}},"6":{"name":"(anonymous_6)","decl":{"start":{"line":50,"column":25},"end":{"line":50,"column":26}},"loc":{"start":{"line":50,"column":74},"end":{"line":52,"column":5}}},"7":{"name":"(anonymous_7)","decl":{"start":{"line":54,"column":21},"end":{"line":54,"column":22}},"loc":{"start":{"line":54,"column":40},"end":{"line":56,"column":5}}},"8":{"name":"(anonymous_8)","decl":{"start":{"line":58,"column":26},"end":{"line":58,"column":29}},"loc":{"start":{"line":58,"column":31},"end":{"line":93,"column":5}}},"9":{"name":"(anonymous_9)","decl":{"start":{"line":61,"column":35},"end":{"line":61,"column":36}},"loc":{"start":{"line":61,"column":46},"end":{"line":90,"column":7}}},"10":{"name":"(anonymous_10)","decl":{"start":{"line":95,"column":24},"end":{"line":95,"column":27}},"loc":{"start":{"line":95,"column":29},"end":{"line":100,"column":5}}},"11":{"name":"(anonymous_11)","decl":{"start":{"line":102,"column":23},"end":{"line":102,"column":26}},"loc":{"start":{"line":102,"column":28},"end":{"line":108,"column":5}}},"12":{"name":"(anonymous_12)","decl":{"start":{"line":103,"column":54},"end":{"line":103,"column":55}},"loc":{"start":{"line":103,"column":64},"end":{"line":103,"column":86}}},"13":{"name":"(anonymous_13)","decl":{"start":{"line":105,"column":40},"end":{"line":105,"column":41}},"loc":{"start":{"line":105,"column":50},"end":{"line":105,"column":183}}},"14":{"name":"(anonymous_14)","decl":{"start":{"line":110,"column":23},"end":{"line":110,"column":26}},"loc":{"start":{"line":110,"column":28},"end":{"line":115,"column":5}}},"15":{"name":"(anonymous_15)","decl":{"start":{"line":132,"column":24},"end":{"line":132,"column":25}},"loc":{"start":{"line":132,"column":35},"end":{"line":132,"column":57}}},"16":{"name":"(anonymous_16)","decl":{"start":{"line":153,"column":24},"end":{"line":153,"column":25}},"loc":{"start":{"line":153,"column":35},"end":{"line":153,"column":56}}}},"branchMap":{"0":{"loc":{"start":{"line":44,"column":6},"end":{"line":46,"column":null}},"type":"if","locations":[{"start":{"line":44,"column":6},"end":{"line":46,"column":null}}]},"1":{"loc":{"start":{"line":63,"column":8},"end":{"line":68,"column":null}},"type":"if","locations":[{"start":{"line":63,"column":8},"end":{"line":68,"column":null}}]},"2":{"loc":{"start":{"line":63,"column":12},"end":{"line":63,"column":50}},"type":"binary-expr","locations":[{"start":{"line":63,"column":12},"end":{"line":63,"column":28}},{"start":{"line":63,"column":32},"end":{"line":63,"column":50}}]},"3":{"loc":{"start":{"line":67,"column":38},"end":{"line":67,"column":84}},"type":"cond-expr","locations":[{"start":{"line":67,"column":56},"end":{"line":67,"column":79}},{"start":{"line":67,"column":82},"end":{"line":67,"column":84}}]},"4":{"loc":{"start":{"line":70,"column":8},"end":{"line":75,"column":null}},"type":"if","locations":[{"start":{"line":70,"column":8},"end":{"line":75,"column":null}}]},"5":{"loc":{"start":{"line":70,"column":12},"end":{"line":70,"column":49}},"type":"binary-expr","locations":[{"start":{"line":70,"column":12},"end":{"line":70,"column":28}},{"start":{"line":70,"column":32},"end":{"line":70,"column":49}}]},"6":{"loc":{"start":{"line":74,"column":46},"end":{"line":74,"column":92}},"type":"cond-expr","locations":[{"start":{"line":74,"column":64},"end":{"line":74,"column":87}},{"start":{"line":74,"column":90},"end":{"line":74,"column":92}}]},"7":{"loc":{"start":{"line":77,"column":8},"end":{"line":82,"column":null}},"type":"if","locations":[{"start":{"line":77,"column":8},"end":{"line":82,"column":null}}]},"8":{"loc":{"start":{"line":77,"column":12},"end":{"line":77,"column":51}},"type":"binary-expr","locations":[{"start":{"line":77,"column":12},"end":{"line":77,"column":29}},{"start":{"line":77,"column":33},"end":{"line":77,"column":51}}]},"9":{"loc":{"start":{"line":81,"column":37},"end":{"line":81,"column":83}},"type":"cond-expr","locations":[{"start":{"line":81,"column":55},"end":{"line":81,"column":78}},{"start":{"line":81,"column":81},"end":{"line":81,"column":83}}]},"10":{"loc":{"start":{"line":84,"column":8},"end":{"line":89,"column":null}},"type":"if","locations":[{"start":{"line":84,"column":8},"end":{"line":89,"column":null}}]},"11":{"loc":{"start":{"line":84,"column":12},"end":{"line":84,"column":50}},"type":"binary-expr","locations":[{"start":{"line":84,"column":12},"end":{"line":84,"column":29}},{"start":{"line":84,"column":33},"end":{"line":84,"column":50}}]},"12":{"loc":{"start":{"line":88,"column":47},"end":{"line":88,"column":92}},"type":"cond-expr","locations":[{"start":{"line":88,"column":65},"end":{"line":88,"column":87}},{"start":{"line":88,"column":90},"end":{"line":88,"column":92}}]},"13":{"loc":{"start":{"line":105,"column":68},"end":{"line":105,"column":102}},"type":"cond-expr","locations":[{"start":{"line":105,"column":86},"end":{"line":105,"column":97}},{"start":{"line":105,"column":100},"end":{"line":105,"column":102}}]},"14":{"loc":{"start":{"line":105,"column":106},"end":{"line":105,"column":148}},"type":"cond-expr","locations":[{"start":{"line":105,"column":122},"end":{"line":105,"column":143}},{"start":{"line":105,"column":146},"end":{"line":105,"column":148}}]},"15":{"loc":{"start":{"line":166,"column":10},"end":{"line":167,"column":null}},"type":"binary-expr","locations":[{"start":{"line":166,"column":10},"end":{"line":166,"column":20}},{"start":{"line":166,"column":24},"end":{"line":167,"column":null}}]}},"s":{"0":1,"1":1,"2":1,"3":1,"4":1,"5":1,"6":1,"7":66,"8":66,"9":66,"10":66,"11":66,"12":66,"13":66,"14":66,"15":3,"16":66,"17":37,"18":66,"19":7,"20":66,"21":4,"22":66,"23":9,"24":3,"25":6,"26":66,"27":6,"28":66,"29":6,"30":66,"31":3,"32":3,"33":3,"34":9,"35":3,"36":3,"37":3,"38":6,"39":2,"40":2,"41":2,"42":2,"43":4,"44":2,"45":2,"46":2,"47":2,"48":2,"49":2,"50":2,"51":2,"52":2,"53":3,"54":3,"55":66,"56":0,"57":0,"58":0,"59":0,"60":66,"61":9,"62":29,"63":9,"64":9,"65":19,"66":9,"67":9,"68":66,"69":0,"70":0,"71":0,"72":0,"73":66,"74":3,"75":37,"76":1},"f":{"0":66,"1":3,"2":37,"3":7,"4":4,"5":9,"6":6,"7":6,"8":3,"9":9,"10":0,"11":9,"12":29,"13":19,"14":0,"15":3,"16":37},"b":{"0":[3],"1":[3],"2":[9,5],"3":[2,1],"4":[2],"5":[6,2],"6":[2,0],"7":[2],"8":[4,4],"9":[1,1],"10":[2],"11":[2,2],"12":[2,0],"13":[8,11],"14":[14,5],"15":[66,3]}}
,"/Users/aihemaitiabulipizi/Documents/ahmatjan/homework/src/utils/index.ts": {"path":"/Users/aihemaitiabulipizi/Documents/ahmatjan/homework/src/utils/index.ts","statementMap":{"0":{"start":{"line":1,"column":35},"end":{"line":9,"column":1}},"1":{"start":{"line":2,"column":17},"end":{"line":2,"column":39}},"2":{"start":{"line":8,"column":4},"end":{"line":8,"column":18}},"3":{"start":{"line":1,"column":13},"end":{"line":1,"column":35}}},"fnMap":{"0":{"name":"(anonymous_0)","decl":{"start":{"line":1,"column":35},"end":{"line":1,"column":36}},"loc":{"start":{"line":1,"column":51},"end":{"line":9,"column":1}}}},"branchMap":{},"s":{"0":1,"1":15,"2":15,"3":1},"f":{"0":15},"b":{}}
}
