TN:
SF:node_modules/@babel/code-frame/lib/index.js
FN:1,Object.<anonymous>
FN:13,getDefs
FN:23,getMarkerLines
FN:86,codeFrameColumns
FN:141,_default
FNF:5
FNH:1
FNDA:2,Object.<anonymous>
FNDA:0,getDefs
FNDA:0,getMarkerLines
FNDA:0,codeFrameColumns
FNDA:0,_default
DA:1,2
DA:2,2
DA:3,2
DA:4,2
DA:5,2
DA:6,2
DA:7,2
DA:8,2
DA:9,2
DA:10,2
DA:11,2
DA:12,2
DA:13,0
DA:14,0
DA:15,0
DA:16,0
DA:17,0
DA:18,0
DA:19,0
DA:20,2
DA:21,2
DA:22,2
DA:23,0
DA:24,0
DA:25,0
DA:26,0
DA:27,0
DA:28,0
DA:29,0
DA:30,0
DA:31,0
DA:32,0
DA:33,0
DA:34,0
DA:35,0
DA:36,0
DA:37,0
DA:38,0
DA:39,0
DA:40,0
DA:41,0
DA:42,0
DA:43,0
DA:44,0
DA:45,0
DA:46,0
DA:47,0
DA:48,0
DA:49,0
DA:50,0
DA:51,0
DA:52,0
DA:53,0
DA:54,0
DA:55,0
DA:56,0
DA:57,0
DA:58,0
DA:59,0
DA:60,0
DA:61,0
DA:62,0
DA:63,0
DA:64,0
DA:65,0
DA:66,0
DA:67,0
DA:68,0
DA:69,0
DA:70,0
DA:71,0
DA:72,0
DA:73,0
DA:74,0
DA:75,0
DA:76,0
DA:77,0
DA:78,0
DA:79,0
DA:80,0
DA:81,0
DA:82,0
DA:83,0
DA:84,0
DA:85,2
DA:86,0
DA:87,0
DA:88,0
DA:89,0
DA:90,0
DA:91,0
DA:92,0
DA:93,0
DA:94,0
DA:95,0
DA:96,0
DA:97,0
DA:98,0
DA:99,0
DA:100,0
DA:101,0
DA:102,0
DA:103,0
DA:104,0
DA:105,0
DA:106,0
DA:107,0
DA:108,0
DA:109,0
DA:110,0
DA:111,0
DA:112,0
DA:113,0
DA:114,0
DA:115,0
DA:116,0
DA:117,0
DA:118,0
DA:119,0
DA:120,0
DA:121,0
DA:122,0
DA:123,0
DA:124,0
DA:125,0
DA:126,0
DA:127,0
DA:128,0
DA:129,0
DA:130,0
DA:131,0
DA:132,0
DA:133,0
DA:134,0
DA:135,0
DA:136,0
DA:137,0
DA:138,0
DA:139,0
DA:140,2
DA:141,0
DA:142,0
DA:143,0
DA:144,0
DA:145,0
DA:146,0
DA:147,0
DA:148,0
DA:149,0
DA:150,0
DA:151,0
DA:152,0
DA:153,0
DA:154,0
DA:155,0
DA:156,0
DA:157,0
DA:158,0
DA:159,0
DA:160,0
DA:161,0
DA:162,0
DA:163,0
LF:163
LH:17
BRDA:1,0,0,2
BRDA:1,1,0,2
BRF:2
BRH:2
end_of_record
TN:
SF:node_modules/@babel/helper-validator-identifier/src/identifier.ts
FN:38,isInAstralSet
FN:52,isIdentifierStart
FN:67,isIdentifierChar
FN:85,isIdentifierName
FNF:4
FNH:0
FNDA:0,isInAstralSet
FNDA:0,isIdentifierStart
FNDA:0,isIdentifierChar
FNDA:0,isIdentifierName
DA:1,1
DA:2,1
DA:3,1
DA:4,1
DA:5,1
DA:6,1
DA:7,1
DA:8,1
DA:9,1
DA:10,1
DA:11,1
DA:12,1
DA:13,1
DA:14,1
DA:15,1
DA:16,1
DA:17,1
DA:18,1
DA:19,1
DA:20,1
DA:21,1
DA:22,1
DA:23,1
DA:24,1
DA:25,1
DA:26,1
DA:27,1
DA:28,1
DA:29,1
DA:30,1
DA:31,1
DA:32,1
DA:33,1
DA:34,1
DA:35,1
DA:36,1
DA:37,1
DA:38,0
DA:39,0
DA:40,0
DA:41,0
DA:42,0
DA:43,0
DA:44,0
DA:45,0
DA:46,0
DA:47,0
DA:48,0
DA:49,1
DA:50,1
DA:51,1
DA:52,1
DA:53,0
DA:54,0
DA:55,0
DA:56,0
DA:57,0
DA:58,0
DA:59,0
DA:60,0
DA:61,0
DA:62,0
DA:63,0
DA:64,1
DA:65,1
DA:66,1
DA:67,1
DA:68,0
DA:69,0
DA:70,0
DA:71,0
DA:72,0
DA:73,0
DA:74,0
DA:75,0
DA:76,0
DA:77,0
DA:78,0
DA:79,0
DA:80,0
DA:81,0
DA:82,1
DA:83,1
DA:84,1
DA:85,1
DA:86,0
DA:87,0
DA:88,0
DA:89,0
DA:90,0
DA:91,0
DA:92,0
DA:93,0
DA:94,0
DA:95,0
DA:96,0
DA:97,0
DA:98,0
DA:99,0
DA:100,0
DA:101,0
DA:102,0
DA:103,0
DA:104,0
DA:105,0
DA:106,0
DA:107,0
DA:108,0
DA:109,0
LF:109
LH:49
BRF:0
BRH:0
end_of_record
TN:
SF:node_modules/@babel/helper-validator-identifier/src/index.ts
FNF:0
FNH:0
DA:1,1
DA:2,1
DA:3,1
DA:4,1
DA:5,1
DA:6,1
DA:7,1
DA:8,1
DA:9,1
DA:10,1
DA:11,1
DA:12,1
LF:12
LH:12
BRF:0
BRH:0
end_of_record
TN:
SF:node_modules/@babel/helper-validator-identifier/src/keyword.ts
FN:59,isReservedWord
FN:68,isStrictReservedWord
FN:76,isStrictBindOnlyReservedWord
FN:85,isStrictBindReservedWord
FN:94,isKeyword
FNF:5
FNH:0
FNDA:0,isReservedWord
FNDA:0,isStrictReservedWord
FNDA:0,isStrictBindOnlyReservedWord
FNDA:0,isStrictBindReservedWord
FNDA:0,isKeyword
DA:1,1
DA:2,1
DA:3,1
DA:4,1
DA:5,1
DA:6,1
DA:7,1
DA:8,1
DA:9,1
DA:10,1
DA:11,1
DA:12,1
DA:13,1
DA:14,1
DA:15,1
DA:16,1
DA:17,1
DA:18,1
DA:19,1
DA:20,1
DA:21,1
DA:22,1
DA:23,1
DA:24,1
DA:25,1
DA:26,1
DA:27,1
DA:28,1
DA:29,1
DA:30,1
DA:31,1
DA:32,1
DA:33,1
DA:34,1
DA:35,1
DA:36,1
DA:37,1
DA:38,1
DA:39,1
DA:40,1
DA:41,1
DA:42,1
DA:43,1
DA:44,1
DA:45,1
DA:46,1
DA:47,1
DA:48,1
DA:49,1
DA:50,1
DA:51,1
DA:52,1
DA:53,1
DA:54,1
DA:55,1
DA:56,1
DA:57,1
DA:58,1
DA:59,1
DA:60,0
DA:61,0
DA:62,1
DA:63,1
DA:64,1
DA:65,1
DA:66,1
DA:67,1
DA:68,1
DA:69,0
DA:70,0
DA:71,1
DA:72,1
DA:73,1
DA:74,1
DA:75,1
DA:76,1
DA:77,0
DA:78,0
DA:79,1
DA:80,1
DA:81,1
DA:82,1
DA:83,1
DA:84,1
DA:85,1
DA:86,0
DA:87,0
DA:88,0
DA:89,0
DA:90,0
DA:91,0
DA:92,0
DA:93,1
DA:94,1
DA:95,0
DA:96,0
LF:96
LH:81
BRF:0
BRH:0
end_of_record
TN:
SF:node_modules/@babel/highlight/lib/index.js
FN:1,Object.<anonymous>
FN:18,getDefs
FN:38,getTokenType
FN:64,tokenize
FN:78,highlightTokens
FN:97,shouldHighlight
FN:101,getChalk
FN:108,highlight
FNF:8
FNH:1
FNDA:2,Object.<anonymous>
FNDA:0,getDefs
FNDA:0,getTokenType
FNDA:0,tokenize
FNDA:0,highlightTokens
FNDA:0,shouldHighlight
FNDA:0,getChalk
FNDA:0,highlight
DA:1,2
DA:2,2
DA:3,2
DA:4,2
DA:5,2
DA:6,2
DA:7,2
DA:8,2
DA:9,2
DA:10,2
DA:11,2
DA:12,2
DA:13,2
DA:14,2
DA:15,2
DA:16,2
DA:17,2
DA:18,0
DA:19,0
DA:20,0
DA:21,0
DA:22,0
DA:23,0
DA:24,0
DA:25,0
DA:26,0
DA:27,0
DA:28,0
DA:29,0
DA:30,0
DA:31,2
DA:32,2
DA:33,2
DA:34,2
DA:35,2
DA:36,2
DA:37,2
DA:38,2
DA:39,0
DA:40,0
DA:41,0
DA:42,0
DA:43,0
DA:44,0
DA:45,0
DA:46,0
DA:47,0
DA:48,0
DA:49,0
DA:50,0
DA:51,0
DA:52,0
DA:53,0
DA:54,0
DA:55,0
DA:56,0
DA:57,0
DA:58,0
DA:59,0
DA:60,0
DA:61,0
DA:62,2
DA:63,2
DA:64,2
DA:65,0
DA:66,0
DA:67,0
DA:68,0
DA:69,0
DA:70,0
DA:71,0
DA:72,0
DA:73,0
DA:74,0
DA:75,2
DA:76,2
DA:77,2
DA:78,0
DA:79,0
DA:80,0
DA:81,0
DA:82,0
DA:83,0
DA:84,0
DA:85,0
DA:86,0
DA:87,0
DA:88,0
DA:89,0
DA:90,0
DA:91,0
DA:92,0
DA:93,0
DA:94,0
DA:95,0
DA:96,2
DA:97,0
DA:98,0
DA:99,0
DA:100,2
DA:101,0
DA:102,0
DA:103,0
DA:104,0
DA:105,0
DA:106,0
DA:107,2
DA:108,0
DA:109,0
DA:110,0
DA:111,0
DA:112,0
DA:113,0
DA:114,0
DA:115,0
DA:116,0
LF:116
LH:34
BRDA:1,0,0,2
BRDA:1,1,0,2
BRF:2
BRH:2
end_of_record
TN:
SF:node_modules/@babel/runtime/helpers/interopRequireDefault.js
FN:1,Object.<anonymous>
FN:1,_interopRequireDefault
FNF:2
FNH:2
FNDA:1,Object.<anonymous>
FNDA:3,_interopRequireDefault
DA:1,3
DA:2,3
DA:3,2
DA:4,3
DA:5,3
DA:6,1
LF:6
LH:6
BRDA:1,0,0,1
BRDA:1,1,0,1
BRDA:1,2,0,3
BRDA:2,3,0,1
BRDA:2,4,0,2
BRF:5
BRH:5
end_of_record
TN:
SF:node_modules/@testing-library/dom/dist/DOMElementFilter.js
FN:1,Object.<anonymous>
FN:16,escapeHTML
FN:21,printProps
FN:43,printChildren
FN:54,printText
FN:59,printComment
FN:68,printElement
FN:73,printElementAsLeaf
FN:84,testNode
FN:94,test
FN:102,nodeIsText
FN:106,nodeIsComment
FN:110,nodeIsFragment
FN:114,createDOMElementFilter
FNF:14
FNH:1
FNDA:1,Object.<anonymous>
FNDA:0,escapeHTML
FNDA:0,printProps
FNDA:0,printChildren
FNDA:0,printText
FNDA:0,printComment
FNDA:0,printElement
FNDA:0,printElementAsLeaf
FNDA:0,testNode
FNDA:0,test
FNDA:0,nodeIsText
FNDA:0,nodeIsComment
FNDA:0,nodeIsFragment
FNDA:0,createDOMElementFilter
DA:1,1
DA:2,1
DA:3,1
DA:4,1
DA:5,1
DA:6,1
DA:7,1
DA:8,1
DA:9,1
DA:10,1
DA:11,1
DA:12,1
DA:13,1
DA:14,1
DA:15,1
DA:16,0
DA:17,0
DA:18,1
DA:19,1
DA:20,1
DA:21,1
DA:22,0
DA:23,0
DA:24,0
DA:25,0
DA:26,0
DA:27,0
DA:28,0
DA:29,0
DA:30,0
DA:31,0
DA:32,0
DA:33,0
DA:34,0
DA:35,0
DA:36,0
DA:37,0
DA:38,1
DA:39,1
DA:40,1
DA:41,1
DA:42,1
DA:43,1
DA:44,0
DA:45,0
DA:46,0
DA:47,0
DA:48,0
DA:49,0
DA:50,0
DA:51,0
DA:52,1
DA:53,1
DA:54,1
DA:55,0
DA:56,0
DA:57,1
DA:58,1
DA:59,1
DA:60,0
DA:61,0
DA:62,1
DA:63,1
DA:64,1
DA:65,1
DA:66,1
DA:67,1
DA:68,1
DA:69,0
DA:70,0
DA:71,1
DA:72,1
DA:73,1
DA:74,0
DA:75,0
DA:76,1
DA:77,1
DA:78,1
DA:79,1
DA:80,1
DA:81,1
DA:82,1
DA:83,1
DA:84,1
DA:85,0
DA:86,0
DA:87,0
DA:88,0
DA:89,0
DA:90,0
DA:91,0
DA:92,1
DA:93,1
DA:94,1
DA:95,0
DA:96,0
DA:97,0
DA:98,1
DA:99,1
DA:100,1
DA:101,1
DA:102,0
DA:103,0
DA:104,0
DA:105,1
DA:106,0
DA:107,0
DA:108,0
DA:109,1
DA:110,0
DA:111,0
DA:112,0
DA:113,1
DA:114,0
DA:115,0
DA:116,0
DA:117,0
DA:118,0
DA:119,0
DA:120,0
DA:121,0
DA:122,0
DA:123,0
DA:124,0
DA:125,0
DA:126,0
DA:127,0
DA:128,0
DA:129,0
DA:130,0
DA:131,0
DA:132,0
DA:133,0
DA:134,0
DA:135,0
DA:136,0
DA:137,0
DA:138,0
DA:139,0
DA:140,0
DA:141,0
DA:142,0
LF:142
LH:60
BRDA:1,0,0,1
BRDA:1,1,0,1
BRF:2
BRH:2
end_of_record
TN:
SF:node_modules/@testing-library/dom/dist/config.js
FN:1,Object.<anonymous>
FN:25,asyncWrapper
FN:26,unstable_advanceTimersWrapper
FN:27,eventWrapper
FN:38,getElementError
FN:49,runWithExpensiveErrorDiagnosticsDisabled
FN:58,configure
FN:71,getConfig
FNF:8
FNH:3
FNDA:1,Object.<anonymous>
FNDA:0,asyncWrapper
FNDA:0,unstable_advanceTimersWrapper
FNDA:0,eventWrapper
FNDA:0,getElementError
FNDA:0,runWithExpensiveErrorDiagnosticsDisabled
FNDA:1,configure
FNDA:2,getConfig
DA:1,1
DA:2,1
DA:3,1
DA:4,1
DA:5,1
DA:6,1
DA:7,1
DA:8,1
DA:9,1
DA:10,1
DA:11,1
DA:12,1
DA:13,1
DA:14,1
DA:15,1
DA:16,1
DA:17,1
DA:18,1
DA:19,1
DA:20,1
DA:21,1
DA:22,1
DA:23,1
DA:24,1
DA:25,1
DA:26,1
DA:27,1
DA:28,1
DA:29,1
DA:30,1
DA:31,1
DA:32,1
DA:33,1
DA:34,1
DA:35,1
DA:36,1
DA:37,1
DA:38,1
DA:39,0
DA:40,0
DA:41,0
DA:42,0
DA:43,1
DA:44,1
DA:45,1
DA:46,1
DA:47,1
DA:48,1
DA:49,0
DA:50,0
DA:51,0
DA:52,0
DA:53,0
DA:54,0
DA:55,0
DA:56,0
DA:57,1
DA:58,1
DA:59,1
DA:60,0
DA:61,0
DA:62,0
DA:63,1
DA:64,1
DA:65,1
DA:66,1
DA:67,1
DA:68,1
DA:69,1
DA:70,1
DA:71,2
DA:72,2
DA:73,2
LF:73
LH:58
BRDA:1,0,0,1
BRDA:1,1,0,1
BRDA:58,2,0,1
BRDA:59,3,0,0
BRDA:71,4,0,2
BRF:5
BRH:4
end_of_record
TN:
SF:node_modules/@testing-library/dom/dist/event-map.js
FN:1,Object.<anonymous>
FNF:1
FNH:1
FNDA:1,Object.<anonymous>
DA:1,1
DA:2,1
DA:3,1
DA:4,1
DA:5,1
DA:6,1
DA:7,1
DA:8,1
DA:9,1
DA:10,1
DA:11,1
DA:12,1
DA:13,1
DA:14,1
DA:15,1
DA:16,1
DA:17,1
DA:18,1
DA:19,1
DA:20,1
DA:21,1
DA:22,1
DA:23,1
DA:24,1
DA:25,1
DA:26,1
DA:27,1
DA:28,1
DA:29,1
DA:30,1
DA:31,1
DA:32,1
DA:33,1
DA:34,1
DA:35,1
DA:36,1
DA:37,1
DA:38,1
DA:39,1
DA:40,1
DA:41,1
DA:42,1
DA:43,1
DA:44,1
DA:45,1
DA:46,1
DA:47,1
DA:48,1
DA:49,1
DA:50,1
DA:51,1
DA:52,1
DA:53,1
DA:54,1
DA:55,1
DA:56,1
DA:57,1
DA:58,1
DA:59,1
DA:60,1
DA:61,1
DA:62,1
DA:63,1
DA:64,1
DA:65,1
DA:66,1
DA:67,1
DA:68,1
DA:69,1
DA:70,1
DA:71,1
DA:72,1
DA:73,1
DA:74,1
DA:75,1
DA:76,1
DA:77,1
DA:78,1
DA:79,1
DA:80,1
DA:81,1
DA:82,1
DA:83,1
DA:84,1
DA:85,1
DA:86,1
DA:87,1
DA:88,1
DA:89,1
DA:90,1
DA:91,1
DA:92,1
DA:93,1
DA:94,1
DA:95,1
DA:96,1
DA:97,1
DA:98,1
DA:99,1
DA:100,1
DA:101,1
DA:102,1
DA:103,1
DA:104,1
DA:105,1
DA:106,1
DA:107,1
DA:108,1
DA:109,1
DA:110,1
DA:111,1
DA:112,1
DA:113,1
DA:114,1
DA:115,1
DA:116,1
DA:117,1
DA:118,1
DA:119,1
DA:120,1
DA:121,1
DA:122,1
DA:123,1
DA:124,1
DA:125,1
DA:126,1
DA:127,1
DA:128,1
DA:129,1
DA:130,1
DA:131,1
DA:132,1
DA:133,1
DA:134,1
DA:135,1
DA:136,1
DA:137,1
DA:138,1
DA:139,1
DA:140,1
DA:141,1
DA:142,1
DA:143,1
DA:144,1
DA:145,1
DA:146,1
DA:147,1
DA:148,1
DA:149,1
DA:150,1
DA:151,1
DA:152,1
DA:153,1
DA:154,1
DA:155,1
DA:156,1
DA:157,1
DA:158,1
DA:159,1
DA:160,1
DA:161,1
DA:162,1
DA:163,1
DA:164,1
DA:165,1
DA:166,1
DA:167,1
DA:168,1
DA:169,1
DA:170,1
DA:171,1
DA:172,1
DA:173,1
DA:174,1
DA:175,1
DA:176,1
DA:177,1
DA:178,1
DA:179,1
DA:180,1
DA:181,1
DA:182,1
DA:183,1
DA:184,1
DA:185,1
DA:186,1
DA:187,1
DA:188,1
DA:189,1
DA:190,1
DA:191,1
DA:192,1
DA:193,1
DA:194,1
DA:195,1
DA:196,1
DA:197,1
DA:198,1
DA:199,1
DA:200,1
DA:201,1
DA:202,1
DA:203,1
DA:204,1
DA:205,1
DA:206,1
DA:207,1
DA:208,1
DA:209,1
DA:210,1
DA:211,1
DA:212,1
DA:213,1
DA:214,1
DA:215,1
DA:216,1
DA:217,1
DA:218,1
DA:219,1
DA:220,1
DA:221,1
DA:222,1
DA:223,1
DA:224,1
DA:225,1
DA:226,1
DA:227,1
DA:228,1
DA:229,1
DA:230,1
DA:231,1
DA:232,1
DA:233,1
DA:234,1
DA:235,1
DA:236,1
DA:237,1
DA:238,1
DA:239,1
DA:240,1
DA:241,1
DA:242,1
DA:243,1
DA:244,1
DA:245,1
DA:246,1
DA:247,1
DA:248,1
DA:249,1
DA:250,1
DA:251,1
DA:252,1
DA:253,1
DA:254,1
DA:255,1
DA:256,1
DA:257,1
DA:258,1
DA:259,1
DA:260,1
DA:261,1
DA:262,1
DA:263,1
DA:264,1
DA:265,1
DA:266,1
DA:267,1
DA:268,1
DA:269,1
DA:270,1
DA:271,1
DA:272,1
DA:273,1
DA:274,1
DA:275,1
DA:276,1
DA:277,1
DA:278,1
DA:279,1
DA:280,1
DA:281,1
DA:282,1
DA:283,1
DA:284,1
DA:285,1
DA:286,1
DA:287,1
DA:288,1
DA:289,1
DA:290,1
DA:291,1
DA:292,1
DA:293,1
DA:294,1
DA:295,1
DA:296,1
DA:297,1
DA:298,1
DA:299,1
DA:300,1
DA:301,1
DA:302,1
DA:303,1
DA:304,1
DA:305,1
DA:306,1
DA:307,1
DA:308,1
DA:309,1
DA:310,1
DA:311,1
DA:312,1
DA:313,1
DA:314,1
DA:315,1
DA:316,1
DA:317,1
DA:318,1
DA:319,1
DA:320,1
DA:321,1
DA:322,1
DA:323,1
DA:324,1
DA:325,1
DA:326,1
DA:327,1
DA:328,1
DA:329,1
DA:330,1
DA:331,1
DA:332,1
DA:333,1
DA:334,1
DA:335,1
DA:336,1
DA:337,1
DA:338,1
DA:339,1
DA:340,1
DA:341,1
DA:342,1
DA:343,1
DA:344,1
DA:345,1
DA:346,1
DA:347,1
DA:348,1
DA:349,1
DA:350,1
DA:351,1
DA:352,1
DA:353,1
DA:354,1
DA:355,1
DA:356,1
DA:357,1
DA:358,1
DA:359,1
DA:360,1
DA:361,1
DA:362,1
DA:363,1
DA:364,1
DA:365,1
DA:366,1
DA:367,1
DA:368,1
DA:369,1
DA:370,1
DA:371,1
DA:372,1
DA:373,1
DA:374,1
DA:375,1
DA:376,1
DA:377,1
DA:378,1
DA:379,1
DA:380,1
DA:381,1
DA:382,1
DA:383,1
DA:384,1
DA:385,1
DA:386,1
DA:387,1
DA:388,1
DA:389,1
DA:390,1
DA:391,1
DA:392,1
DA:393,1
DA:394,1
DA:395,1
DA:396,1
DA:397,1
DA:398,1
DA:399,1
DA:400,1
DA:401,1
DA:402,1
DA:403,1
DA:404,1
DA:405,1
DA:406,1
DA:407,1
DA:408,1
DA:409,1
DA:410,1
DA:411,1
DA:412,1
DA:413,1
DA:414,1
DA:415,1
DA:416,1
DA:417,1
DA:418,1
DA:419,1
DA:420,1
DA:421,1
DA:422,1
DA:423,1
DA:424,1
DA:425,1
DA:426,1
DA:427,1
DA:428,1
DA:429,1
DA:430,1
DA:431,1
DA:432,1
DA:433,1
DA:434,1
DA:435,1
DA:436,1
DA:437,1
DA:438,1
DA:439,1
DA:440,1
DA:441,1
DA:442,1
DA:443,1
DA:444,1
DA:445,1
DA:446,1
DA:447,1
DA:448,1
DA:449,1
DA:450,1
DA:451,1
DA:452,1
DA:453,1
DA:454,1
DA:455,1
DA:456,1
DA:457,1
DA:458,1
DA:459,1
DA:460,1
DA:461,1
DA:462,1
DA:463,1
DA:464,1
DA:465,1
DA:466,1
DA:467,1
DA:468,1
DA:469,1
DA:470,1
DA:471,1
DA:472,1
DA:473,1
DA:474,1
DA:475,1
DA:476,1
DA:477,1
DA:478,1
DA:479,1
DA:480,1
DA:481,1
DA:482,1
DA:483,1
DA:484,1
DA:485,1
DA:486,1
DA:487,1
DA:488,1
DA:489,1
DA:490,1
DA:491,1
DA:492,1
DA:493,1
DA:494,1
DA:495,1
DA:496,1
DA:497,1
DA:498,1
DA:499,1
DA:500,1
DA:501,1
DA:502,1
DA:503,1
DA:504,1
DA:505,1
DA:506,1
DA:507,1
DA:508,1
DA:509,1
DA:510,1
DA:511,1
DA:512,1
DA:513,1
DA:514,1
DA:515,1
DA:516,1
DA:517,1
DA:518,1
DA:519,1
DA:520,1
DA:521,1
DA:522,1
DA:523,1
DA:524,1
DA:525,1
DA:526,1
DA:527,1
DA:528,1
DA:529,1
DA:530,1
DA:531,1
DA:532,1
DA:533,1
DA:534,1
DA:535,1
DA:536,1
DA:537,1
DA:538,1
DA:539,1
DA:540,1
DA:541,1
DA:542,1
DA:543,1
DA:544,1
DA:545,1
DA:546,1
DA:547,1
DA:548,1
DA:549,1
DA:550,1
DA:551,1
DA:552,1
DA:553,1
DA:554,1
DA:555,1
DA:556,1
DA:557,1
DA:558,1
DA:559,1
DA:560,1
DA:561,1
DA:562,1
DA:563,1
DA:564,1
DA:565,1
DA:566,1
DA:567,1
DA:568,1
DA:569,1
DA:570,1
DA:571,1
DA:572,1
DA:573,1
DA:574,1
DA:575,1
DA:576,1
DA:577,1
DA:578,1
DA:579,1
DA:580,1
DA:581,1
DA:582,1
DA:583,1
DA:584,1
DA:585,1
DA:586,1
DA:587,1
DA:588,1
DA:589,1
DA:590,1
DA:591,1
DA:592,1
DA:593,1
DA:594,1
DA:595,1
DA:596,1
DA:597,1
DA:598,1
DA:599,1
DA:600,1
DA:601,1
DA:602,1
DA:603,1
DA:604,1
DA:605,1
DA:606,1
DA:607,1
DA:608,1
DA:609,1
DA:610,1
DA:611,1
DA:612,1
DA:613,1
DA:614,1
DA:615,1
DA:616,1
DA:617,1
DA:618,1
DA:619,1
DA:620,1
DA:621,1
DA:622,1
DA:623,1
DA:624,1
DA:625,1
DA:626,1
DA:627,1
DA:628,1
DA:629,1
DA:630,1
DA:631,1
DA:632,1
DA:633,1
DA:634,1
DA:635,1
DA:636,1
DA:637,1
DA:638,1
DA:639,1
DA:640,1
DA:641,1
DA:642,1
DA:643,1
DA:644,1
DA:645,1
DA:646,1
DA:647,1
DA:648,1
DA:649,1
DA:650,1
DA:651,1
DA:652,1
DA:653,1
DA:654,1
DA:655,1
DA:656,1
DA:657,1
DA:658,1
DA:659,1
DA:660,1
DA:661,1
DA:662,1
DA:663,1
DA:664,1
DA:665,1
DA:666,1
DA:667,1
DA:668,1
DA:669,1
DA:670,1
DA:671,1
DA:672,1
DA:673,1
DA:674,1
DA:675,1
DA:676,1
DA:677,1
DA:678,1
DA:679,1
DA:680,1
DA:681,1
DA:682,1
DA:683,1
DA:684,1
LF:684
LH:684
BRDA:1,0,0,1
BRDA:1,1,0,1
BRF:2
BRH:2
end_of_record
TN:
SF:node_modules/@testing-library/dom/dist/events.js
FN:1,Object.<anonymous>
FN:15,fireEvent
FN:29,createEvent
FN:120,createEvent.<computed>
FN:125,fireEvent.<computed>
FN:129,setNativeValue
FN:154,fireEvent.<computed>
FNF:7
FNH:1
FNDA:1,Object.<anonymous>
FNDA:0,fireEvent
FNDA:0,createEvent
FNDA:0,createEvent.<computed>
FNDA:0,fireEvent.<computed>
FNDA:0,setNativeValue
FNDA:0,fireEvent.<computed>
DA:1,1
DA:2,1
DA:3,1
DA:4,1
DA:5,1
DA:6,1
DA:7,1
DA:8,1
DA:9,1
DA:10,1
DA:11,1
DA:12,1
DA:13,1
DA:14,1
DA:15,0
DA:16,0
DA:17,0
DA:18,0
DA:19,0
DA:20,0
DA:21,0
DA:22,0
DA:23,0
DA:24,0
DA:25,0
DA:26,0
DA:27,0
DA:28,1
DA:29,0
DA:30,0
DA:31,0
DA:32,0
DA:33,0
DA:34,0
DA:35,0
DA:36,0
DA:37,0
DA:38,0
DA:39,0
DA:40,0
DA:41,0
DA:42,0
DA:43,0
DA:44,0
DA:45,0
DA:46,0
DA:47,0
DA:48,0
DA:49,0
DA:50,0
DA:51,0
DA:52,0
DA:53,0
DA:54,0
DA:55,0
DA:56,0
DA:57,0
DA:58,0
DA:59,0
DA:60,0
DA:61,0
DA:62,0
DA:63,0
DA:64,0
DA:65,0
DA:66,0
DA:67,0
DA:68,0
DA:69,0
DA:70,0
DA:71,0
DA:72,0
DA:73,0
DA:74,0
DA:75,0
DA:76,0
DA:77,0
DA:78,0
DA:79,0
DA:80,0
DA:81,0
DA:82,0
DA:83,0
DA:84,0
DA:85,0
DA:86,0
DA:87,0
DA:88,0
DA:89,0
DA:90,0
DA:91,0
DA:92,0
DA:93,0
DA:94,0
DA:95,0
DA:96,0
DA:97,0
DA:98,0
DA:99,0
DA:100,0
DA:101,0
DA:102,0
DA:103,0
DA:104,0
DA:105,0
DA:106,0
DA:107,0
DA:108,0
DA:109,0
DA:110,0
DA:111,0
DA:112,1
DA:113,1
DA:114,86
DA:115,86
DA:116,86
DA:117,86
DA:118,86
DA:119,86
DA:120,86
DA:121,0
DA:122,0
DA:123,86
DA:124,86
DA:125,86
DA:126,1
DA:127,1
DA:128,1
DA:129,0
DA:130,0
DA:131,0
DA:132,0
DA:133,0
DA:134,0
DA:135,0
DA:136,0
DA:137,0
DA:138,0
DA:139,0
DA:140,0
DA:141,0
DA:142,0
DA:143,0
DA:144,0
DA:145,0
DA:146,0
DA:147,0
DA:148,0
DA:149,0
DA:150,1
DA:151,1
DA:152,1
DA:153,1
DA:154,1
DA:155,1
DA:156,1
LF:156
LH:37
BRDA:1,0,0,1
BRDA:1,1,0,1
BRDA:113,2,0,86
BRDA:151,3,0,1
BRF:4
BRH:4
end_of_record
TN:
SF:node_modules/@testing-library/dom/dist/get-node-text.js
FN:1,Object.<anonymous>
FN:10,getNodeText
FNF:2
FNH:2
FNDA:1,Object.<anonymous>
FNDA:3,getNodeText
DA:1,1
DA:2,1
DA:3,1
DA:4,1
DA:5,1
DA:6,1
DA:7,1
DA:8,1
DA:9,1
DA:10,3
DA:11,3
DA:12,0
DA:13,0
DA:14,3
DA:15,3
DA:16,3
LF:16
LH:14
BRDA:1,0,0,1
BRDA:1,1,0,1
BRDA:10,2,0,3
BRDA:11,3,0,0
BRDA:15,4,0,3
BRDA:15,5,0,1
BRDA:15,6,0,1
BRF:7
BRH:6
end_of_record
TN:
SF:node_modules/@testing-library/dom/dist/get-queries-for-element.js
FN:1,Object.<anonymous>
FN:10,_getRequireWildcardCache
FN:12,_interopRequireWildcard
FN:24,getQueriesForElement
FNF:4
FNH:3
FNDA:1,Object.<anonymous>
FNDA:0,_getRequireWildcardCache
FNDA:1,_interopRequireWildcard
FNDA:2,getQueriesForElement
DA:1,1
DA:2,1
DA:3,1
DA:4,1
DA:5,1
DA:6,1
DA:7,1
DA:8,1
DA:9,1
DA:10,0
DA:11,1
DA:12,1
DA:13,1
DA:14,1
DA:15,1
DA:16,1
DA:17,1
DA:18,1
DA:19,1
DA:20,1
DA:21,1
DA:22,1
DA:23,1
DA:24,2
DA:25,2
DA:26,96
DA:27,96
DA:28,96
DA:29,2
DA:30,2
LF:30
LH:29
BRDA:1,0,0,1
BRDA:1,1,0,1
BRDA:12,2,0,1
BRDA:12,3,0,0
BRDA:12,4,0,0
BRDA:12,5,0,0
BRDA:12,6,0,0
BRDA:24,7,0,2
BRDA:25,8,0,96
BRF:9
BRH:5
end_of_record
TN:
SF:node_modules/@testing-library/dom/dist/get-user-code-frame.js
FN:1,Object.<anonymous>
FN:21,getCodeFrame
FN:47,getUserCodeFrame
FNF:3
FNH:1
FNDA:1,Object.<anonymous>
FNDA:0,getCodeFrame
FNDA:0,getUserCodeFrame
DA:1,1
DA:2,1
DA:3,1
DA:4,1
DA:5,1
DA:6,1
DA:7,1
DA:8,1
DA:9,1
DA:10,1
DA:11,1
DA:12,1
DA:13,1
DA:14,1
DA:15,1
DA:16,1
DA:17,1
DA:18,1
DA:19,1
DA:20,1
DA:21,0
DA:22,0
DA:23,0
DA:24,0
DA:25,0
DA:26,0
DA:27,0
DA:28,0
DA:29,0
DA:30,0
DA:31,0
DA:32,0
DA:33,0
DA:34,0
DA:35,0
DA:36,0
DA:37,0
DA:38,0
DA:39,0
DA:40,0
DA:41,0
DA:42,0
DA:43,0
DA:44,0
DA:45,0
DA:46,1
DA:47,0
DA:48,0
DA:49,0
DA:50,0
DA:51,0
DA:52,0
DA:53,0
DA:54,0
DA:55,0
DA:56,0
DA:57,0
DA:58,0
DA:59,0
DA:60,0
LF:60
LH:21
BRDA:1,0,0,1
BRDA:1,1,0,1
BRDA:17,2,0,0
BRF:3
BRH:2
end_of_record
TN:
SF:node_modules/@testing-library/dom/dist/helpers.js
FN:1,Object.<anonymous>
FN:16,jestFakeTimersAreEnabled
FN:30,getDocument
FN:39,getWindowFromNode
FN:63,checkContainerType
FN:68,getTypeName
FNF:6
FNH:2
FNDA:1,Object.<anonymous>
FNDA:0,jestFakeTimersAreEnabled
FNDA:0,getDocument
FNDA:0,getWindowFromNode
FNDA:1,checkContainerType
FNDA:0,getTypeName
DA:1,1
DA:2,1
DA:3,1
DA:4,1
DA:5,1
DA:6,1
DA:7,1
DA:8,1
DA:9,1
DA:10,1
DA:11,1
DA:12,1
DA:13,1
DA:14,1
DA:15,1
DA:16,0
DA:17,0
DA:18,0
DA:19,0
DA:20,0
DA:21,0
DA:22,0
DA:23,0
DA:24,0
DA:25,0
DA:26,0
DA:27,0
DA:28,0
DA:29,1
DA:30,0
DA:31,0
DA:32,0
DA:33,0
DA:34,0
DA:35,0
DA:36,0
DA:37,0
DA:38,1
DA:39,0
DA:40,0
DA:41,0
DA:42,0
DA:43,0
DA:44,0
DA:45,0
DA:46,0
DA:47,0
DA:48,0
DA:49,0
DA:50,0
DA:51,0
DA:52,0
DA:53,0
DA:54,0
DA:55,0
DA:56,0
DA:57,0
DA:58,0
DA:59,0
DA:60,0
DA:61,0
DA:62,1
DA:63,1
DA:64,1
DA:65,0
DA:66,0
DA:67,1
DA:68,1
DA:69,0
DA:70,0
DA:71,0
DA:72,0
DA:73,0
DA:74,0
DA:75,1
LF:75
LH:23
BRDA:1,0,0,1
BRDA:1,1,0,1
BRDA:63,2,0,1
BRDA:64,3,0,0
BRF:4
BRH:3
end_of_record
TN:
SF:node_modules/@testing-library/dom/dist/index.js
FN:1,Object.<anonymous>
FN:19,get
FN:25,get
FN:31,get
FN:37,get
FN:43,get
FN:49,get
FN:56,get
FN:69,get
FN:84,get
FN:99,get
FN:113,get
FN:127,get
FN:143,get
FN:157,get
FN:171,get
FN:187,get
FN:203,get
FN:209,_getRequireWildcardCache
FN:211,_interopRequireWildcard
FNF:20
FNH:6
FNDA:1,Object.<anonymous>
FNDA:1,get
FNDA:0,get
FNDA:0,get
FNDA:0,get
FNDA:0,get
FNDA:0,get
FNDA:0,get
FNDA:1,get
FNDA:0,get
FNDA:0,get
FNDA:0,get
FNDA:0,get
FNDA:0,get
FNDA:1,get
FNDA:1,get
FNDA:0,get
FNDA:0,get
FNDA:0,_getRequireWildcardCache
FNDA:2,_interopRequireWildcard
DA:1,1
DA:2,1
DA:3,1
DA:4,1
DA:5,1
DA:6,1
DA:7,1
DA:8,1
DA:9,1
DA:10,1
DA:11,1
DA:12,1
DA:13,1
DA:14,1
DA:15,1
DA:16,1
DA:17,1
DA:18,1
DA:19,1
DA:20,1
DA:21,1
DA:22,1
DA:23,1
DA:24,1
DA:25,1
DA:26,0
DA:27,0
DA:28,1
DA:29,1
DA:30,1
DA:31,1
DA:32,0
DA:33,0
DA:34,1
DA:35,1
DA:36,1
DA:37,1
DA:38,0
DA:39,0
DA:40,1
DA:41,1
DA:42,1
DA:43,1
DA:44,0
DA:45,0
DA:46,1
DA:47,1
DA:48,1
DA:49,1
DA:50,0
DA:51,0
DA:52,1
DA:53,1
DA:54,1
DA:55,1
DA:56,1
DA:57,0
DA:58,0
DA:59,1
DA:60,1
DA:61,1
DA:62,1
DA:63,1
DA:64,1
DA:65,1
DA:66,1
DA:67,1
DA:68,1
DA:69,1
DA:70,1
DA:71,1
DA:72,1
DA:73,1
DA:74,1
DA:75,1
DA:76,1
DA:77,1
DA:78,1
DA:79,48
DA:80,48
DA:81,48
DA:82,48
DA:83,48
DA:84,48
DA:85,0
DA:86,0
DA:87,48
DA:88,1
DA:89,1
DA:90,1
DA:91,1
DA:92,1
DA:93,1
DA:94,10
DA:95,10
DA:96,10
DA:97,10
DA:98,10
DA:99,10
DA:100,0
DA:101,0
DA:102,10
DA:103,1
DA:104,1
DA:105,1
DA:106,1
DA:107,1
DA:108,1
DA:109,1
DA:110,1
DA:111,1
DA:112,1
DA:113,1
DA:114,0
DA:115,0
DA:116,1
DA:117,1
DA:118,1
DA:119,1
DA:120,1
DA:121,1
DA:122,1
DA:123,1
DA:124,1
DA:125,1
DA:126,1
DA:127,1
DA:128,0
DA:129,0
DA:130,1
DA:131,1
DA:132,1
DA:133,1
DA:134,1
DA:135,1
DA:136,1
DA:137,1
DA:138,1
DA:139,1
DA:140,1
DA:141,1
DA:142,1
DA:143,1
DA:144,0
DA:145,0
DA:146,1
DA:147,1
DA:148,1
DA:149,1
DA:150,1
DA:151,1
DA:152,2
DA:153,2
DA:154,2
DA:155,2
DA:156,2
DA:157,2
DA:158,1
DA:159,1
DA:160,2
DA:161,1
DA:162,1
DA:163,1
DA:164,1
DA:165,1
DA:166,1
DA:167,1
DA:168,1
DA:169,1
DA:170,1
DA:171,1
DA:172,1
DA:173,1
DA:174,1
DA:175,1
DA:176,1
DA:177,1
DA:178,1
DA:179,1
DA:180,1
DA:181,1
DA:182,3
DA:183,3
DA:184,3
DA:185,3
DA:186,3
DA:187,3
DA:188,0
DA:189,0
DA:190,3
DA:191,1
DA:192,1
DA:193,1
DA:194,1
DA:195,1
DA:196,1
DA:197,1
DA:198,1
DA:199,1
DA:200,1
DA:201,1
DA:202,1
DA:203,1
DA:204,0
DA:205,0
DA:206,1
DA:207,1
DA:208,1
DA:209,0
DA:210,1
DA:211,2
LF:211
LH:184
BRDA:1,0,0,1
BRDA:1,1,0,1
BRDA:19,2,0,1
BRDA:63,3,0,1
BRDA:64,4,0,0
BRDA:65,5,0,0
BRDA:66,6,0,0
BRDA:66,7,0,0
BRDA:69,8,0,1
BRDA:78,9,0,48
BRDA:79,10,0,0
BRDA:80,11,0,0
BRDA:81,12,0,0
BRDA:81,13,0,0
BRDA:93,14,0,10
BRDA:94,15,0,0
BRDA:95,16,0,0
BRDA:96,17,0,0
BRDA:96,18,0,0
BRDA:107,19,0,1
BRDA:108,20,0,0
BRDA:109,21,0,0
BRDA:110,22,0,0
BRDA:110,23,0,0
BRDA:121,24,0,1
BRDA:122,25,0,0
BRDA:123,26,0,0
BRDA:124,27,0,0
BRDA:124,28,0,0
BRDA:137,29,0,1
BRDA:138,30,0,0
BRDA:139,31,0,0
BRDA:140,32,0,0
BRDA:140,33,0,0
BRDA:151,34,0,2
BRDA:152,35,0,0
BRDA:153,36,0,0
BRDA:154,37,0,0
BRDA:154,38,0,0
BRDA:157,39,0,1
BRDA:165,40,0,1
BRDA:166,41,0,0
BRDA:167,42,0,0
BRDA:168,43,0,0
BRDA:168,44,0,0
BRDA:171,45,0,1
BRDA:181,46,0,3
BRDA:182,47,0,0
BRDA:183,48,0,0
BRDA:184,49,0,0
BRDA:184,50,0,0
BRDA:197,51,0,1
BRDA:198,52,0,0
BRDA:199,53,0,0
BRDA:200,54,0,0
BRDA:200,55,0,0
BRDA:211,56,0,2
BRDA:211,57,0,0
BRDA:211,58,0,0
BRDA:211,59,0,0
BRDA:211,60,0,0
BRF:61
BRH:17
end_of_record
TN:
SF:node_modules/@testing-library/dom/dist/label-helpers.js
FN:1,Object.<anonymous>
FN:14,getTextContent
FN:23,getLabelContent
FN:36,getRealLabels
FN:49,isLabelable
FN:53,getLabels
FNF:6
FNH:1
FNDA:1,Object.<anonymous>
FNDA:0,getTextContent
FNDA:0,getLabelContent
FNDA:0,getRealLabels
FNDA:0,isLabelable
FNDA:0,getLabels
DA:1,1
DA:2,1
DA:3,1
DA:4,1
DA:5,1
DA:6,1
DA:7,1
DA:8,1
DA:9,1
DA:10,1
DA:11,1
DA:12,1
DA:13,1
DA:14,0
DA:15,0
DA:16,0
DA:17,0
DA:18,0
DA:19,0
DA:20,0
DA:21,0
DA:22,1
DA:23,0
DA:24,0
DA:25,0
DA:26,0
DA:27,0
DA:28,0
DA:29,0
DA:30,0
DA:31,0
DA:32,0
DA:33,1
DA:34,1
DA:35,1
DA:36,0
DA:37,0
DA:38,0
DA:39,0
DA:40,0
DA:41,0
DA:42,0
DA:43,0
DA:44,0
DA:45,0
DA:46,0
DA:47,0
DA:48,1
DA:49,0
DA:50,0
DA:51,0
DA:52,1
DA:53,0
DA:54,0
DA:55,0
DA:56,0
DA:57,0
DA:58,0
DA:59,0
DA:60,0
DA:61,0
DA:62,0
DA:63,0
DA:64,0
DA:65,0
DA:66,0
DA:67,0
DA:68,0
DA:69,0
DA:70,0
DA:71,0
DA:72,0
DA:73,0
DA:74,0
DA:75,0
DA:76,0
LF:76
LH:19
BRDA:1,0,0,1
BRDA:1,1,0,1
BRF:2
BRH:2
end_of_record
TN:
SF:node_modules/@testing-library/dom/dist/matches.js
FN:1,Object.<anonymous>
FN:11,assertNotNullOrUndefined
FN:18,fuzzyMatches
FN:35,matches
FN:52,getDefaultNormalizer
FN:74,makeNormalizer
FN:95,matchRegExp
FNF:7
FNH:5
FNDA:1,Object.<anonymous>
FNDA:3,assertNotNullOrUndefined
FNDA:0,fuzzyMatches
FNDA:3,matches
FNDA:2,getDefaultNormalizer
FNDA:1,makeNormalizer
FNDA:0,matchRegExp
DA:1,1
DA:2,1
DA:3,1
DA:4,1
DA:5,1
DA:6,1
DA:7,1
DA:8,1
DA:9,1
DA:10,1
DA:11,3
DA:12,3
DA:13,0
DA:14,0
DA:15,0
DA:16,3
DA:17,1
DA:18,0
DA:19,0
DA:20,0
DA:21,0
DA:22,0
DA:23,0
DA:24,0
DA:25,0
DA:26,0
DA:27,0
DA:28,0
DA:29,0
DA:30,0
DA:31,0
DA:32,0
DA:33,0
DA:34,1
DA:35,3
DA:36,3
DA:37,0
DA:38,0
DA:39,3
DA:40,3
DA:41,3
DA:42,3
DA:43,3
DA:44,0
DA:45,3
DA:46,0
DA:47,3
DA:48,3
DA:49,3
DA:50,3
DA:51,1
DA:52,2
DA:53,2
DA:54,2
DA:55,2
DA:56,2
DA:57,3
DA:58,3
DA:59,3
DA:60,3
DA:61,2
DA:62,2
DA:63,1
DA:64,1
DA:65,1
DA:66,1
DA:67,1
DA:68,1
DA:69,1
DA:70,1
DA:71,1
DA:72,1
DA:73,1
DA:74,1
DA:75,1
DA:76,1
DA:77,1
DA:78,1
DA:79,1
DA:80,1
DA:81,1
DA:82,1
DA:83,1
DA:84,1
DA:85,1
DA:86,0
DA:87,1
DA:88,0
DA:89,0
DA:90,0
DA:91,0
DA:92,0
DA:93,1
DA:94,1
DA:95,0
DA:96,0
DA:97,0
DA:98,0
DA:99,0
DA:100,0
DA:101,0
DA:102,0
DA:103,0
DA:104,0
LF:104
LH:65
BRDA:1,0,0,1
BRDA:1,1,0,1
BRDA:11,2,0,3
BRDA:12,3,0,0
BRDA:35,4,0,3
BRDA:36,5,0,0
BRDA:43,6,0,0
BRDA:45,7,0,0
BRDA:52,8,0,2
BRDA:56,9,0,3
BRDA:58,10,0,0
BRDA:59,11,0,0
BRDA:74,12,0,1
BRDA:86,13,0,0
BRDA:87,14,0,0
BRF:15
BRH:7
end_of_record
TN:
SF:node_modules/@testing-library/dom/dist/pretty-dom.js
FN:1,Object.<anonymous>
FN:24,_getRequireWildcardCache
FN:26,_interopRequireWildcard
FN:28,shouldHighlight
FN:55,filterCommentsAndDefaultIgnoreTagsTags
FN:59,prettyDOM
FN:102,logDOM
FNF:7
FNH:2
FNDA:1,Object.<anonymous>
FNDA:0,_getRequireWildcardCache
FNDA:1,_interopRequireWildcard
FNDA:0,shouldHighlight
FNDA:0,filterCommentsAndDefaultIgnoreTagsTags
FNDA:0,prettyDOM
FNDA:0,logDOM
DA:1,1
DA:2,1
DA:3,1
DA:4,1
DA:5,1
DA:6,1
DA:7,1
DA:8,1
DA:9,1
DA:10,1
DA:11,1
DA:12,1
DA:13,1
DA:14,1
DA:15,1
DA:16,1
DA:17,1
DA:18,1
DA:19,1
DA:20,1
DA:21,1
DA:22,1
DA:23,1
DA:24,0
DA:25,1
DA:26,1
DA:27,1
DA:28,1
DA:29,0
DA:30,0
DA:31,0
DA:32,0
DA:33,0
DA:34,0
DA:35,0
DA:36,0
DA:37,0
DA:38,0
DA:39,0
DA:40,0
DA:41,0
DA:42,0
DA:43,0
DA:44,0
DA:45,0
DA:46,1
DA:47,1
DA:48,1
DA:49,1
DA:50,1
DA:51,1
DA:52,1
DA:53,1
DA:54,1
DA:55,0
DA:56,0
DA:57,0
DA:58,1
DA:59,0
DA:60,0
DA:61,0
DA:62,0
DA:63,0
DA:64,0
DA:65,0
DA:66,0
DA:67,0
DA:68,0
DA:69,0
DA:70,0
DA:71,0
DA:72,0
DA:73,0
DA:74,0
DA:75,0
DA:76,0
DA:77,0
DA:78,0
DA:79,0
DA:80,0
DA:81,0
DA:82,0
DA:83,0
DA:84,0
DA:85,0
DA:86,0
DA:87,0
DA:88,0
DA:89,0
DA:90,0
DA:91,0
DA:92,0
DA:93,0
DA:94,0
DA:95,0
DA:96,0
DA:97,0
DA:98,0
DA:99,0
DA:100,0
DA:101,1
DA:102,1
DA:103,0
DA:104,0
DA:105,0
DA:106,0
DA:107,0
DA:108,0
DA:109,0
DA:110,1
DA:111,1
DA:112,1
LF:112
LH:42
BRDA:1,0,0,1
BRDA:1,1,0,1
BRDA:26,2,0,1
BRDA:26,3,0,0
BRDA:26,4,0,0
BRDA:26,5,0,0
BRDA:26,6,0,0
BRF:7
BRH:3
end_of_record
TN:
SF:node_modules/@testing-library/dom/dist/query-helpers.js
FN:1,Object.<anonymous>
FN:24,getElementError
FN:28,getMultipleElementsFoundError
FN:32,queryAllByAttribute
FN:47,queryByAttribute
FN:60,makeSingleQuery
FN:77,getSuggestionError
FN:85,makeGetAllQuery
FN:99,makeFindQuery
FN:110,wrapSingleQueryWithSuggestion
FN:129,wrapAllByQueryWithSuggestion
FN:159,buildQueries
FNF:12
FNH:7
FNDA:1,Object.<anonymous>
FNDA:0,getElementError
FNDA:0,getMultipleElementsFoundError
FNDA:0,queryAllByAttribute
FNDA:0,queryByAttribute
FNDA:16,makeSingleQuery
FNDA:0,getSuggestionError
FNDA:7,makeGetAllQuery
FNDA:16,makeFindQuery
FNDA:24,wrapSingleQueryWithSuggestion
FNDA:24,wrapAllByQueryWithSuggestion
FNDA:7,buildQueries
DA:1,1
DA:2,1
DA:3,1
DA:4,1
DA:5,1
DA:6,1
DA:7,1
DA:8,1
DA:9,1
DA:10,1
DA:11,1
DA:12,1
DA:13,1
DA:14,1
DA:15,1
DA:16,1
DA:17,1
DA:18,1
DA:19,1
DA:20,1
DA:21,1
DA:22,1
DA:23,1
DA:24,0
DA:25,0
DA:26,0
DA:27,1
DA:28,0
DA:29,0
DA:30,0
DA:31,1
DA:32,0
DA:33,0
DA:34,0
DA:35,0
DA:36,0
DA:37,0
DA:38,0
DA:39,0
DA:40,0
DA:41,0
DA:42,0
DA:43,0
DA:44,0
DA:45,0
DA:46,1
DA:47,0
DA:48,0
DA:49,0
DA:50,0
DA:51,0
DA:52,0
DA:53,0
DA:54,0
DA:55,1
DA:56,1
DA:57,1
DA:58,1
DA:59,1
DA:60,16
DA:61,16
DA:62,0
DA:63,0
DA:64,0
DA:65,0
DA:66,0
DA:67,0
DA:68,0
DA:69,0
DA:70,0
DA:71,0
DA:72,0
DA:73,0
DA:74,16
DA:75,16
DA:76,1
DA:77,0
DA:78,0
DA:79,0
DA:80,0
DA:81,1
DA:82,1
DA:83,1
DA:84,1
DA:85,7
DA:86,7
DA:87,1
DA:88,1
DA:89,1
DA:90,0
DA:91,0
DA:92,1
DA:93,1
DA:94,7
DA:95,1
DA:96,1
DA:97,1
DA:98,1
DA:99,16
DA:100,16
DA:101,0
DA:102,0
DA:103,0
DA:104,0
DA:105,0
DA:106,0
DA:107,16
DA:108,16
DA:109,1
DA:110,1
DA:111,0
DA:112,0
DA:113,0
DA:114,0
DA:115,0
DA:116,0
DA:117,0
DA:118,0
DA:119,0
DA:120,0
DA:121,0
DA:122,0
DA:123,0
DA:124,0
DA:125,1
DA:126,1
DA:127,1
DA:128,1
DA:129,1
DA:130,1
DA:131,1
DA:132,1
DA:133,1
DA:134,1
DA:135,1
DA:136,0
DA:137,0
DA:138,0
DA:139,0
DA:140,0
DA:141,0
DA:142,0
DA:143,0
DA:144,0
DA:145,0
DA:146,0
DA:147,0
DA:148,0
DA:149,0
DA:150,1
DA:151,1
DA:152,1
DA:153,1
DA:154,1
DA:155,1
DA:156,1
DA:157,1
DA:158,1
DA:159,7
DA:160,7
DA:161,7
DA:162,7
DA:163,7
DA:164,7
DA:165,7
DA:166,7
DA:167,7
DA:168,7
LF:168
LH:88
BRDA:1,0,0,1
BRDA:1,1,0,1
BRDA:60,2,0,16
BRDA:85,3,0,7
BRDA:86,4,0,1
BRDA:89,5,0,0
BRDA:99,6,0,16
BRDA:110,7,0,24
BRDA:129,8,0,24
BRDA:129,9,0,1
BRDA:135,10,0,0
BRDA:159,11,0,7
BRF:12
BRH:10
end_of_record
TN:
SF:node_modules/@testing-library/dom/dist/role-helpers.js
FN:1,Object.<anonymous>
FN:33,isSubtreeInaccessible
FN:66,isInaccessible
FN:89,getImplicitAriaRoles
FN:104,buildElementRoleList
FN:105,makeElementSelector
FN:126,getSelectorSpecificity
FN:132,bySelectorSpecificity
FN:140,match
FN:178,getRoles
FN:204,prettyRoles
FN:233,logRoles
FN:246,computeAriaSelected
FN:262,computeAriaChecked
FN:283,computeAriaPressed
FN:293,computeAriaCurrent
FN:305,computeAriaExpanded
FN:310,checkBooleanAttribute
FN:329,computeHeadingLevel
FNF:19
FNH:6
FNDA:1,Object.<anonymous>
FNDA:0,isSubtreeInaccessible
FNDA:0,isInaccessible
FNDA:0,getImplicitAriaRoles
FNDA:1,buildElementRoleList
FNDA:88,makeElementSelector
FNDA:88,getSelectorSpecificity
FNDA:397,bySelectorSpecificity
FNDA:88,match
FNDA:0,getRoles
FNDA:0,prettyRoles
FNDA:0,logRoles
FNDA:0,computeAriaSelected
FNDA:0,computeAriaChecked
FNDA:0,computeAriaPressed
FNDA:0,computeAriaCurrent
FNDA:0,computeAriaExpanded
FNDA:0,checkBooleanAttribute
FNDA:0,computeHeadingLevel
DA:1,1
DA:2,1
DA:3,1
DA:4,1
DA:5,1
DA:6,1
DA:7,1
DA:8,1
DA:9,1
DA:10,1
DA:11,1
DA:12,1
DA:13,1
DA:14,1
DA:15,1
DA:16,1
DA:17,1
DA:18,1
DA:19,1
DA:20,1
DA:21,1
DA:22,1
DA:23,1
DA:24,1
DA:25,1
DA:26,1
DA:27,1
DA:28,1
DA:29,1
DA:30,1
DA:31,1
DA:32,1
DA:33,0
DA:34,0
DA:35,0
DA:36,0
DA:37,0
DA:38,0
DA:39,0
DA:40,0
DA:41,0
DA:42,0
DA:43,0
DA:44,0
DA:45,0
DA:46,0
DA:47,0
DA:48,0
DA:49,0
DA:50,1
DA:51,1
DA:52,1
DA:53,1
DA:54,1
DA:55,1
DA:56,1
DA:57,1
DA:58,1
DA:59,1
DA:60,1
DA:61,1
DA:62,1
DA:63,1
DA:64,1
DA:65,1
DA:66,0
DA:67,0
DA:68,0
DA:69,0
DA:70,0
DA:71,0
DA:72,0
DA:73,0
DA:74,0
DA:75,0
DA:76,0
DA:77,0
DA:78,0
DA:79,0
DA:80,0
DA:81,0
DA:82,0
DA:83,0
DA:84,0
DA:85,0
DA:86,0
DA:87,0
DA:88,1
DA:89,0
DA:90,0
DA:91,0
DA:92,0
DA:93,0
DA:94,0
DA:95,0
DA:96,0
DA:97,0
DA:98,0
DA:99,0
DA:100,0
DA:101,0
DA:102,0
DA:103,1
DA:104,1
DA:105,1
DA:106,88
DA:107,88
DA:108,88
DA:109,88
DA:110,56
DA:111,56
DA:112,56
DA:113,56
DA:114,56
DA:115,56
DA:116,56
DA:117,11
DA:118,56
DA:119,25
DA:120,45
DA:121,20
DA:122,20
DA:123,88
DA:124,88
DA:125,1
DA:126,1
DA:127,88
DA:128,88
DA:129,88
DA:130,88
DA:131,1
DA:132,1
DA:133,397
DA:134,397
DA:135,397
DA:136,397
DA:137,397
DA:138,397
DA:139,1
DA:140,1
DA:141,88
DA:142,88
DA:143,88
DA:144,88
DA:145,88
DA:146,88
DA:147,88
DA:148,2
DA:149,2
DA:150,2
DA:151,88
DA:152,88
DA:153,88
DA:154,88
DA:155,88
DA:156,0
DA:157,0
DA:158,0
DA:159,0
DA:160,0
DA:161,88
DA:162,88
DA:163,1
DA:164,1
DA:165,1
DA:166,1
DA:167,1
DA:168,88
DA:169,88
DA:170,88
DA:171,88
DA:172,88
DA:173,88
DA:174,1
DA:175,1
DA:176,1
DA:177,1
DA:178,0
DA:179,0
DA:180,0
DA:181,0
DA:182,0
DA:183,0
DA:184,0
DA:185,0
DA:186,0
DA:187,0
DA:188,0
DA:189,0
DA:190,0
DA:191,0
DA:192,0
DA:193,0
DA:194,0
DA:195,0
DA:196,0
DA:197,0
DA:198,0
DA:199,0
DA:200,0
DA:201,0
DA:202,0
DA:203,1
DA:204,0
DA:205,0
DA:206,0
DA:207,0
DA:208,0
DA:209,0
DA:210,0
DA:211,0
DA:212,0
DA:213,0
DA:214,0
DA:215,0
DA:216,0
DA:217,0
DA:218,0
DA:219,0
DA:220,0
DA:221,0
DA:222,0
DA:223,0
DA:224,0
DA:225,0
DA:226,0
DA:227,0
DA:228,0
DA:229,0
DA:230,0
DA:231,0
DA:232,1
DA:233,1
DA:234,0
DA:235,0
DA:236,0
DA:237,1
DA:238,1
DA:239,1
DA:240,1
DA:241,1
DA:242,1
DA:243,1
DA:244,1
DA:245,1
DA:246,0
DA:247,0
DA:248,0
DA:249,0
DA:250,0
DA:251,0
DA:252,0
DA:253,0
DA:254,0
DA:255,0
DA:256,1
DA:257,1
DA:258,1
DA:259,1
DA:260,1
DA:261,1
DA:262,0
DA:263,0
DA:264,0
DA:265,0
DA:266,0
DA:267,0
DA:268,0
DA:269,0
DA:270,0
DA:271,0
DA:272,0
DA:273,0
DA:274,0
DA:275,0
DA:276,0
DA:277,1
DA:278,1
DA:279,1
DA:280,1
DA:281,1
DA:282,1
DA:283,0
DA:284,0
DA:285,0
DA:286,0
DA:287,1
DA:288,1
DA:289,1
DA:290,1
DA:291,1
DA:292,1
DA:293,0
DA:294,0
DA:295,0
DA:296,0
DA:297,0
DA:298,0
DA:299,1
DA:300,1
DA:301,1
DA:302,1
DA:303,1
DA:304,1
DA:305,0
DA:306,0
DA:307,0
DA:308,0
DA:309,1
DA:310,0
DA:311,0
DA:312,0
DA:313,0
DA:314,0
DA:315,0
DA:316,0
DA:317,0
DA:318,0
DA:319,0
DA:320,0
DA:321,0
DA:322,0
DA:323,1
DA:324,1
DA:325,1
DA:326,1
DA:327,1
DA:328,1
DA:329,0
DA:330,0
DA:331,0
DA:332,0
DA:333,0
DA:334,0
DA:335,0
DA:336,0
DA:337,0
DA:338,0
DA:339,0
DA:340,0
DA:341,0
DA:342,0
DA:343,0
DA:344,0
LF:344
LH:162
BRDA:1,0,0,1
BRDA:1,1,0,1
BRDA:104,2,0,1
BRDA:167,3,0,88
BRDA:105,4,0,88
BRDA:109,5,0,56
BRDA:116,6,0,11
BRDA:118,7,0,45
BRDA:118,8,0,25
BRDA:120,9,0,20
BRDA:126,10,0,88
BRDA:132,11,0,397
BRDA:140,12,0,88
BRDA:147,13,0,2
BRDA:145,14,0,58
BRDA:145,15,0,27
BRDA:145,16,0,20
BRF:17
BRH:17
end_of_record
TN:
SF:node_modules/@testing-library/dom/dist/screen.js
FN:1,Object.<anonymous>
FN:20,_getRequireWildcardCache
FN:22,_interopRequireWildcard
FN:26,unindent
FN:32,encode
FN:36,getPlaygroundUrl
FN:40,debug
FN:42,logTestingPlaygroundURL
FNF:8
FNH:2
FNDA:1,Object.<anonymous>
FNDA:0,_getRequireWildcardCache
FNDA:1,_interopRequireWildcard
FNDA:0,unindent
FNDA:0,encode
FNDA:0,getPlaygroundUrl
FNDA:0,debug
FNDA:0,logTestingPlaygroundURL
DA:1,1
DA:2,1
DA:3,1
DA:4,1
DA:5,1
DA:6,1
DA:7,1
DA:8,1
DA:9,1
DA:10,1
DA:11,1
DA:12,1
DA:13,1
DA:14,1
DA:15,1
DA:16,1
DA:17,1
DA:18,1
DA:19,1
DA:20,0
DA:21,1
DA:22,1
DA:23,1
DA:24,1
DA:25,1
DA:26,0
DA:27,0
DA:28,0
DA:29,0
DA:30,0
DA:31,1
DA:32,0
DA:33,0
DA:34,0
DA:35,1
DA:36,0
DA:37,0
DA:38,0
DA:39,1
DA:40,1
DA:41,1
DA:42,1
DA:43,0
DA:44,0
DA:45,0
DA:46,0
DA:47,0
DA:48,0
DA:49,0
DA:50,0
DA:51,0
DA:52,0
DA:53,0
DA:54,0
DA:55,0
DA:56,0
DA:57,0
DA:58,1
DA:59,1
DA:60,1
DA:61,1
DA:62,1
DA:63,1
DA:64,1
DA:65,1
DA:66,0
DA:67,0
DA:68,0
DA:69,0
DA:70,0
DA:71,0
DA:72,0
DA:73,0
DA:74,1
DA:75,1
LF:75
LH:40
BRDA:1,0,0,1
BRDA:1,1,0,1
BRDA:65,2,0,0
BRDA:22,3,0,1
BRDA:22,4,0,0
BRDA:22,5,0,0
BRDA:22,6,0,0
BRDA:22,7,0,0
BRF:8
BRH:3
end_of_record
TN:
SF:node_modules/@testing-library/dom/dist/suggestions.js
FN:1,Object.<anonymous>
FN:22,escapeRegExp
FN:26,getRegExpMatcher
FN:30,makeSuggestion
FN:75,canSuggest
FN:79,getSuggestedQuery
FNF:6
FNH:1
FNDA:1,Object.<anonymous>
FNDA:0,escapeRegExp
FNDA:0,getRegExpMatcher
FNDA:0,makeSuggestion
FNDA:0,canSuggest
FNDA:0,getSuggestedQuery
DA:1,1
DA:2,1
DA:3,1
DA:4,1
DA:5,1
DA:6,1
DA:7,1
DA:8,1
DA:9,1
DA:10,1
DA:11,1
DA:12,1
DA:13,1
DA:14,1
DA:15,1
DA:16,1
DA:17,1
DA:18,1
DA:19,1
DA:20,1
DA:21,1
DA:22,0
DA:23,0
DA:24,0
DA:25,1
DA:26,0
DA:27,0
DA:28,0
DA:29,1
DA:30,0
DA:31,0
DA:32,0
DA:33,0
DA:34,0
DA:35,0
DA:36,0
DA:37,0
DA:38,0
DA:39,0
DA:40,0
DA:41,0
DA:42,0
DA:43,0
DA:44,0
DA:45,0
DA:46,0
DA:47,0
DA:48,0
DA:49,0
DA:50,0
DA:51,0
DA:52,0
DA:53,0
DA:54,0
DA:55,0
DA:56,0
DA:57,0
DA:58,0
DA:59,0
DA:60,0
DA:61,0
DA:62,0
DA:63,0
DA:64,0
DA:65,0
DA:66,0
DA:67,0
DA:68,0
DA:69,0
DA:70,0
DA:71,0
DA:72,0
DA:73,0
DA:74,1
DA:75,0
DA:76,0
DA:77,0
DA:78,1
DA:79,0
DA:80,0
DA:81,0
DA:82,0
DA:83,0
DA:84,0
DA:85,0
DA:86,0
DA:87,0
DA:88,0
DA:89,0
DA:90,0
DA:91,0
DA:92,0
DA:93,0
DA:94,0
DA:95,0
DA:96,0
DA:97,0
DA:98,0
DA:99,0
DA:100,0
DA:101,0
DA:102,0
DA:103,0
DA:104,0
DA:105,0
DA:106,0
DA:107,0
DA:108,0
DA:109,0
DA:110,0
DA:111,0
DA:112,0
DA:113,0
DA:114,0
DA:115,0
DA:116,0
DA:117,0
DA:118,0
DA:119,0
DA:120,0
DA:121,0
DA:122,0
DA:123,0
DA:124,0
DA:125,0
DA:126,0
DA:127,0
DA:128,0
DA:129,0
DA:130,0
DA:131,0
DA:132,0
DA:133,0
DA:134,0
DA:135,0
DA:136,0
DA:137,0
DA:138,0
DA:139,0
DA:140,0
DA:141,0
DA:142,0
DA:143,0
DA:144,0
DA:145,0
DA:146,0
DA:147,0
DA:148,0
DA:149,0
DA:150,0
DA:151,0
DA:152,0
DA:153,0
DA:154,0
LF:154
LH:25
BRDA:1,0,0,1
BRDA:1,1,0,1
BRF:2
BRH:2
end_of_record
TN:
SF:node_modules/@testing-library/dom/dist/wait-for-element-to-be-removed.js
FN:1,Object.<anonymous>
FN:10,isRemoved
FN:14,initialCheck
FN:20,waitForElementToBeRemoved
FNF:4
FNH:1
FNDA:1,Object.<anonymous>
FNDA:0,isRemoved
FNDA:0,initialCheck
FNDA:0,waitForElementToBeRemoved
DA:1,1
DA:2,1
DA:3,1
DA:4,1
DA:5,1
DA:6,1
DA:7,1
DA:8,1
DA:9,1
DA:10,1
DA:11,1
DA:12,1
DA:13,1
DA:14,0
DA:15,0
DA:16,0
DA:17,0
DA:18,0
DA:19,1
DA:20,0
DA:21,0
DA:22,0
DA:23,0
DA:24,0
DA:25,0
DA:26,0
DA:27,0
DA:28,0
DA:29,0
DA:30,0
DA:31,0
DA:32,0
DA:33,0
DA:34,0
DA:35,0
DA:36,0
DA:37,0
DA:38,0
DA:39,0
DA:40,0
DA:41,0
DA:42,0
DA:43,0
DA:44,0
DA:45,0
DA:46,0
DA:47,0
DA:48,0
DA:49,0
DA:50,0
DA:51,0
DA:52,0
DA:53,0
DA:54,0
DA:55,0
DA:56,0
DA:57,0
DA:58,0
DA:59,0
DA:60,1
DA:61,1
DA:62,1
DA:63,1
LF:63
LH:18
BRDA:1,0,0,1
BRDA:1,1,0,1
BRF:2
BRH:2
end_of_record
TN:
SF:node_modules/@testing-library/dom/dist/wait-for.js
FN:1,Object.<anonymous>
FN:14,copyStackTrace
FN:18,waitFor
FN:184,waitForWrapper
FNF:4
FNH:1
FNDA:1,Object.<anonymous>
FNDA:0,copyStackTrace
FNDA:0,waitFor
FNDA:0,waitForWrapper
DA:1,1
DA:2,1
DA:3,1
DA:4,1
DA:5,1
DA:6,1
DA:7,1
DA:8,1
DA:9,1
DA:10,1
DA:11,1
DA:12,1
DA:13,1
DA:14,0
DA:15,0
DA:16,0
DA:17,1
DA:18,0
DA:19,0
DA:20,0
DA:21,0
DA:22,0
DA:23,0
DA:24,0
DA:25,0
DA:26,0
DA:27,0
DA:28,0
DA:29,0
DA:30,0
DA:31,0
DA:32,0
DA:33,0
DA:34,0
DA:35,0
DA:36,0
DA:37,0
DA:38,0
DA:39,0
DA:40,0
DA:41,0
DA:42,0
DA:43,0
DA:44,0
DA:45,0
DA:46,0
DA:47,0
DA:48,0
DA:49,0
DA:50,0
DA:51,0
DA:52,0
DA:53,0
DA:54,0
DA:55,0
DA:56,0
DA:57,0
DA:58,0
DA:59,0
DA:60,0
DA:61,0
DA:62,0
DA:63,0
DA:64,0
DA:65,0
DA:66,0
DA:67,0
DA:68,0
DA:69,0
DA:70,0
DA:71,0
DA:72,0
DA:73,0
DA:74,0
DA:75,0
DA:76,0
DA:77,0
DA:78,0
DA:79,0
DA:80,0
DA:81,0
DA:82,0
DA:83,0
DA:84,0
DA:85,0
DA:86,0
DA:87,0
DA:88,0
DA:89,0
DA:90,0
DA:91,0
DA:92,0
DA:93,0
DA:94,0
DA:95,0
DA:96,0
DA:97,0
DA:98,0
DA:99,0
DA:100,0
DA:101,0
DA:102,0
DA:103,0
DA:104,0
DA:105,0
DA:106,0
DA:107,0
DA:108,0
DA:109,0
DA:110,0
DA:111,0
DA:112,0
DA:113,0
DA:114,0
DA:115,0
DA:116,0
DA:117,0
DA:118,0
DA:119,0
DA:120,0
DA:121,0
DA:122,0
DA:123,0
DA:124,0
DA:125,0
DA:126,0
DA:127,0
DA:128,0
DA:129,0
DA:130,0
DA:131,0
DA:132,0
DA:133,0
DA:134,0
DA:135,0
DA:136,0
DA:137,0
DA:138,0
DA:139,0
DA:140,0
DA:141,0
DA:142,0
DA:143,0
DA:144,0
DA:145,0
DA:146,0
DA:147,0
DA:148,0
DA:149,0
DA:150,0
DA:151,0
DA:152,0
DA:153,0
DA:154,0
DA:155,0
DA:156,0
DA:157,0
DA:158,0
DA:159,0
DA:160,0
DA:161,0
DA:162,0
DA:163,0
DA:164,0
DA:165,0
DA:166,0
DA:167,0
DA:168,0
DA:169,0
DA:170,0
DA:171,0
DA:172,0
DA:173,0
DA:174,0
DA:175,0
DA:176,0
DA:177,0
DA:178,0
DA:179,0
DA:180,0
DA:181,0
DA:182,0
DA:183,1
DA:184,0
DA:185,0
DA:186,0
DA:187,0
DA:188,0
DA:189,0
DA:190,0
DA:191,0
DA:192,0
DA:193,1
DA:194,1
DA:195,1
DA:196,1
LF:196
LH:19
BRDA:1,0,0,1
BRDA:1,1,0,1
BRF:2
BRH:2
end_of_record
TN:
SF:node_modules/@testing-library/dom/dist/queries/all-utils.js
FN:1,Object.<anonymous>
FN:14,get
FN:27,get
FN:40,get
FN:53,get
FNF:5
FNH:5
FNDA:1,Object.<anonymous>
FNDA:2,get
FNDA:3,get
FNDA:17,get
FNDA:1,get
DA:1,1
DA:2,1
DA:3,1
DA:4,1
DA:5,1
DA:6,1
DA:7,1
DA:8,1
DA:9,1
DA:10,4
DA:11,4
DA:12,4
DA:13,4
DA:14,4
DA:15,2
DA:16,2
DA:17,4
DA:18,1
DA:19,1
DA:20,1
DA:21,1
DA:22,1
DA:23,1
DA:24,1
DA:25,1
DA:26,1
DA:27,1
DA:28,3
DA:29,3
DA:30,1
DA:31,1
DA:32,1
DA:33,1
DA:34,1
DA:35,1
DA:36,10
DA:37,10
DA:38,10
DA:39,10
DA:40,10
DA:41,17
DA:42,17
DA:43,10
DA:44,1
DA:45,1
DA:46,1
DA:47,1
DA:48,1
DA:49,3
DA:50,3
DA:51,3
DA:52,3
DA:53,3
DA:54,1
DA:55,1
DA:56,3
DA:57,1
LF:57
LH:57
BRDA:1,0,0,1
BRDA:1,1,0,1
BRDA:9,2,0,4
BRDA:10,3,0,0
BRDA:11,4,0,0
BRDA:11,5,0,0
BRDA:14,6,0,2
BRDA:22,7,0,1
BRDA:23,8,0,0
BRDA:24,9,0,0
BRDA:24,10,0,0
BRDA:27,11,0,3
BRDA:35,12,0,10
BRDA:36,13,0,0
BRDA:37,14,0,0
BRDA:37,15,0,0
BRDA:40,16,0,17
BRDA:48,17,0,3
BRDA:49,18,0,0
BRDA:50,19,0,0
BRDA:50,20,0,0
BRDA:53,21,0,1
BRF:22
BRH:10
end_of_record
TN:
SF:node_modules/@testing-library/dom/dist/queries/alt-text.js
FN:1,Object.<anonymous>
FN:17,queryAllByAltText
FN:22,getMultipleError
FN:24,getMissingError
FNF:4
FNH:1
FNDA:1,Object.<anonymous>
FNDA:0,queryAllByAltText
FNDA:0,getMultipleError
FNDA:0,getMissingError
DA:1,1
DA:2,1
DA:3,1
DA:4,1
DA:5,1
DA:6,1
DA:7,1
DA:8,1
DA:9,1
DA:10,1
DA:11,1
DA:12,1
DA:13,1
DA:14,1
DA:15,1
DA:16,1
DA:17,1
DA:18,0
DA:19,0
DA:20,1
DA:21,1
DA:22,1
DA:23,1
DA:24,1
DA:25,1
DA:26,1
DA:27,1
DA:28,1
DA:29,1
DA:30,1
DA:31,1
DA:32,1
DA:33,1
LF:33
LH:31
BRDA:1,0,0,1
BRDA:1,1,0,1
BRF:2
BRH:2
end_of_record
TN:
SF:node_modules/@testing-library/dom/dist/queries/display-value.js
FN:1,Object.<anonymous>
FN:14,queryAllByDisplayValue
FN:37,getMultipleError
FN:39,getMissingError
FNF:4
FNH:1
FNDA:1,Object.<anonymous>
FNDA:0,queryAllByDisplayValue
FNDA:0,getMultipleError
FNDA:0,getMissingError
DA:1,1
DA:2,1
DA:3,1
DA:4,1
DA:5,1
DA:6,1
DA:7,1
DA:8,1
DA:9,1
DA:10,1
DA:11,1
DA:12,1
DA:13,1
DA:14,1
DA:15,0
DA:16,0
DA:17,0
DA:18,0
DA:19,0
DA:20,0
DA:21,0
DA:22,0
DA:23,0
DA:24,0
DA:25,0
DA:26,0
DA:27,0
DA:28,0
DA:29,0
DA:30,0
DA:31,0
DA:32,0
DA:33,0
DA:34,0
DA:35,1
DA:36,1
DA:37,1
DA:38,1
DA:39,1
DA:40,1
DA:41,1
DA:42,1
DA:43,1
DA:44,1
DA:45,1
DA:46,1
DA:47,1
DA:48,1
LF:48
LH:28
BRDA:1,0,0,1
BRDA:1,1,0,1
BRF:2
BRH:2
end_of_record
TN:
SF:node_modules/@testing-library/dom/dist/queries/index.js
FN:1,Object.<anonymous>
FN:14,get
FN:27,get
FN:40,get
FN:53,get
FN:66,get
FN:79,get
FN:92,get
FN:105,get
FNF:9
FNH:9
FNDA:1,Object.<anonymous>
FNDA:12,get
FNDA:12,get
FNDA:12,get
FNDA:12,get
FNDA:12,get
FNDA:12,get
FNDA:12,get
FNDA:12,get
DA:1,1
DA:2,1
DA:3,1
DA:4,1
DA:5,1
DA:6,1
DA:7,1
DA:8,1
DA:9,1
DA:10,6
DA:11,6
DA:12,6
DA:13,6
DA:14,6
DA:15,12
DA:16,12
DA:17,6
DA:18,1
DA:19,1
DA:20,1
DA:21,1
DA:22,1
DA:23,6
DA:24,6
DA:25,6
DA:26,6
DA:27,6
DA:28,12
DA:29,12
DA:30,6
DA:31,1
DA:32,1
DA:33,1
DA:34,1
DA:35,1
DA:36,6
DA:37,6
DA:38,6
DA:39,6
DA:40,6
DA:41,12
DA:42,12
DA:43,6
DA:44,1
DA:45,1
DA:46,1
DA:47,1
DA:48,1
DA:49,6
DA:50,6
DA:51,6
DA:52,6
DA:53,6
DA:54,12
DA:55,12
DA:56,6
DA:57,1
DA:58,1
DA:59,1
DA:60,1
DA:61,1
DA:62,6
DA:63,6
DA:64,6
DA:65,6
DA:66,6
DA:67,12
DA:68,12
DA:69,6
DA:70,1
DA:71,1
DA:72,1
DA:73,1
DA:74,1
DA:75,6
DA:76,6
DA:77,6
DA:78,6
DA:79,6
DA:80,12
DA:81,12
DA:82,6
DA:83,1
DA:84,1
DA:85,1
DA:86,1
DA:87,1
DA:88,6
DA:89,6
DA:90,6
DA:91,6
DA:92,6
DA:93,12
DA:94,12
DA:95,6
DA:96,1
DA:97,1
DA:98,1
DA:99,1
DA:100,1
DA:101,6
DA:102,6
DA:103,6
DA:104,6
DA:105,6
DA:106,12
DA:107,12
DA:108,6
DA:109,1
LF:109
LH:109
BRDA:1,0,0,1
BRDA:1,1,0,1
BRDA:9,2,0,6
BRDA:10,3,0,0
BRDA:11,4,0,0
BRDA:11,5,0,0
BRDA:14,6,0,12
BRDA:22,7,0,6
BRDA:23,8,0,0
BRDA:24,9,0,0
BRDA:24,10,0,0
BRDA:27,11,0,12
BRDA:35,12,0,6
BRDA:36,13,0,0
BRDA:37,14,0,0
BRDA:37,15,0,0
BRDA:40,16,0,12
BRDA:48,17,0,6
BRDA:49,18,0,0
BRDA:50,19,0,0
BRDA:50,20,0,0
BRDA:53,21,0,12
BRDA:61,22,0,6
BRDA:62,23,0,0
BRDA:63,24,0,0
BRDA:63,25,0,0
BRDA:66,26,0,12
BRDA:74,27,0,6
BRDA:75,28,0,0
BRDA:76,29,0,0
BRDA:76,30,0,0
BRDA:79,31,0,12
BRDA:87,32,0,6
BRDA:88,33,0,0
BRDA:89,34,0,0
BRDA:89,35,0,0
BRDA:92,36,0,12
BRDA:100,37,0,6
BRDA:101,38,0,0
BRDA:102,39,0,0
BRDA:102,40,0,0
BRDA:105,41,0,12
BRF:42
BRH:18
end_of_record
TN:
SF:node_modules/@testing-library/dom/dist/queries/label-text.js
FN:1,Object.<anonymous>
FN:16,queryAllLabels
FN:27,queryAllLabelsByText
FN:48,queryAllByLabelText
FN:101,getAllByLabelText
FN:123,getTagNameOfElementAssociatedWithLabelViaFor
FN:135,getMultipleError
FNF:7
FNH:1
FNDA:1,Object.<anonymous>
FNDA:0,queryAllLabels
FNDA:0,queryAllLabelsByText
FNDA:0,queryAllByLabelText
FNDA:0,getAllByLabelText
FNDA:0,getTagNameOfElementAssociatedWithLabelViaFor
FNDA:0,getMultipleError
DA:1,1
DA:2,1
DA:3,1
DA:4,1
DA:5,1
DA:6,1
DA:7,1
DA:8,1
DA:9,1
DA:10,1
DA:11,1
DA:12,1
DA:13,1
DA:14,1
DA:15,1
DA:16,0
DA:17,0
DA:18,0
DA:19,0
DA:20,0
DA:21,0
DA:22,0
DA:23,0
DA:24,0
DA:25,0
DA:26,1
DA:27,1
DA:28,0
DA:29,0
DA:30,0
DA:31,0
DA:32,0
DA:33,0
DA:34,0
DA:35,0
DA:36,0
DA:37,0
DA:38,0
DA:39,0
DA:40,0
DA:41,0
DA:42,0
DA:43,0
DA:44,0
DA:45,0
DA:46,1
DA:47,1
DA:48,1
DA:49,0
DA:50,0
DA:51,0
DA:52,0
DA:53,0
DA:54,0
DA:55,0
DA:56,0
DA:57,0
DA:58,0
DA:59,0
DA:60,0
DA:61,0
DA:62,0
DA:63,0
DA:64,0
DA:65,0
DA:66,0
DA:67,0
DA:68,0
DA:69,0
DA:70,0
DA:71,0
DA:72,0
DA:73,0
DA:74,0
DA:75,0
DA:76,0
DA:77,0
DA:78,0
DA:79,0
DA:80,0
DA:81,0
DA:82,0
DA:83,0
DA:84,0
DA:85,0
DA:86,0
DA:87,0
DA:88,0
DA:89,0
DA:90,0
DA:91,0
DA:92,1
DA:93,1
DA:94,1
DA:95,1
DA:96,1
DA:97,1
DA:98,1
DA:99,1
DA:100,1
DA:101,1
DA:102,0
DA:103,0
DA:104,0
DA:105,0
DA:106,0
DA:107,0
DA:108,0
DA:109,0
DA:110,0
DA:111,0
DA:112,0
DA:113,0
DA:114,0
DA:115,0
DA:116,0
DA:117,0
DA:118,0
DA:119,0
DA:120,0
DA:121,1
DA:122,1
DA:123,0
DA:124,0
DA:125,0
DA:126,0
DA:127,0
DA:128,0
DA:129,0
DA:130,0
DA:131,0
DA:132,1
DA:133,1
DA:134,1
DA:135,1
DA:136,1
DA:137,1
DA:138,1
DA:139,1
DA:140,1
DA:141,1
DA:142,1
DA:143,1
DA:144,1
DA:145,1
DA:146,1
DA:147,1
DA:148,1
DA:149,1
LF:149
LH:50
BRDA:1,0,0,1
BRDA:1,1,0,1
BRF:2
BRH:2
end_of_record
TN:
SF:node_modules/@testing-library/dom/dist/queries/placeholder-text.js
FN:1,Object.<anonymous>
FN:14,queryAllByPlaceholderText
FN:19,getMultipleError
FN:21,getMissingError
FNF:4
FNH:1
FNDA:1,Object.<anonymous>
FNDA:0,queryAllByPlaceholderText
FNDA:0,getMultipleError
FNDA:0,getMissingError
DA:1,1
DA:2,1
DA:3,1
DA:4,1
DA:5,1
DA:6,1
DA:7,1
DA:8,1
DA:9,1
DA:10,1
DA:11,1
DA:12,1
DA:13,1
DA:14,1
DA:15,0
DA:16,0
DA:17,1
DA:18,1
DA:19,1
DA:20,1
DA:21,1
DA:22,1
DA:23,1
DA:24,1
DA:25,1
DA:26,1
DA:27,1
DA:28,1
DA:29,1
DA:30,1
LF:30
LH:28
BRDA:1,0,0,1
BRDA:1,1,0,1
BRF:2
BRH:2
end_of_record
TN:
SF:node_modules/@testing-library/dom/dist/queries/role.js
FN:1,Object.<anonymous>
FN:20,queryAllByRole
FN:184,makeRoleSelector
FN:203,getNameHint
FN:217,getMultipleError
FN:223,getMissingError
FNF:6
FNH:1
FNDA:1,Object.<anonymous>
FNDA:0,queryAllByRole
FNDA:0,makeRoleSelector
FNDA:0,getNameHint
FNDA:0,getMultipleError
FNDA:0,getMissingError
DA:1,1
DA:2,1
DA:3,1
DA:4,1
DA:5,1
DA:6,1
DA:7,1
DA:8,1
DA:9,1
DA:10,1
DA:11,1
DA:12,1
DA:13,1
DA:14,1
DA:15,1
DA:16,1
DA:17,1
DA:18,1
DA:19,1
DA:20,0
DA:21,0
DA:22,0
DA:23,0
DA:24,0
DA:25,0
DA:26,0
DA:27,0
DA:28,0
DA:29,0
DA:30,0
DA:31,0
DA:32,0
DA:33,0
DA:34,0
DA:35,0
DA:36,0
DA:37,0
DA:38,0
DA:39,0
DA:40,0
DA:41,0
DA:42,0
DA:43,0
DA:44,0
DA:45,0
DA:46,0
DA:47,0
DA:48,0
DA:49,0
DA:50,0
DA:51,0
DA:52,0
DA:53,0
DA:54,0
DA:55,0
DA:56,0
DA:57,0
DA:58,0
DA:59,0
DA:60,0
DA:61,0
DA:62,0
DA:63,0
DA:64,0
DA:65,0
DA:66,0
DA:67,0
DA:68,0
DA:69,0
DA:70,0
DA:71,0
DA:72,0
DA:73,0
DA:74,0
DA:75,0
DA:76,0
DA:77,0
DA:78,0
DA:79,0
DA:80,0
DA:81,0
DA:82,0
DA:83,0
DA:84,0
DA:85,0
DA:86,0
DA:87,0
DA:88,0
DA:89,0
DA:90,0
DA:91,0
DA:92,0
DA:93,0
DA:94,0
DA:95,0
DA:96,0
DA:97,0
DA:98,0
DA:99,0
DA:100,0
DA:101,0
DA:102,0
DA:103,0
DA:104,0
DA:105,0
DA:106,0
DA:107,0
DA:108,0
DA:109,0
DA:110,0
DA:111,0
DA:112,0
DA:113,0
DA:114,0
DA:115,0
DA:116,0
DA:117,0
DA:118,0
DA:119,0
DA:120,0
DA:121,0
DA:122,0
DA:123,0
DA:124,0
DA:125,0
DA:126,0
DA:127,0
DA:128,0
DA:129,0
DA:130,0
DA:131,0
DA:132,0
DA:133,0
DA:134,0
DA:135,0
DA:136,0
DA:137,0
DA:138,0
DA:139,0
DA:140,0
DA:141,0
DA:142,0
DA:143,0
DA:144,0
DA:145,0
DA:146,0
DA:147,0
DA:148,0
DA:149,0
DA:150,0
DA:151,0
DA:152,0
DA:153,0
DA:154,0
DA:155,0
DA:156,0
DA:157,0
DA:158,0
DA:159,0
DA:160,0
DA:161,0
DA:162,0
DA:163,0
DA:164,0
DA:165,0
DA:166,0
DA:167,0
DA:168,0
DA:169,0
DA:170,0
DA:171,0
DA:172,0
DA:173,0
DA:174,0
DA:175,0
DA:176,0
DA:177,0
DA:178,0
DA:179,0
DA:180,0
DA:181,0
DA:182,0
DA:183,1
DA:184,0
DA:185,0
DA:186,0
DA:187,0
DA:188,0
DA:189,0
DA:190,0
DA:191,0
DA:192,0
DA:193,0
DA:194,0
DA:195,0
DA:196,0
DA:197,0
DA:198,0
DA:199,0
DA:200,0
DA:201,0
DA:202,1
DA:203,1
DA:204,0
DA:205,0
DA:206,0
DA:207,0
DA:208,0
DA:209,0
DA:210,0
DA:211,0
DA:212,0
DA:213,0
DA:214,0
DA:215,1
DA:216,1
DA:217,1
DA:218,0
DA:219,0
DA:220,0
DA:221,1
DA:222,1
DA:223,1
DA:224,0
DA:225,0
DA:226,0
DA:227,0
DA:228,0
DA:229,0
DA:230,0
DA:231,0
DA:232,0
DA:233,0
DA:234,0
DA:235,0
DA:236,0
DA:237,0
DA:238,0
DA:239,0
DA:240,0
DA:241,0
DA:242,0
DA:243,0
DA:244,0
DA:245,0
DA:246,0
DA:247,0
DA:248,0
DA:249,0
DA:250,0
DA:251,0
DA:252,0
DA:253,0
DA:254,0
DA:255,0
DA:256,0
DA:257,0
DA:258,0
DA:259,0
DA:260,0
DA:261,0
DA:262,0
DA:263,0
DA:264,0
DA:265,0
DA:266,0
DA:267,0
DA:268,0
DA:269,0
DA:270,0
DA:271,0
DA:272,0
DA:273,0
DA:274,0
DA:275,0
DA:276,0
DA:277,0
DA:278,0
DA:279,1
DA:280,1
DA:281,1
DA:282,1
DA:283,1
DA:284,1
DA:285,1
DA:286,1
DA:287,1
DA:288,1
LF:288
LH:38
BRDA:1,0,0,1
BRDA:1,1,0,1
BRF:2
BRH:2
end_of_record
TN:
SF:node_modules/@testing-library/dom/dist/queries/test-id.js
FN:1,Object.<anonymous>
FN:14,getTestIdAttribute
FN:16,queryAllByTestId
FN:21,getMultipleError
FN:23,getMissingError
FNF:5
FNH:1
FNDA:1,Object.<anonymous>
FNDA:0,getTestIdAttribute
FNDA:0,queryAllByTestId
FNDA:0,getMultipleError
FNDA:0,getMissingError
DA:1,1
DA:2,1
DA:3,1
DA:4,1
DA:5,1
DA:6,1
DA:7,1
DA:8,1
DA:9,1
DA:10,1
DA:11,1
DA:12,1
DA:13,1
DA:14,1
DA:15,1
DA:16,1
DA:17,0
DA:18,0
DA:19,1
DA:20,1
DA:21,1
DA:22,1
DA:23,1
DA:24,1
DA:25,1
DA:26,1
DA:27,1
DA:28,1
DA:29,1
DA:30,1
DA:31,1
DA:32,1
LF:32
LH:30
BRDA:1,0,0,1
BRDA:1,1,0,1
BRF:2
BRH:2
end_of_record
TN:
SF:node_modules/@testing-library/dom/dist/queries/text.js
FN:1,Object.<anonymous>
FN:14,queryAllByText
FN:39,getMultipleError
FN:41,getMissingError
FNF:4
FNH:2
FNDA:1,Object.<anonymous>
FNDA:1,queryAllByText
FNDA:0,getMultipleError
FNDA:0,getMissingError
DA:1,1
DA:2,1
DA:3,1
DA:4,1
DA:5,1
DA:6,1
DA:7,1
DA:8,1
DA:9,1
DA:10,1
DA:11,1
DA:12,1
DA:13,1
DA:14,1
DA:15,1
DA:16,1
DA:17,1
DA:18,1
DA:19,1
DA:20,1
DA:21,1
DA:22,1
DA:23,1
DA:24,1
DA:25,1
DA:26,1
DA:27,1
DA:28,1
DA:29,1
DA:30,1
DA:31,1
DA:32,1
DA:33,1
DA:34,1
DA:35,1
DA:36,1
DA:37,1
DA:38,1
DA:39,1
DA:40,1
DA:41,1
DA:42,0
DA:43,0
DA:44,0
DA:45,0
DA:46,0
DA:47,0
DA:48,0
DA:49,0
DA:50,0
DA:51,0
DA:52,0
DA:53,0
DA:54,0
DA:55,0
DA:56,0
DA:57,1
DA:58,1
DA:59,1
DA:60,1
DA:61,1
DA:62,1
DA:63,1
DA:64,1
DA:65,1
DA:66,1
LF:66
LH:51
BRDA:1,0,0,1
BRDA:1,1,0,1
BRDA:14,2,0,1
BRDA:23,3,0,0
BRDA:36,4,0,3
BRDA:36,5,0,3
BRF:6
BRH:5
end_of_record
TN:
SF:node_modules/@testing-library/dom/dist/queries/title.js
FN:1,Object.<anonymous>
FN:14,isSvgTitle
FN:20,queryAllByTitle
FN:36,getMultipleError
FN:38,getMissingError
FNF:5
FNH:1
FNDA:1,Object.<anonymous>
FNDA:0,isSvgTitle
FNDA:0,queryAllByTitle
FNDA:0,getMultipleError
FNDA:0,getMissingError
DA:1,1
DA:2,1
DA:3,1
DA:4,1
DA:5,1
DA:6,1
DA:7,1
DA:8,1
DA:9,1
DA:10,1
DA:11,1
DA:12,1
DA:13,1
DA:14,1
DA:15,0
DA:16,0
DA:17,0
DA:18,1
DA:19,1
DA:20,1
DA:21,0
DA:22,0
DA:23,0
DA:24,0
DA:25,0
DA:26,0
DA:27,0
DA:28,0
DA:29,0
DA:30,0
DA:31,0
DA:32,0
DA:33,0
DA:34,1
DA:35,1
DA:36,1
DA:37,1
DA:38,1
DA:39,1
DA:40,1
DA:41,1
DA:42,1
DA:43,1
DA:44,1
DA:45,1
DA:46,1
DA:47,1
LF:47
LH:31
BRDA:1,0,0,1
BRDA:1,1,0,1
BRF:2
BRH:2
end_of_record
TN:
SF:node_modules/@testing-library/dom/node_modules/ansi-styles/index.js
FN:1,Object.<anonymous>
FN:3,wrapAnsi16
FN:8,wrapAnsi256
FN:13,wrapAnsi16m
FN:18,ansi2ansi
FN:19,rgb2rgb
FN:21,setLazyProperty
FN:23,get
FN:41,makeDynamicStyles
FN:61,assembleStyles
FNF:10
FNH:3
FNDA:1,Object.<anonymous>
FNDA:0,wrapAnsi16
FNDA:0,wrapAnsi256
FNDA:0,wrapAnsi16m
FNDA:0,ansi2ansi
FNDA:0,rgb2rgb
FNDA:6,setLazyProperty
FNDA:0,get
FNDA:0,makeDynamicStyles
FNDA:1,assembleStyles
DA:1,1
DA:2,1
DA:3,1
DA:4,0
DA:5,0
DA:6,1
DA:7,1
DA:8,1
DA:9,0
DA:10,0
DA:11,1
DA:12,1
DA:13,1
DA:14,0
DA:15,0
DA:16,1
DA:17,1
DA:18,1
DA:19,1
DA:20,1
DA:21,1
DA:22,6
DA:23,6
DA:24,0
DA:25,0
DA:26,0
DA:27,0
DA:28,0
DA:29,0
DA:30,0
DA:31,0
DA:32,0
DA:33,6
DA:34,6
DA:35,6
DA:36,6
DA:37,1
DA:38,1
DA:39,1
DA:40,1
DA:41,1
DA:42,0
DA:43,0
DA:44,0
DA:45,0
DA:46,0
DA:47,0
DA:48,0
DA:49,0
DA:50,0
DA:51,0
DA:52,0
DA:53,0
DA:54,0
DA:55,0
DA:56,0
DA:57,0
DA:58,0
DA:59,1
DA:60,1
DA:61,1
DA:62,1
DA:63,1
DA:64,1
DA:65,1
DA:66,1
DA:67,1
DA:68,1
DA:69,1
DA:70,1
DA:71,1
DA:72,1
DA:73,1
DA:74,1
DA:75,1
DA:76,1
DA:77,1
DA:78,1
DA:79,1
DA:80,1
DA:81,1
DA:82,1
DA:83,1
DA:84,1
DA:85,1
DA:86,1
DA:87,1
DA:88,1
DA:89,1
DA:90,1
DA:91,1
DA:92,1
DA:93,1
DA:94,1
DA:95,1
DA:96,1
DA:97,1
DA:98,1
DA:99,1
DA:100,1
DA:101,1
DA:102,1
DA:103,1
DA:104,1
DA:105,1
DA:106,1
DA:107,1
DA:108,1
DA:109,1
DA:110,1
DA:111,1
DA:112,1
DA:113,1
DA:114,1
DA:115,1
DA:116,1
DA:117,1
DA:118,1
DA:119,1
DA:120,1
DA:121,1
DA:122,1
DA:123,1
DA:124,3
DA:125,44
DA:126,44
DA:127,44
DA:128,44
DA:129,44
DA:130,44
DA:131,44
DA:132,44
DA:133,44
DA:134,3
DA:135,3
DA:136,3
DA:137,3
DA:138,3
DA:139,3
DA:140,1
DA:141,1
DA:142,1
DA:143,1
DA:144,1
DA:145,1
DA:146,1
DA:147,1
DA:148,1
DA:149,1
DA:150,1
DA:151,1
DA:152,1
DA:153,1
DA:154,1
DA:155,1
DA:156,1
DA:157,1
DA:158,1
DA:159,1
DA:160,1
DA:161,1
DA:162,1
DA:163,1
LF:163
LH:131
BRDA:1,0,0,1
BRDA:1,1,0,1
BRDA:21,2,0,6
BRDA:61,3,0,1
BRDA:123,4,0,3
BRDA:124,5,0,44
BRF:6
BRH:6
end_of_record
TN:
SF:node_modules/@testing-library/dom/node_modules/chalk/source/index.js
FN:1,Object.<anonymous>
FN:21,applyOptions
FN:32,ChalkClass
FN:38,chalkFactory
FN:42,chalk.template
FN:47,chalk.template.constructor
FN:56,Chalk
FN:62,get
FN:71,get
FN:82,get
FN:95,get
FN:105,Object.<anonymous>.Object.defineProperties
FN:109,get
FN:112,set
FN:118,createStyler
FN:138,createBuilder
FN:161,applyStyle
FN:196,chalkTag
FNF:18
FNH:4
FNDA:1,Object.<anonymous>
FNDA:2,applyOptions
FNDA:0,ChalkClass
FNDA:2,chalkFactory
FNDA:0,chalk.template
FNDA:0,chalk.template.constructor
FNDA:2,Chalk
FNDA:0,get
FNDA:0,get
FNDA:0,get
FNDA:0,get
FNDA:0,Object.<anonymous>.Object.defineProperties
FNDA:0,get
FNDA:0,set
FNDA:0,createStyler
FNDA:0,createBuilder
FNDA:0,applyStyle
FNDA:0,chalkTag
DA:1,1
DA:2,1
DA:3,1
DA:4,1
DA:5,1
DA:6,1
DA:7,1
DA:8,1
DA:9,1
DA:10,1
DA:11,1
DA:12,1
DA:13,1
DA:14,1
DA:15,1
DA:16,1
DA:17,1
DA:18,1
DA:19,1
DA:20,1
DA:21,1
DA:22,2
DA:23,0
DA:24,0
DA:25,2
DA:26,2
DA:27,2
DA:28,2
DA:29,1
DA:30,1
DA:31,1
DA:32,1
DA:33,0
DA:34,0
DA:35,0
DA:36,1
DA:37,1
DA:38,1
DA:39,2
DA:40,2
DA:41,2
DA:42,2
DA:43,2
DA:44,2
DA:45,2
DA:46,2
DA:47,2
DA:48,0
DA:49,2
DA:50,2
DA:51,2
DA:52,2
DA:53,2
DA:54,1
DA:55,1
DA:56,2
DA:57,2
DA:58,2
DA:59,1
DA:60,1
DA:61,44
DA:62,44
DA:63,0
DA:64,0
DA:65,0
DA:66,0
DA:67,44
DA:68,44
DA:69,1
DA:70,1
DA:71,1
DA:72,0
DA:73,0
DA:74,0
DA:75,0
DA:76,1
DA:77,1
DA:78,1
DA:79,1
DA:80,1
DA:81,8
DA:82,8
DA:83,0
DA:84,0
DA:85,0
DA:86,0
DA:87,0
DA:88,0
DA:89,8
DA:90,8
DA:91,1
DA:92,1
DA:93,8
DA:94,8
DA:95,8
DA:96,0
DA:97,0
DA:98,0
DA:99,0
DA:100,0
DA:101,0
DA:102,8
DA:103,8
DA:104,1
DA:105,1
DA:106,1
DA:107,1
DA:108,1
DA:109,1
DA:110,0
DA:111,1
DA:112,1
DA:113,0
DA:114,0
DA:115,1
DA:116,1
DA:117,1
DA:118,1
DA:119,0
DA:120,0
DA:121,0
DA:122,0
DA:123,0
DA:124,0
DA:125,0
DA:126,0
DA:127,0
DA:128,0
DA:129,0
DA:130,0
DA:131,0
DA:132,0
DA:133,0
DA:134,0
DA:135,0
DA:136,1
DA:137,1
DA:138,1
DA:139,0
DA:140,0
DA:141,0
DA:142,0
DA:143,0
DA:144,0
DA:145,0
DA:146,0
DA:147,0
DA:148,0
DA:149,0
DA:150,0
DA:151,0
DA:152,0
DA:153,0
DA:154,0
DA:155,0
DA:156,0
DA:157,0
DA:158,0
DA:159,1
DA:160,1
DA:161,1
DA:162,0
DA:163,0
DA:164,0
DA:165,0
DA:166,0
DA:167,0
DA:168,0
DA:169,0
DA:170,0
DA:171,0
DA:172,0
DA:173,0
DA:174,0
DA:175,0
DA:176,0
DA:177,0
DA:178,0
DA:179,0
DA:180,0
DA:181,0
DA:182,0
DA:183,0
DA:184,0
DA:185,0
DA:186,0
DA:187,0
DA:188,0
DA:189,0
DA:190,0
DA:191,0
DA:192,0
DA:193,1
DA:194,1
DA:195,1
DA:196,1
DA:197,0
DA:198,0
DA:199,0
DA:200,0
DA:201,0
DA:202,0
DA:203,0
DA:204,0
DA:205,0
DA:206,0
DA:207,0
DA:208,0
DA:209,0
DA:210,0
DA:211,0
DA:212,0
DA:213,0
DA:214,0
DA:215,0
DA:216,0
DA:217,0
DA:218,0
DA:219,0
DA:220,1
DA:221,1
DA:222,1
DA:223,1
DA:224,1
DA:225,1
DA:226,1
DA:227,1
DA:228,1
DA:229,1
LF:229
LH:109
BRDA:1,0,0,1
BRDA:1,1,0,1
BRDA:60,2,0,44
BRDA:80,3,0,8
BRDA:92,4,0,8
BRDA:226,5,0,0
BRDA:21,6,0,2
BRDA:22,7,0,1
BRDA:22,8,0,0
BRDA:27,9,0,0
BRDA:28,10,0,1
BRDA:28,11,0,1
BRDA:38,12,0,2
BRDA:56,13,0,2
BRF:14
BRH:11
end_of_record
TN:
SF:node_modules/@testing-library/dom/node_modules/chalk/source/util.js
FN:1,Object.<anonymous>
FN:3,stringReplaceAll
FN:22,stringEncaseCRLFWithFirstIndex
FNF:3
FNH:1
FNDA:1,Object.<anonymous>
FNDA:0,stringReplaceAll
FNDA:0,stringEncaseCRLFWithFirstIndex
DA:1,1
DA:2,1
DA:3,1
DA:4,0
DA:5,0
DA:6,0
DA:7,0
DA:8,0
DA:9,0
DA:10,0
DA:11,0
DA:12,0
DA:13,0
DA:14,0
DA:15,0
DA:16,0
DA:17,0
DA:18,0
DA:19,0
DA:20,1
DA:21,1
DA:22,1
DA:23,0
DA:24,0
DA:25,0
DA:26,0
DA:27,0
DA:28,0
DA:29,0
DA:30,0
DA:31,0
DA:32,0
DA:33,0
DA:34,1
DA:35,1
DA:36,1
DA:37,1
DA:38,1
DA:39,1
LF:39
LH:12
BRDA:1,0,0,1
BRDA:1,1,0,1
BRF:2
BRH:2
end_of_record
TN:
SF:node_modules/@testing-library/dom/node_modules/has-flag/index.js
FN:1,Object.<anonymous>
FN:3,Object.<anonymous>.module.exports
FNF:2
FNH:2
FNDA:1,Object.<anonymous>
FNDA:16,Object.<anonymous>.module.exports
DA:1,1
DA:2,1
DA:3,1
DA:4,16
DA:5,16
DA:6,16
DA:7,16
DA:8,1
LF:8
LH:8
BRDA:1,0,0,1
BRDA:1,1,0,1
BRDA:3,2,0,16
BRDA:4,3,0,0
BRDA:4,4,0,0
BRDA:7,5,0,0
BRF:6
BRH:3
end_of_record
TN:
SF:node_modules/@testing-library/dom/node_modules/supports-color/index.js
FN:1,Object.<anonymous>
FN:31,translateLevel
FN:44,supportsColor
FN:126,getSupportLevel
FNF:4
FNH:3
FNDA:1,Object.<anonymous>
FNDA:2,translateLevel
FNDA:2,supportsColor
FNDA:0,getSupportLevel
DA:1,1
DA:2,1
DA:3,1
DA:4,1
DA:5,1
DA:6,1
DA:7,1
DA:8,1
DA:9,1
DA:10,1
DA:11,1
DA:12,1
DA:13,0
DA:14,1
DA:15,1
DA:16,1
DA:17,1
DA:18,0
DA:19,0
DA:20,1
DA:21,1
DA:22,0
DA:23,0
DA:24,0
DA:25,0
DA:26,0
DA:27,0
DA:28,0
DA:29,0
DA:30,1
DA:31,2
DA:32,2
DA:33,0
DA:34,0
DA:35,2
DA:36,2
DA:37,2
DA:38,2
DA:39,2
DA:40,2
DA:41,2
DA:42,2
DA:43,1
DA:44,2
DA:45,2
DA:46,0
DA:47,0
DA:48,2
DA:49,2
DA:50,2
DA:51,2
DA:52,0
DA:53,0
DA:54,2
DA:55,2
DA:56,0
DA:57,0
DA:58,2
DA:59,2
DA:60,0
DA:61,0
DA:62,2
DA:63,2
DA:64,2
DA:65,2
DA:66,0
DA:67,0
DA:68,2
DA:69,2
DA:70,0
DA:71,0
DA:72,0
DA:73,0
DA:74,0
DA:75,0
DA:76,0
DA:77,0
DA:78,0
DA:79,0
DA:80,0
DA:81,0
DA:82,2
DA:83,2
DA:84,0
DA:85,0
DA:86,0
DA:87,0
DA:88,0
DA:89,0
DA:90,2
DA:91,2
DA:92,0
DA:93,0
DA:94,2
DA:95,2
DA:96,2
DA:97,2
DA:98,0
DA:99,0
DA:100,0
DA:101,0
DA:102,0
DA:103,0
DA:104,0
DA:105,0
DA:106,0
DA:107,0
DA:108,0
DA:109,0
DA:110,0
DA:111,0
DA:112,0
DA:113,0
DA:114,0
DA:115,0
DA:116,0
DA:117,0
DA:118,0
DA:119,0
DA:120,0
DA:121,0
DA:122,0
DA:123,0
DA:124,2
DA:125,1
DA:126,0
DA:127,0
DA:128,0
DA:129,0
DA:130,1
DA:131,1
DA:132,1
DA:133,1
DA:134,1
DA:135,1
LF:135
LH:62
BRDA:1,0,0,1
BRDA:1,1,0,1
BRDA:12,2,0,0
BRDA:17,3,0,0
BRDA:21,4,0,0
BRDA:31,5,0,2
BRDA:32,6,0,0
BRDA:44,7,0,2
BRDA:45,8,0,0
BRDA:51,9,0,0
BRDA:55,10,0,0
BRDA:59,11,0,0
BRDA:59,12,0,0
BRDA:65,13,0,0
BRDA:69,14,0,0
BRDA:83,15,0,0
BRDA:91,16,0,0
BRDA:98,17,0,0
BRF:18
BRH:4
end_of_record
TN:
SF:node_modules/@testing-library/react/dist/act-compat.js
FN:1,Object.<anonymous>
FN:12,_getRequireWildcardCache
FN:12,_getRequireWildcardCache
FN:14,_interopRequireWildcard
FN:18,getGlobalThis
FN:47,setIsReactActEnvironment
FN:51,getIsReactActEnvironment
FN:55,withGlobalActEnvironment
FN:76,then
FNF:9
FNH:8
FNDA:1,Object.<anonymous>
FNDA:1,_getRequireWildcardCache
FNDA:1,_getRequireWildcardCache
FNDA:1,_interopRequireWildcard
FNDA:10,getGlobalThis
FNDA:6,setIsReactActEnvironment
FNDA:4,getIsReactActEnvironment
FNDA:1,withGlobalActEnvironment
FNDA:0,then
DA:1,1
DA:2,1
DA:3,1
DA:4,1
DA:5,1
DA:6,1
DA:7,1
DA:8,1
DA:9,1
DA:10,1
DA:11,1
DA:12,1
DA:13,1
DA:14,1
DA:15,1
DA:16,1
DA:17,1
DA:18,10
DA:19,10
DA:20,10
DA:21,10
DA:22,10
DA:23,0
DA:24,0
DA:25,0
DA:26,0
DA:27,0
DA:28,0
DA:29,0
DA:30,0
DA:31,0
DA:32,0
DA:33,0
DA:34,0
DA:35,0
DA:36,0
DA:37,0
DA:38,0
DA:39,0
DA:40,0
DA:41,0
DA:42,0
DA:43,0
DA:44,0
DA:45,10
DA:46,1
DA:47,6
DA:48,6
DA:49,6
DA:50,1
DA:51,4
DA:52,4
DA:53,4
DA:54,1
DA:55,1
DA:56,1
DA:57,2
DA:58,2
DA:59,2
DA:60,2
DA:61,2
DA:62,2
DA:63,2
DA:64,2
DA:65,2
DA:66,2
DA:67,0
DA:68,0
DA:69,2
DA:70,2
DA:71,2
DA:72,2
DA:73,2
DA:74,0
DA:75,0
DA:76,0
DA:77,0
DA:78,0
DA:79,0
DA:80,0
DA:81,0
DA:82,0
DA:83,0
DA:84,0
DA:85,0
DA:86,2
DA:87,2
DA:88,2
DA:89,2
DA:90,2
DA:91,0
DA:92,0
DA:93,0
DA:94,0
DA:95,0
DA:96,1
DA:97,1
DA:98,1
DA:99,1
DA:100,1
DA:101,1
DA:102,1
DA:103,1
LF:103
LH:62
BRDA:1,0,0,1
BRDA:1,1,0,1
BRDA:12,2,0,1
BRDA:12,3,0,0
BRDA:12,4,0,1
BRDA:12,5,0,0
BRDA:14,6,0,1
BRDA:14,7,0,0
BRDA:14,8,0,0
BRDA:14,9,0,0
BRDA:14,10,0,0
BRDA:14,11,0,19
BRDA:14,12,0,0
BRDA:14,13,0,0
BRDA:18,14,0,10
BRDA:23,15,0,0
BRDA:47,16,0,6
BRDA:51,17,0,4
BRDA:55,18,0,1
BRDA:56,19,0,2
BRDA:73,20,0,0
BRDA:90,21,0,0
BRDA:63,22,0,2
BRDA:66,23,0,0
BRDA:66,24,0,0
BRF:25
BRH:12
end_of_record
TN:
SF:node_modules/@testing-library/react/dist/fire-event.js
FN:1,Object.<anonymous>
FN:14,fireEvent
FN:18,fireEvent.<computed>
FN:26,Object.<anonymous>.fireEvent.mouseEnter
FN:31,Object.<anonymous>.fireEvent.mouseLeave
FN:39,Object.<anonymous>.fireEvent.pointerEnter
FN:44,Object.<anonymous>.fireEvent.pointerLeave
FN:51,Object.<anonymous>.fireEvent.select
FN:72,Object.<anonymous>.fireEvent.blur
FN:77,Object.<anonymous>.fireEvent.focus
FNF:10
FNH:1
FNDA:1,Object.<anonymous>
FNDA:0,fireEvent
FNDA:0,fireEvent.<computed>
FNDA:0,Object.<anonymous>.fireEvent.mouseEnter
FNDA:0,Object.<anonymous>.fireEvent.mouseLeave
FNDA:0,Object.<anonymous>.fireEvent.pointerEnter
FNDA:0,Object.<anonymous>.fireEvent.pointerLeave
FNDA:0,Object.<anonymous>.fireEvent.select
FNDA:0,Object.<anonymous>.fireEvent.blur
FNDA:0,Object.<anonymous>.fireEvent.focus
DA:1,1
DA:2,1
DA:3,1
DA:4,1
DA:5,1
DA:6,1
DA:7,1
DA:8,1
DA:9,1
DA:10,1
DA:11,1
DA:12,1
DA:13,1
DA:14,1
DA:15,1
DA:16,1
DA:17,1
DA:18,87
DA:19,1
DA:20,1
DA:21,1
DA:22,1
DA:23,1
DA:24,1
DA:25,1
DA:26,1
DA:27,0
DA:28,0
DA:29,1
DA:30,1
DA:31,1
DA:32,0
DA:33,0
DA:34,1
DA:35,1
DA:36,1
DA:37,1
DA:38,1
DA:39,1
DA:40,0
DA:41,0
DA:42,1
DA:43,1
DA:44,1
DA:45,0
DA:46,0
DA:47,1
DA:48,1
DA:49,1
DA:50,1
DA:51,1
DA:52,0
DA:53,0
DA:54,0
DA:55,0
DA:56,0
DA:57,0
DA:58,0
DA:59,0
DA:60,0
DA:61,0
DA:62,0
DA:63,0
DA:64,1
DA:65,1
DA:66,1
DA:67,1
DA:68,1
DA:69,1
DA:70,1
DA:71,1
DA:72,1
DA:73,0
DA:74,0
DA:75,1
DA:76,1
DA:77,1
DA:78,0
DA:79,0
DA:80,1
LF:80
LH:56
BRDA:1,0,0,1
BRDA:1,1,0,1
BRDA:17,2,0,87
BRF:3
BRH:3
end_of_record
TN:
SF:node_modules/@testing-library/react/dist/index.js
FN:1,Object.<anonymous>
FN:16,get
FNF:2
FNH:2
FNDA:1,Object.<anonymous>
FNDA:2,get
DA:1,1
DA:2,1
DA:3,1
DA:4,1
DA:5,1
DA:6,1
DA:7,1
DA:8,1
DA:9,1
DA:10,1
DA:11,1
DA:12,82
DA:13,82
DA:14,82
DA:15,82
DA:16,82
DA:17,2
DA:18,2
DA:19,82
DA:20,1
DA:21,1
DA:22,1
DA:23,1
DA:24,1
DA:25,1
DA:26,1
DA:27,1
DA:28,1
DA:29,1
DA:30,1
DA:31,1
DA:32,1
DA:33,1
DA:34,1
DA:35,1
DA:36,1
DA:37,1
DA:38,0
DA:39,0
DA:40,0
DA:41,0
DA:42,0
DA:43,0
DA:44,1
DA:45,1
DA:46,1
DA:47,1
DA:48,1
DA:49,1
DA:50,1
DA:51,1
DA:52,1
DA:53,1
DA:54,1
DA:55,1
DA:56,1
DA:57,1
DA:58,1
DA:59,1
DA:60,1
LF:60
LH:54
BRDA:1,0,0,1
BRDA:1,1,0,1
BRDA:37,2,0,0
BRDA:11,3,0,82
BRDA:12,4,0,0
BRDA:13,5,0,0
BRDA:13,6,0,0
BRDA:16,7,0,2
BRDA:34,8,0,1
BRDA:52,9,0,1
BRDA:56,10,0,1
BRF:11
BRH:7
end_of_record
TN:
SF:node_modules/@testing-library/react/dist/pure.js
FN:1,Object.<anonymous>
FN:17,get
FN:24,get
FN:45,get
FN:55,_getRequireWildcardCache
FN:55,_getRequireWildcardCache
FN:57,_interopRequireWildcard
FN:60,unstable_advanceTimersWrapper
FN:66,asyncWrapper
FN:76,eventWrapper
FN:97,createConcurrentRoot
FN:113,hydrate
FN:121,render
FN:125,unmount
FN:132,createLegacyRoot
FN:149,renderRoot
FN:157,wrapUiIfNeeded
FN:169,debug
FN:172,unmount
FN:177,rerender
FN:185,asFragment
FN:199,render
FN:256,cleanup
FN:273,renderHook
FNF:24
FNH:12
FNDA:1,Object.<anonymous>
FNDA:0,get
FNDA:0,get
FNDA:1,get
FNDA:1,_getRequireWildcardCache
FNDA:2,_getRequireWildcardCache
FNDA:3,_interopRequireWildcard
FNDA:0,unstable_advanceTimersWrapper
FNDA:0,asyncWrapper
FNDA:0,eventWrapper
FNDA:1,createConcurrentRoot
FNDA:0,hydrate
FNDA:1,render
FNDA:1,unmount
FNDA:0,createLegacyRoot
FNDA:1,renderRoot
FNDA:1,wrapUiIfNeeded
FNDA:0,debug
FNDA:0,unmount
FNDA:0,rerender
FNDA:0,asFragment
FNDA:1,render
FNDA:1,cleanup
FNDA:0,renderHook
DA:1,1
DA:2,1
DA:3,1
DA:4,1
DA:5,1
DA:6,1
DA:7,1
DA:8,1
DA:9,1
DA:10,1
DA:11,1
DA:12,1
DA:13,1
DA:14,1
DA:15,1
DA:16,1
DA:17,1
DA:18,0
DA:19,0
DA:20,1
DA:21,1
DA:22,1
DA:23,1
DA:24,1
DA:25,0
DA:26,0
DA:27,1
DA:28,1
DA:29,1
DA:30,1
DA:31,1
DA:32,1
DA:33,1
DA:34,1
DA:35,1
DA:36,1
DA:37,1
DA:38,1
DA:39,1
DA:40,78
DA:41,78
DA:42,78
DA:43,77
DA:44,77
DA:45,77
DA:46,1
DA:47,1
DA:48,77
DA:49,1
DA:50,1
DA:51,1
DA:52,1
DA:53,1
DA:54,1
DA:55,1
DA:56,1
DA:57,3
DA:58,1
DA:59,1
DA:60,1
DA:61,0
DA:62,1
DA:63,1
DA:64,1
DA:65,1
DA:66,1
DA:67,0
DA:68,0
DA:69,0
DA:70,0
DA:71,0
DA:72,0
DA:73,0
DA:74,0
DA:75,1
DA:76,1
DA:77,0
DA:78,0
DA:79,0
DA:80,0
DA:81,0
DA:82,0
DA:83,1
DA:84,1
DA:85,1
DA:86,1
DA:87,1
DA:88,1
DA:89,1
DA:90,1
DA:91,1
DA:92,1
DA:93,1
DA:94,1
DA:95,1
DA:96,1
DA:97,1
DA:98,1
DA:99,1
DA:100,1
DA:101,1
DA:102,1
DA:103,1
DA:104,1
DA:105,0
DA:106,0
DA:107,0
DA:108,1
DA:109,1
DA:110,1
DA:111,1
DA:112,1
DA:113,1
DA:114,0
DA:115,0
DA:116,0
DA:117,0
DA:118,0
DA:119,1
DA:120,1
DA:121,1
DA:122,1
DA:123,1
DA:124,1
DA:125,1
DA:126,1
DA:127,1
DA:128,1
DA:129,1
DA:130,1
DA:131,1
DA:132,0
DA:133,0
DA:134,0
DA:135,0
DA:136,0
DA:137,0
DA:138,0
DA:139,0
DA:140,0
DA:141,0
DA:142,0
DA:143,0
DA:144,0
DA:145,0
DA:146,0
DA:147,0
DA:148,1
DA:149,1
DA:150,1
DA:151,1
DA:152,1
DA:153,1
DA:154,1
DA:155,1
DA:156,1
DA:157,1
DA:158,1
DA:159,1
DA:160,1
DA:161,0
DA:162,1
DA:163,1
DA:164,1
DA:165,1
DA:166,1
DA:167,1
DA:168,1
DA:169,1
DA:170,0
DA:171,1
DA:172,1
DA:173,0
DA:174,0
DA:175,0
DA:176,1
DA:177,1
DA:178,0
DA:179,0
DA:180,0
DA:181,0
DA:182,0
DA:183,0
DA:184,1
DA:185,1
DA:186,0
DA:187,0
DA:188,0
DA:189,0
DA:190,0
DA:191,0
DA:192,0
DA:193,0
DA:194,1
DA:195,1
DA:196,1
DA:197,1
DA:198,1
DA:199,1
DA:200,1
DA:201,1
DA:202,1
DA:203,1
DA:204,1
DA:205,1
DA:206,1
DA:207,1
DA:208,1
DA:209,1
DA:210,1
DA:211,1
DA:212,1
DA:213,1
DA:214,1
DA:215,1
DA:216,1
DA:217,1
DA:218,1
DA:219,1
DA:220,1
DA:221,1
DA:222,1
DA:223,1
DA:224,1
DA:225,1
DA:226,1
DA:227,1
DA:228,1
DA:229,1
DA:230,1
DA:231,1
DA:232,1
DA:233,1
DA:234,1
DA:235,0
DA:236,0
DA:237,0
DA:238,0
DA:239,0
DA:240,0
DA:241,0
DA:242,0
DA:243,0
DA:244,0
DA:245,1
DA:246,1
DA:247,1
DA:248,1
DA:249,1
DA:250,1
DA:251,1
DA:252,1
DA:253,1
DA:254,1
DA:255,1
DA:256,1
DA:257,1
DA:258,1
DA:259,1
DA:260,1
DA:261,1
DA:262,1
DA:263,1
DA:264,1
DA:265,1
DA:266,1
DA:267,1
DA:268,1
DA:269,1
DA:270,1
DA:271,1
DA:272,1
DA:273,0
DA:274,0
DA:275,0
DA:276,0
DA:277,0
DA:278,0
DA:279,0
DA:280,0
DA:281,0
DA:282,0
DA:283,0
DA:284,0
DA:285,0
DA:286,0
DA:287,0
DA:288,0
DA:289,0
DA:290,0
DA:291,0
DA:292,0
DA:293,0
DA:294,0
DA:295,0
DA:296,0
DA:297,0
DA:298,0
DA:299,0
DA:300,0
DA:301,0
DA:302,0
DA:303,0
DA:304,0
DA:305,0
DA:306,0
DA:307,0
DA:308,1
DA:309,1
DA:310,1
LF:310
LH:203
BRDA:1,0,0,1
BRDA:1,1,0,1
BRDA:39,2,0,78
BRDA:40,3,0,0
BRDA:41,4,0,1
BRDA:42,5,0,77
BRDA:42,6,0,0
BRDA:42,7,0,0
BRDA:43,8,0,77
BRDA:45,9,0,1
BRDA:55,10,0,1
BRDA:55,11,0,0
BRDA:55,12,0,2
BRDA:55,13,0,0
BRDA:57,14,0,3
BRDA:57,15,0,1
BRDA:57,16,0,2
BRDA:57,17,0,0
BRDA:57,18,0,0
BRDA:57,19,0,2
BRDA:57,20,0,0
BRDA:57,21,0,2
BRDA:57,22,0,37
BRDA:57,23,0,0
BRDA:57,24,0,0
BRDA:57,25,0,2
BRDA:97,26,0,1
BRDA:104,27,0,0
BRDA:121,28,0,1
BRDA:125,29,0,1
BRDA:149,30,0,1
BRDA:157,31,0,1
BRDA:157,32,0,0
BRDA:159,33,0,1
BRDA:160,34,0,0
BRDA:199,35,0,1
BRDA:220,36,0,0
BRDA:234,37,0,0
BRDA:256,38,0,1
BRDA:257,39,0,1
BRDA:261,40,0,1
BRF:41
BRH:26
end_of_record
TN:
SF:node_modules/ansi-regex/index.js
FN:1,Object.<anonymous>
FN:1,module.exports
FN:3,Object.<anonymous>.module.exports
FNF:3
FNH:2
FNDA:1,Object.<anonymous>
FNDA:1,module.exports
FNDA:0,Object.<anonymous>.module.exports
DA:1,1
DA:2,1
DA:3,1
DA:4,0
DA:5,0
DA:6,0
DA:7,0
DA:8,0
DA:9,0
DA:10,1
LF:10
LH:4
BRDA:1,0,0,1
BRDA:1,1,0,1
BRF:2
BRH:2
end_of_record
TN:
SF:node_modules/ansi-styles/index.js
FN:1,Object.<anonymous>
FN:4,wrapAnsi16
FN:9,wrapAnsi256
FN:14,wrapAnsi16m
FN:19,assembleStyles
FN:105,ansi2ansi
FN:106,rgb2rgb
FNF:7
FNH:5
FNDA:1,Object.<anonymous>
FNDA:30,wrapAnsi16
FNDA:30,wrapAnsi256
FNDA:30,wrapAnsi16m
FNDA:1,assembleStyles
FNDA:0,ansi2ansi
FNDA:0,rgb2rgb
DA:1,1
DA:2,1
DA:3,1
DA:4,1
DA:5,0
DA:6,0
DA:7,1
DA:8,1
DA:9,1
DA:10,0
DA:11,0
DA:12,1
DA:13,1
DA:14,1
DA:15,0
DA:16,0
DA:17,1
DA:18,1
DA:19,1
DA:20,1
DA:21,1
DA:22,1
DA:23,1
DA:24,1
DA:25,1
DA:26,1
DA:27,1
DA:28,1
DA:29,1
DA:30,1
DA:31,1
DA:32,1
DA:33,1
DA:34,1
DA:35,1
DA:36,1
DA:37,1
DA:38,1
DA:39,1
DA:40,1
DA:41,1
DA:42,1
DA:43,1
DA:44,1
DA:45,1
DA:46,1
DA:47,1
DA:48,1
DA:49,1
DA:50,1
DA:51,1
DA:52,1
DA:53,1
DA:54,1
DA:55,1
DA:56,1
DA:57,1
DA:58,1
DA:59,1
DA:60,1
DA:61,1
DA:62,1
DA:63,1
DA:64,1
DA:65,1
DA:66,1
DA:67,1
DA:68,1
DA:69,1
DA:70,1
DA:71,1
DA:72,1
DA:73,1
DA:74,1
DA:75,1
DA:76,1
DA:77,1
DA:78,1
DA:79,3
DA:80,3
DA:81,3
DA:82,41
DA:83,41
DA:84,41
DA:85,41
DA:86,41
DA:87,41
DA:88,41
DA:89,41
DA:90,41
DA:91,41
DA:92,41
DA:93,3
DA:94,3
DA:95,3
DA:96,3
DA:97,3
DA:98,3
DA:99,3
DA:100,3
DA:101,3
DA:102,3
DA:103,3
DA:104,1
DA:105,1
DA:106,1
DA:107,1
DA:108,1
DA:109,1
DA:110,1
DA:111,1
DA:112,1
DA:113,1
DA:114,1
DA:115,1
DA:116,1
DA:117,1
DA:118,1
DA:119,1
DA:120,1
DA:121,1
DA:122,1
DA:123,1
DA:124,1
DA:125,1
DA:126,1
DA:127,1
DA:128,1
DA:129,1
DA:130,1
DA:131,1
DA:132,15
DA:133,0
DA:134,0
DA:135,15
DA:136,15
DA:137,15
DA:138,15
DA:139,1
DA:140,1
DA:141,15
DA:142,15
DA:143,14
DA:144,14
DA:145,14
DA:146,15
DA:147,15
DA:148,14
DA:149,14
DA:150,14
DA:151,15
DA:152,15
DA:153,14
DA:154,14
DA:155,14
DA:156,15
DA:157,1
DA:158,1
DA:159,1
DA:160,1
DA:161,1
DA:162,1
DA:163,1
DA:164,1
DA:165,1
LF:165
LH:157
BRDA:1,0,0,1
BRDA:1,1,0,1
BRDA:4,2,0,30
BRDA:9,3,0,30
BRDA:14,4,0,30
BRDA:19,5,0,1
BRDA:78,6,0,3
BRDA:81,7,0,41
BRDA:131,8,0,15
BRDA:132,9,0,0
BRDA:138,10,0,1
BRDA:142,11,0,14
BRDA:147,12,0,14
BRDA:152,13,0,14
BRF:14
BRH:13
end_of_record
TN:
SF:node_modules/aria-query/lib/ariaPropsMap.js
FN:1,Object.<anonymous>
FN:8,_interopRequireDefault
FN:9,_slicedToArray
FN:10,_nonIterableRest
FN:11,_iterableToArrayLimit
FN:12,_arrayWithHoles
FN:13,_createForOfIteratorHelper
FN:14,_unsupportedIterableToArray
FN:15,_arrayLikeToArray
FN:127,entries
FN:130,forEach
FN:147,get
FN:153,has
FN:156,keys
FN:163,values
FNF:15
FNH:3
FNDA:1,Object.<anonymous>
FNDA:1,_interopRequireDefault
FNDA:0,_slicedToArray
FNDA:0,_nonIterableRest
FNDA:0,_iterableToArrayLimit
FNDA:0,_arrayWithHoles
FNDA:0,_createForOfIteratorHelper
FNDA:0,_unsupportedIterableToArray
FNDA:0,_arrayLikeToArray
FNDA:1,entries
FNDA:0,forEach
FNDA:0,get
FNDA:0,has
FNDA:0,keys
FNDA:0,values
DA:1,1
DA:2,1
DA:3,1
DA:4,1
DA:5,1
DA:6,1
DA:7,1
DA:8,1
DA:9,0
DA:10,0
DA:11,0
DA:12,0
DA:13,0
DA:14,0
DA:15,0
DA:16,1
DA:17,1
DA:18,1
DA:19,1
DA:20,1
DA:21,1
DA:22,1
DA:23,1
DA:24,1
DA:25,1
DA:26,1
DA:27,1
DA:28,1
DA:29,1
DA:30,1
DA:31,1
DA:32,1
DA:33,1
DA:34,1
DA:35,1
DA:36,1
DA:37,1
DA:38,1
DA:39,1
DA:40,1
DA:41,1
DA:42,1
DA:43,1
DA:44,1
DA:45,1
DA:46,1
DA:47,1
DA:48,1
DA:49,1
DA:50,1
DA:51,1
DA:52,1
DA:53,1
DA:54,1
DA:55,1
DA:56,1
DA:57,1
DA:58,1
DA:59,1
DA:60,1
DA:61,1
DA:62,1
DA:63,1
DA:64,1
DA:65,1
DA:66,1
DA:67,1
DA:68,1
DA:69,1
DA:70,1
DA:71,1
DA:72,1
DA:73,1
DA:74,1
DA:75,1
DA:76,1
DA:77,1
DA:78,1
DA:79,1
DA:80,1
DA:81,1
DA:82,1
DA:83,1
DA:84,1
DA:85,1
DA:86,1
DA:87,1
DA:88,1
DA:89,1
DA:90,1
DA:91,1
DA:92,1
DA:93,1
DA:94,1
DA:95,1
DA:96,1
DA:97,1
DA:98,1
DA:99,1
DA:100,1
DA:101,1
DA:102,1
DA:103,1
DA:104,1
DA:105,1
DA:106,1
DA:107,1
DA:108,1
DA:109,1
DA:110,1
DA:111,1
DA:112,1
DA:113,1
DA:114,1
DA:115,1
DA:116,1
DA:117,1
DA:118,1
DA:119,1
DA:120,1
DA:121,1
DA:122,1
DA:123,1
DA:124,1
DA:125,1
DA:126,1
DA:127,1
DA:128,1
DA:129,1
DA:130,1
DA:131,0
DA:132,0
DA:133,0
DA:134,0
DA:135,0
DA:136,0
DA:137,0
DA:138,0
DA:139,0
DA:140,0
DA:141,0
DA:142,0
DA:143,0
DA:144,0
DA:145,0
DA:146,1
DA:147,1
DA:148,0
DA:149,0
DA:150,0
DA:151,0
DA:152,1
DA:153,1
DA:154,0
DA:155,1
DA:156,1
DA:157,0
DA:158,0
DA:159,0
DA:160,0
DA:161,0
DA:162,1
DA:163,1
DA:164,0
DA:165,0
DA:166,0
DA:167,0
DA:168,0
DA:169,0
DA:170,1
DA:171,1
DA:172,1
LF:172
LH:134
BRDA:1,0,0,1
BRDA:1,1,0,1
BRDA:8,2,0,1
BRDA:8,3,0,0
BRDA:127,4,0,1
BRF:5
BRH:4
end_of_record
TN:
SF:node_modules/aria-query/lib/domMap.js
FN:1,Object.<anonymous>
FN:8,_interopRequireDefault
FN:9,_slicedToArray
FN:10,_nonIterableRest
FN:11,_iterableToArrayLimit
FN:12,_arrayWithHoles
FN:13,_createForOfIteratorHelper
FN:14,_unsupportedIterableToArray
FN:15,_arrayLikeToArray
FN:276,entries
FN:279,forEach
FN:296,get
FN:302,has
FN:305,keys
FN:312,values
FNF:15
FNH:3
FNDA:1,Object.<anonymous>
FNDA:1,_interopRequireDefault
FNDA:0,_slicedToArray
FNDA:0,_nonIterableRest
FNDA:0,_iterableToArrayLimit
FNDA:0,_arrayWithHoles
FNDA:0,_createForOfIteratorHelper
FNDA:0,_unsupportedIterableToArray
FNDA:0,_arrayLikeToArray
FNDA:1,entries
FNDA:0,forEach
FNDA:0,get
FNDA:0,has
FNDA:0,keys
FNDA:0,values
DA:1,1
DA:2,1
DA:3,1
DA:4,1
DA:5,1
DA:6,1
DA:7,1
DA:8,1
DA:9,0
DA:10,0
DA:11,0
DA:12,0
DA:13,0
DA:14,0
DA:15,0
DA:16,1
DA:17,1
DA:18,1
DA:19,1
DA:20,1
DA:21,1
DA:22,1
DA:23,1
DA:24,1
DA:25,1
DA:26,1
DA:27,1
DA:28,1
DA:29,1
DA:30,1
DA:31,1
DA:32,1
DA:33,1
DA:34,1
DA:35,1
DA:36,1
DA:37,1
DA:38,1
DA:39,1
DA:40,1
DA:41,1
DA:42,1
DA:43,1
DA:44,1
DA:45,1
DA:46,1
DA:47,1
DA:48,1
DA:49,1
DA:50,1
DA:51,1
DA:52,1
DA:53,1
DA:54,1
DA:55,1
DA:56,1
DA:57,1
DA:58,1
DA:59,1
DA:60,1
DA:61,1
DA:62,1
DA:63,1
DA:64,1
DA:65,1
DA:66,1
DA:67,1
DA:68,1
DA:69,1
DA:70,1
DA:71,1
DA:72,1
DA:73,1
DA:74,1
DA:75,1
DA:76,1
DA:77,1
DA:78,1
DA:79,1
DA:80,1
DA:81,1
DA:82,1
DA:83,1
DA:84,1
DA:85,1
DA:86,1
DA:87,1
DA:88,1
DA:89,1
DA:90,1
DA:91,1
DA:92,1
DA:93,1
DA:94,1
DA:95,1
DA:96,1
DA:97,1
DA:98,1
DA:99,1
DA:100,1
DA:101,1
DA:102,1
DA:103,1
DA:104,1
DA:105,1
DA:106,1
DA:107,1
DA:108,1
DA:109,1
DA:110,1
DA:111,1
DA:112,1
DA:113,1
DA:114,1
DA:115,1
DA:116,1
DA:117,1
DA:118,1
DA:119,1
DA:120,1
DA:121,1
DA:122,1
DA:123,1
DA:124,1
DA:125,1
DA:126,1
DA:127,1
DA:128,1
DA:129,1
DA:130,1
DA:131,1
DA:132,1
DA:133,1
DA:134,1
DA:135,1
DA:136,1
DA:137,1
DA:138,1
DA:139,1
DA:140,1
DA:141,1
DA:142,1
DA:143,1
DA:144,1
DA:145,1
DA:146,1
DA:147,1
DA:148,1
DA:149,1
DA:150,1
DA:151,1
DA:152,1
DA:153,1
DA:154,1
DA:155,1
DA:156,1
DA:157,1
DA:158,1
DA:159,1
DA:160,1
DA:161,1
DA:162,1
DA:163,1
DA:164,1
DA:165,1
DA:166,1
DA:167,1
DA:168,1
DA:169,1
DA:170,1
DA:171,1
DA:172,1
DA:173,1
DA:174,1
DA:175,1
DA:176,1
DA:177,1
DA:178,1
DA:179,1
DA:180,1
DA:181,1
DA:182,1
DA:183,1
DA:184,1
DA:185,1
DA:186,1
DA:187,1
DA:188,1
DA:189,1
DA:190,1
DA:191,1
DA:192,1
DA:193,1
DA:194,1
DA:195,1
DA:196,1
DA:197,1
DA:198,1
DA:199,1
DA:200,1
DA:201,1
DA:202,1
DA:203,1
DA:204,1
DA:205,1
DA:206,1
DA:207,1
DA:208,1
DA:209,1
DA:210,1
DA:211,1
DA:212,1
DA:213,1
DA:214,1
DA:215,1
DA:216,1
DA:217,1
DA:218,1
DA:219,1
DA:220,1
DA:221,1
DA:222,1
DA:223,1
DA:224,1
DA:225,1
DA:226,1
DA:227,1
DA:228,1
DA:229,1
DA:230,1
DA:231,1
DA:232,1
DA:233,1
DA:234,1
DA:235,1
DA:236,1
DA:237,1
DA:238,1
DA:239,1
DA:240,1
DA:241,1
DA:242,1
DA:243,1
DA:244,1
DA:245,1
DA:246,1
DA:247,1
DA:248,1
DA:249,1
DA:250,1
DA:251,1
DA:252,1
DA:253,1
DA:254,1
DA:255,1
DA:256,1
DA:257,1
DA:258,1
DA:259,1
DA:260,1
DA:261,1
DA:262,1
DA:263,1
DA:264,1
DA:265,1
DA:266,1
DA:267,1
DA:268,1
DA:269,1
DA:270,1
DA:271,1
DA:272,1
DA:273,1
DA:274,1
DA:275,1
DA:276,1
DA:277,1
DA:278,1
DA:279,1
DA:280,0
DA:281,0
DA:282,0
DA:283,0
DA:284,0
DA:285,0
DA:286,0
DA:287,0
DA:288,0
DA:289,0
DA:290,0
DA:291,0
DA:292,0
DA:293,0
DA:294,0
DA:295,1
DA:296,1
DA:297,0
DA:298,0
DA:299,0
DA:300,0
DA:301,1
DA:302,1
DA:303,0
DA:304,1
DA:305,1
DA:306,0
DA:307,0
DA:308,0
DA:309,0
DA:310,0
DA:311,1
DA:312,1
DA:313,0
DA:314,0
DA:315,0
DA:316,0
DA:317,0
DA:318,0
DA:319,1
DA:320,1
DA:321,1
LF:321
LH:283
BRDA:1,0,0,1
BRDA:1,1,0,1
BRDA:8,2,0,1
BRDA:8,3,0,0
BRDA:276,4,0,1
BRF:5
BRH:4
end_of_record
TN:
SF:node_modules/aria-query/lib/elementRoleMap.js
FN:1,Object.<anonymous>
FN:10,_interopRequireDefault
FN:11,_slicedToArray
FN:12,_nonIterableRest
FN:13,_iterableToArrayLimit
FN:14,_arrayWithHoles
FN:15,_createForOfIteratorHelper
FN:16,_unsupportedIterableToArray
FN:17,_arrayLikeToArray
FN:59,entries
FN:62,forEach
FN:79,get
FN:85,has
FN:88,keys
FN:95,values
FNF:15
FNH:3
FNDA:1,Object.<anonymous>
FNDA:3,_interopRequireDefault
FNDA:0,_slicedToArray
FNDA:0,_nonIterableRest
FNDA:0,_iterableToArrayLimit
FNDA:0,_arrayWithHoles
FNDA:0,_createForOfIteratorHelper
FNDA:0,_unsupportedIterableToArray
FNDA:0,_arrayLikeToArray
FNDA:2,entries
FNDA:0,forEach
FNDA:0,get
FNDA:0,has
FNDA:0,keys
FNDA:0,values
DA:1,1
DA:2,1
DA:3,1
DA:4,1
DA:5,1
DA:6,1
DA:7,1
DA:8,1
DA:9,1
DA:10,3
DA:11,0
DA:12,0
DA:13,0
DA:14,0
DA:15,0
DA:16,0
DA:17,0
DA:18,1
DA:19,1
DA:20,1
DA:21,136
DA:22,136
DA:23,136
DA:24,136
DA:25,136
DA:26,170
DA:27,170
DA:28,88
DA:29,88
DA:30,88
DA:31,88
DA:32,88
DA:33,3769
DA:34,88
DA:35,88
DA:36,88
DA:37,2
DA:38,88
DA:39,86
DA:40,86
DA:41,88
DA:42,88
DA:43,2
DA:44,1
DA:45,1
DA:46,1
DA:47,2
DA:48,88
DA:49,87
DA:50,87
DA:51,88
DA:52,88
DA:53,88
DA:54,88
DA:55,170
DA:56,136
DA:57,136
DA:58,1
DA:59,1
DA:60,2
DA:61,1
DA:62,1
DA:63,0
DA:64,0
DA:65,0
DA:66,0
DA:67,0
DA:68,0
DA:69,0
DA:70,0
DA:71,0
DA:72,0
DA:73,0
DA:74,0
DA:75,0
DA:76,0
DA:77,0
DA:78,1
DA:79,1
DA:80,0
DA:81,0
DA:82,0
DA:83,0
DA:84,1
DA:85,1
DA:86,0
DA:87,1
DA:88,1
DA:89,0
DA:90,0
DA:91,0
DA:92,0
DA:93,0
DA:94,1
DA:95,1
DA:96,0
DA:97,0
DA:98,0
DA:99,0
DA:100,0
DA:101,0
DA:102,1
DA:103,1
DA:104,1
LF:104
LH:66
BRDA:1,0,0,1
BRDA:1,1,0,1
BRDA:20,2,0,136
BRDA:25,3,0,170
BRDA:27,4,0,88
BRDA:10,5,0,3
BRDA:10,6,0,2
BRDA:10,7,0,1
BRDA:30,8,0,88
BRDA:36,9,0,2
BRDA:38,10,0,86
BRDA:42,11,0,2
BRDA:43,12,0,1
BRDA:48,13,0,87
BRDA:32,14,0,3769
BRDA:59,15,0,2
BRF:16
BRH:16
end_of_record
TN:
SF:node_modules/aria-query/lib/index.js
FN:1,Object.<anonymous>
FN:12,_interopRequireDefault
FNF:2
FNH:2
FNDA:1,Object.<anonymous>
FNDA:5,_interopRequireDefault
DA:1,1
DA:2,1
DA:3,1
DA:4,1
DA:5,1
DA:6,1
DA:7,1
DA:8,1
DA:9,1
DA:10,1
DA:11,1
DA:12,5
DA:13,1
DA:14,1
DA:15,1
DA:16,1
DA:17,1
DA:18,1
DA:19,1
DA:20,1
DA:21,1
DA:22,1
DA:23,1
LF:23
LH:23
BRDA:1,0,0,1
BRDA:1,1,0,1
BRDA:12,2,0,5
BRDA:12,3,0,0
BRF:4
BRH:3
end_of_record
TN:
SF:node_modules/aria-query/lib/roleElementMap.js
FN:1,Object.<anonymous>
FN:9,_interopRequireDefault
FN:10,_slicedToArray
FN:11,_nonIterableRest
FN:12,_iterableToArrayLimit
FN:13,_arrayWithHoles
FN:14,_createForOfIteratorHelper
FN:15,_unsupportedIterableToArray
FN:16,_arrayLikeToArray
FN:19,_loop
FN:49,entries
FN:52,forEach
FN:69,get
FN:75,has
FN:78,keys
FN:85,values
FNF:16
FNH:4
FNDA:1,Object.<anonymous>
FNDA:2,_interopRequireDefault
FNDA:0,_slicedToArray
FNDA:0,_nonIterableRest
FNDA:0,_iterableToArrayLimit
FNDA:0,_arrayWithHoles
FNDA:0,_createForOfIteratorHelper
FNDA:0,_unsupportedIterableToArray
FNDA:0,_arrayLikeToArray
FNDA:136,_loop
FNDA:1,entries
FNDA:0,forEach
FNDA:0,get
FNDA:0,has
FNDA:0,keys
FNDA:0,values
DA:1,1
DA:2,1
DA:3,1
DA:4,1
DA:5,1
DA:6,1
DA:7,1
DA:8,1
DA:9,2
DA:10,0
DA:11,0
DA:12,0
DA:13,0
DA:14,0
DA:15,0
DA:16,0
DA:17,1
DA:18,1
DA:19,1
DA:20,136
DA:21,136
DA:22,136
DA:23,136
DA:24,136
DA:25,170
DA:26,170
DA:27,88
DA:28,88
DA:29,88
DA:30,3757
DA:31,88
DA:32,88
DA:33,88
DA:34,43
DA:35,88
DA:36,45
DA:37,45
DA:38,88
DA:39,88
DA:40,88
DA:41,88
DA:42,170
DA:43,136
DA:44,1
DA:45,1
DA:46,136
DA:47,136
DA:48,1
DA:49,1
DA:50,1
DA:51,1
DA:52,1
DA:53,0
DA:54,0
DA:55,0
DA:56,0
DA:57,0
DA:58,0
DA:59,0
DA:60,0
DA:61,0
DA:62,0
DA:63,0
DA:64,0
DA:65,0
DA:66,0
DA:67,0
DA:68,1
DA:69,1
DA:70,0
DA:71,0
DA:72,0
DA:73,0
DA:74,1
DA:75,1
DA:76,0
DA:77,1
DA:78,1
DA:79,0
DA:80,0
DA:81,0
DA:82,0
DA:83,0
DA:84,1
DA:85,1
DA:86,0
DA:87,0
DA:88,0
DA:89,0
DA:90,0
DA:91,0
DA:92,1
DA:93,1
DA:94,1
LF:94
LH:56
BRDA:1,0,0,1
BRDA:1,1,0,1
BRDA:45,2,0,136
BRDA:9,3,0,2
BRDA:9,4,0,0
BRDA:19,5,0,136
BRDA:24,6,0,170
BRDA:26,7,0,88
BRDA:33,8,0,43
BRDA:35,9,0,45
BRDA:29,10,0,3757
BRDA:49,11,0,1
BRF:12
BRH:11
end_of_record
TN:
SF:node_modules/aria-query/lib/rolesMap.js
FN:1,Object.<anonymous>
FN:12,_interopRequireDefault
FN:13,_defineProperty
FN:14,_createForOfIteratorHelper
FN:14,F
FN:14,n
FN:14,e
FN:14,s
FN:14,n
FN:14,e
FN:14,f
FN:15,_slicedToArray
FN:16,_nonIterableRest
FN:17,_unsupportedIterableToArray
FN:18,_arrayLikeToArray
[...]
DA:2311,0
DA:2312,0
DA:2313,0
DA:2314,0
DA:2315,0
DA:2316,0
DA:2317,0
DA:2318,0
DA:2319,0
DA:2320,0
DA:2321,2
DA:2322,2
DA:2323,2
DA:2324,2
DA:2325,2
DA:2326,0
DA:2327,0
DA:2328,0
DA:2329,0
DA:2330,0
DA:2331,0
DA:2332,0
DA:2333,0
DA:2334,0
DA:2335,0
DA:2336,0
DA:2337,0
DA:2338,0
DA:2339,0
DA:2340,0
DA:2341,0
DA:2342,0
DA:2343,0
DA:2344,0
DA:2345,0
DA:2346,0
DA:2347,0
DA:2348,0
DA:2349,0
DA:2350,0
DA:2351,0
DA:2352,0
DA:2353,0
DA:2354,0
DA:2355,0
DA:2356,0
DA:2357,2
DA:2358,2
DA:2359,2
DA:2360,2
DA:2361,2
DA:2362,0
DA:2363,2
DA:2364,2
DA:2365,2
DA:2366,2
DA:2367,2
DA:2368,2
DA:2369,2
DA:2370,2
DA:2371,2
DA:2372,1
DA:2373,1
DA:2374,2
DA:2375,2
DA:2376,2
DA:2377,0
DA:2378,2
DA:2379,2
DA:2380,2
DA:2381,2
DA:2382,2
DA:2383,2
DA:2384,1
DA:2385,0
DA:2386,0
DA:2387,0
DA:2388,0
DA:2389,0
DA:2390,0
DA:2391,0
DA:2392,0
DA:2393,0
DA:2394,0
DA:2395,0
DA:2396,0
DA:2397,0
DA:2398,0
DA:2399,0
DA:2400,0
DA:2401,0
DA:2402,0
DA:2403,0
DA:2404,0
DA:2405,0
DA:2406,0
DA:2407,0
DA:2408,0
DA:2409,0
DA:2410,0
DA:2411,0
DA:2412,0
DA:2413,0
DA:2414,0
DA:2415,0
DA:2416,0
DA:2417,0
DA:2418,0
DA:2419,0
DA:2420,0
DA:2421,0
DA:2422,1
DA:2423,0
DA:2424,0
DA:2425,0
DA:2426,0
DA:2427,0
DA:2428,0
DA:2429,0
DA:2430,0
DA:2431,0
DA:2432,0
DA:2433,0
DA:2434,0
DA:2435,0
DA:2436,0
DA:2437,0
DA:2438,0
DA:2439,0
DA:2440,0
DA:2441,0
DA:2442,0
DA:2443,0
DA:2444,0
DA:2445,0
DA:2446,0
DA:2447,0
DA:2448,0
DA:2449,0
DA:2450,1
DA:2451,1
DA:2452,1
DA:2453,0
DA:2454,0
DA:2455,0
DA:2456,0
DA:2457,0
DA:2458,0
DA:2459,0
DA:2460,0
DA:2461,0
DA:2462,0
DA:2463,0
DA:2464,0
DA:2465,0
DA:2466,0
DA:2467,0
DA:2468,0
DA:2469,0
DA:2470,0
DA:2471,0
DA:2472,0
DA:2473,0
DA:2474,0
DA:2475,0
DA:2476,0
DA:2477,0
DA:2478,0
DA:2479,0
DA:2480,0
DA:2481,0
DA:2482,0
DA:2483,0
DA:2484,0
DA:2485,0
DA:2486,0
DA:2487,1
DA:2488,1
DA:2489,1
DA:2490,2
DA:2491,2
DA:2492,2
DA:2493,2
DA:2494,2
DA:2495,2
DA:2496,2
DA:2497,2
DA:2498,2
DA:2499,2
DA:2500,2
DA:2501,2
DA:2502,2
DA:2503,2
DA:2504,2
DA:2505,2
DA:2506,2
DA:2507,2
DA:2508,2
DA:2509,2
DA:2510,2
DA:2511,2
DA:2512,2
DA:2513,2
DA:2514,2
DA:2515,2
DA:2516,2
DA:2517,0
DA:2518,0
DA:2519,0
DA:2520,0
DA:2521,0
DA:2522,0
DA:2523,0
DA:2524,2
DA:2525,0
DA:2526,0
DA:2527,2
DA:2528,2
DA:2529,2
DA:2530,2
DA:2531,2
DA:2532,0
DA:2533,0
DA:2534,0
DA:2535,0
DA:2536,0
DA:2537,0
DA:2538,0
DA:2539,0
DA:2540,0
DA:2541,0
DA:2542,0
DA:2543,0
DA:2544,0
DA:2545,0
DA:2546,0
DA:2547,0
DA:2548,0
DA:2549,0
DA:2550,0
DA:2551,0
DA:2552,0
DA:2553,0
DA:2554,0
DA:2555,0
DA:2556,0
DA:2557,0
DA:2558,0
DA:2559,0
DA:2560,0
DA:2561,0
DA:2562,0
DA:2563,0
DA:2564,0
DA:2565,0
DA:2566,0
DA:2567,0
DA:2568,0
DA:2569,0
DA:2570,0
DA:2571,2
DA:2572,2
DA:2573,2
DA:2574,2
DA:2575,2
DA:2576,2
DA:2577,2
DA:2578,2
DA:2579,2
DA:2580,2
DA:2581,2
DA:2582,2
DA:2583,2
DA:2584,2
DA:2585,2
DA:2586,2
DA:2587,2
DA:2588,2
DA:2589,2
DA:2590,0
DA:2591,0
DA:2592,0
DA:2593,0
DA:2594,0
DA:2595,0
DA:2596,0
DA:2597,0
DA:2598,0
DA:2599,0
DA:2600,0
DA:2601,2
DA:2602,2
DA:2603,2
DA:2604,0
DA:2605,0
DA:2606,0
DA:2607,0
DA:2608,0
DA:2609,0
DA:2610,0
DA:2611,0
DA:2612,0
DA:2613,2
DA:2614,2
DA:2615,2
DA:2616,1
DA:2617,2
DA:2618,2
DA:2619,2
DA:2620,0
DA:2621,0
DA:2622,2
DA:2623,2
DA:2624,2
DA:2625,2
DA:2626,1
DA:2627,0
DA:2628,0
DA:2629,0
DA:2630,0
DA:2631,0
DA:2632,0
DA:2633,0
DA:2634,0
DA:2635,0
DA:2636,0
DA:2637,0
DA:2638,0
DA:2639,0
DA:2640,0
DA:2641,0
DA:2642,0
DA:2643,0
DA:2644,0
DA:2645,0
DA:2646,0
DA:2647,0
DA:2648,0
DA:2649,0
DA:2650,0
DA:2651,0
DA:2652,1
DA:2653,1
DA:2654,1
DA:2655,2
DA:2656,2
DA:2657,2
DA:2658,2
DA:2659,2
DA:2660,2
DA:2661,2
DA:2662,2
DA:2663,2
DA:2664,3
DA:2665,3
DA:2666,3
DA:2667,3
DA:2668,3
DA:2669,3
DA:2670,2
DA:2671,2
DA:2672,2
DA:2673,0
DA:2674,0
DA:2675,0
DA:2676,2
DA:2677,2
DA:2678,2
DA:2679,2
DA:2680,2
DA:2681,2
DA:2682,1
DA:2683,1
DA:2684,1
DA:2685,1
DA:2686,1
DA:2687,1
DA:2688,1
DA:2689,1
DA:2690,1
DA:2691,1
DA:2692,1
DA:2693,1
DA:2694,1
DA:2695,1
DA:2696,1
DA:2697,1
DA:2698,1
DA:2699,1
DA:2700,1
DA:2701,1
DA:2702,1
DA:2703,1
DA:2704,1
DA:2705,1
DA:2706,1
DA:2707,1
DA:2708,1
DA:2709,1
DA:2710,1
DA:2711,1
DA:2712,1
DA:2713,1
DA:2714,1
DA:2715,1
DA:2716,1
DA:2717,1
DA:2718,1
DA:2719,1
DA:2720,1
DA:2721,1
DA:2722,1
DA:2723,1
DA:2724,1
DA:2725,1
DA:2726,1
DA:2727,1
DA:2728,1
DA:2729,1
DA:2730,1
DA:2731,1
DA:2732,0
DA:2733,0
DA:2734,1
DA:2735,0
DA:2736,0
DA:2737,1
DA:2738,1
DA:2739,1
LF:2739
LH:889
BRDA:1,0,0,1
BRDA:1,1,0,1
BRDA:14,2,0,1
BRDA:20,3,0,0
BRDA:23,4,0,0
BRDA:398,5,0,2
BRDA:1795,6,0,0
BRDA:2731,7,0,0
BRDA:2734,8,0,0
BRDA:312,9,0,1
BRDA:388,10,0,2
BRDA:405,11,0,1
BRDA:725,12,0,2
BRDA:783,13,0,2
BRDA:792,14,0,0
BRDA:823,15,0,1
BRDA:825,16,0,0
BRDA:842,17,0,0
BRDA:853,18,0,0
BRDA:1524,19,0,2
BRDA:1525,20,0,1
BRDA:1527,21,0,0
BRDA:1530,22,0,0
BRDA:1530,23,0,0
BRDA:1530,24,0,0
BRDA:1530,25,0,0
BRDA:1530,26,0,0
BRDA:1530,27,0,0
BRDA:1530,28,0,0
BRDA:1530,29,0,0
BRDA:1530,30,0,0
BRDA:1530,31,0,0
BRDA:1534,32,0,0
BRDA:2207,33,0,1
BRDA:2211,34,0,0
BRDA:2252,35,0,2
BRDA:2256,36,0,1
BRDA:2264,37,0,0
BRDA:2271,38,0,1
BRDA:2272,39,0,0
BRDA:2276,40,0,1
BRDA:2276,41,0,0
BRDA:2276,42,0,0
BRDA:2284,43,0,0
BRDA:2284,44,0,0
BRDA:2321,45,0,2
BRDA:2325,46,0,0
BRDA:2361,47,0,0
BRDA:2371,48,0,1
BRDA:2376,49,0,0
BRDA:2490,50,0,2
BRDA:2516,51,0,0
BRDA:2524,52,0,0
BRDA:2531,53,0,0
BRDA:2531,54,0,0
BRDA:2603,55,0,0
BRDA:2617,56,0,2
BRDA:2619,57,0,0
BRDA:2655,58,0,2
BRDA:2663,59,0,3
BRDA:2672,60,0,0
BRF:61
BRH:23
end_of_record
TN:
SF:node_modules/regexp.prototype.flags/implementation.js
FN:1,Object.<anonymous>
FN:8,flags
FNF:2
FNH:1
FNDA:1,Object.<anonymous>
FNDA:0,flags
DA:1,1
DA:2,1
DA:3,1
DA:4,1
DA:5,1
DA:6,1
DA:7,1
DA:8,1
DA:9,0
DA:10,0
DA:11,0
DA:12,0
DA:13,0
DA:14,0
DA:15,0
DA:16,0
DA:17,0
DA:18,0
DA:19,0
DA:20,0
DA:21,0
DA:22,0
DA:23,0
DA:24,0
DA:25,0
DA:26,0
DA:27,0
DA:28,0
DA:29,0
DA:30,0
DA:31,0
DA:32,0
DA:33,0
DA:34,0
DA:35,1
DA:36,1
DA:37,1
DA:38,1
DA:39,1
LF:39
LH:13
BRDA:1,0,0,1
BRDA:1,1,0,1
BRF:2
BRH:2
end_of_record
TN:
SF:node_modules/regexp.prototype.flags/index.js
FN:1,Object.<anonymous>
FNF:1
FNH:1
FNDA:1,Object.<anonymous>
DA:1,1
DA:2,1
DA:3,1
DA:4,1
DA:5,1
DA:6,1
DA:7,1
DA:8,1
DA:9,1
DA:10,1
DA:11,1
DA:12,1
DA:13,1
DA:14,1
DA:15,1
DA:16,1
DA:17,1
DA:18,1
LF:18
LH:18
BRDA:1,0,0,1
BRDA:1,1,0,1
BRF:2
BRH:2
end_of_record
TN:
SF:node_modules/regexp.prototype.flags/polyfill.js
FN:1,Object.<anonymous>
FN:8,getPolyfill
FN:21,get
FN:26,get
FNF:4
FNH:2
FNDA:1,Object.<anonymous>
FNDA:1,getPolyfill
FNDA:0,get
FNDA:0,get
DA:1,1
DA:2,1
DA:3,1
DA:4,1
DA:5,1
DA:6,1
DA:7,1
DA:8,1
DA:9,1
DA:10,1
DA:11,1
DA:12,1
DA:13,1
DA:14,1
DA:15,1
DA:16,1
DA:17,0
DA:18,0
DA:19,0
DA:20,0
DA:21,0
DA:22,0
DA:23,0
DA:24,0
DA:25,0
DA:26,0
DA:27,0
DA:28,0
DA:29,0
DA:30,0
DA:31,0
DA:32,0
DA:33,0
DA:34,1
DA:35,1
DA:36,1
LF:36
LH:19
BRDA:1,0,0,1
BRDA:1,1,0,1
BRDA:8,2,0,1
BRDA:15,3,0,0
BRDA:16,4,0,0
BRF:5
BRH:3
end_of_record
TN:
SF:node_modules/regexp.prototype.flags/shim.js
FN:1,Object.<anonymous>
FN:11,shimFlags
FNF:2
FNH:1
FNDA:1,Object.<anonymous>
FNDA:0,shimFlags
DA:1,1
DA:2,1
DA:3,1
DA:4,1
DA:5,1
DA:6,1
DA:7,1
DA:8,1
DA:9,1
DA:10,1
DA:11,1
DA:12,0
DA:13,0
DA:14,0
DA:15,0
DA:16,0
DA:17,0
DA:18,0
DA:19,0
DA:20,0
DA:21,0
DA:22,0
DA:23,0
DA:24,0
DA:25,0
DA:26,1
LF:26
LH:12
BRDA:1,0,0,1
BRDA:1,1,0,1
BRF:2
BRH:2
end_of_record
TN:
SF:node_modules/scheduler/index.js
FN:1,Object.<anonymous>
FNF:1
FNH:1
FNDA:1,Object.<anonymous>
DA:1,1
DA:2,1
DA:3,1
DA:4,0
DA:5,1
DA:6,1
DA:7,1
LF:7
LH:6
BRDA:1,0,0,1
BRDA:1,1,0,1
BRDA:3,2,0,0
BRF:3
BRH:2
end_of_record
TN:
SF:node_modules/scheduler/cjs/scheduler.development.js
FN:1,Object.<anonymous>
FN:30,push
FN:35,peek
FN:38,pop
FN:54,siftUp
FN:73,siftDown
FN:105,compare
FN:118,markTaskErrored
FN:128,Object.<anonymous>.exports.unstable_now
FN:135,Object.<anonymous>.exports.unstable_now
FN:170,advanceTimers
FN:192,handleTimeout
FN:210,flushWork
FN:248,workLoop
FN:300,unstable_runWithPriority
FN:323,unstable_next
FN:350,unstable_wrapCallback
FN:365,unstable_scheduleCallback
FN:448,unstable_pauseExecution
FN:451,unstable_continueExecution
FN:459,unstable_getFirstCallbackNode
FN:463,unstable_cancelCallback
FN:471,unstable_getCurrentPriorityLevel
FN:485,shouldYieldToHost
FN:498,requestPaint
FN:502,forceFrameRate
FN:517,performWorkUntilDeadline
FN:563,schedulePerformWorkUntilDeadline
FN:573,schedulePerformWorkUntilDeadline
FN:578,schedulePerformWorkUntilDeadline
FN:583,requestHostCallback
FN:592,requestHostTimeout
FN:598,cancelHostTimeout
FNF:33
FNH:3
FNDA:1,Object.<anonymous>
FNDA:0,push
FNDA:0,peek
FNDA:0,pop
FNDA:0,siftUp
FNDA:0,siftDown
FNDA:0,compare
FNDA:0,markTaskErrored
FNDA:8,Object.<anonymous>.exports.unstable_now
FNDA:0,Object.<anonymous>.exports.unstable_now
FNDA:0,advanceTimers
FNDA:0,handleTimeout
FNDA:0,flushWork
FNDA:0,workLoop
FNDA:0,unstable_runWithPriority
FNDA:0,unstable_next
FNDA:0,unstable_wrapCallback
FNDA:0,unstable_scheduleCallback
FNDA:0,unstable_pauseExecution
FNDA:0,unstable_continueExecution
FNDA:0,unstable_getFirstCallbackNode
FNDA:0,unstable_cancelCallback
FNDA:0,unstable_getCurrentPriorityLevel
FNDA:0,shouldYieldToHost
FNDA:2,requestPaint
FNDA:0,forceFrameRate
FNDA:0,performWorkUntilDeadline
FNDA:0,schedulePerformWorkUntilDeadline
FNDA:0,schedulePerformWorkUntilDeadline
FNDA:0,schedulePerformWorkUntilDeadline
FNDA:0,requestHostCallback
FNDA:0,requestHostTimeout
FNDA:0,cancelHostTimeout
DA:1,1
DA:2,1
DA:3,1
DA:4,1
DA:5,1
DA:6,1
DA:7,1
DA:8,1
DA:9,1
DA:10,1
DA:11,1
DA:12,1
DA:13,1
DA:14,1
DA:15,1
DA:16,1
DA:17,1
DA:18,1
DA:19,1
DA:20,1
DA:21,0
DA:22,0
DA:23,1
DA:24,0
DA:25,0
DA:26,1
DA:27,1
DA:28,1
DA:29,1
DA:30,0
DA:31,0
DA:32,0
DA:33,0
DA:34,0
DA:35,0
DA:36,0
DA:37,0
DA:38,0
DA:39,0
DA:40,0
DA:41,0
DA:42,0
DA:43,0
DA:44,0
DA:45,0
DA:46,0
DA:47,0
DA:48,0
DA:49,0
DA:50,0
DA:51,0
DA:52,0
DA:53,1
DA:54,0
DA:55,0
DA:56,0
DA:57,0
DA:58,0
DA:59,0
DA:60,0
DA:61,0
DA:62,0
DA:63,0
DA:64,0
DA:65,0
DA:66,0
DA:67,0
DA:68,0
DA:69,0
DA:70,0
DA:71,0
DA:72,1
DA:73,0
DA:74,0
DA:75,0
DA:76,0
DA:77,0
DA:78,0
DA:79,0
DA:80,0
DA:81,0
DA:82,0
DA:83,0
DA:84,0
DA:85,0
DA:86,0
DA:87,0
DA:88,0
DA:89,0
DA:90,0
DA:91,0
DA:92,0
DA:93,0
DA:94,0
DA:95,0
DA:96,0
DA:97,0
DA:98,0
DA:99,0
DA:100,0
DA:101,0
DA:102,0
DA:103,0
DA:104,1
DA:105,0
DA:106,0
DA:107,0
DA:108,0
DA:109,0
DA:110,1
DA:111,1
DA:112,1
DA:113,1
DA:114,1
DA:115,1
DA:116,1
DA:117,1
DA:118,0
DA:119,0
DA:120,1
DA:121,1
DA:122,1
DA:123,1
DA:124,1
DA:125,1
DA:126,1
DA:127,1
DA:128,1
DA:129,8
DA:130,1
DA:131,1
DA:132,0
DA:133,0
DA:134,0
DA:135,0
DA:136,0
DA:137,0
DA:138,1
DA:139,1
DA:140,1
DA:141,1
DA:142,1
DA:143,1
DA:144,1
DA:145,1
DA:146,1
DA:147,1
DA:148,1
DA:149,1
DA:150,1
DA:151,1
DA:152,1
DA:153,1
DA:154,1
DA:155,1
DA:156,1
DA:157,1
DA:158,1
DA:159,1
DA:160,1
DA:161,1
DA:162,1
DA:163,1
DA:164,1
DA:165,1
DA:166,1
DA:167,1
DA:168,1
DA:169,1
DA:170,0
DA:171,0
DA:172,0
DA:173,0
DA:174,0
DA:175,0
DA:176,0
DA:177,0
DA:178,0
DA:179,0
DA:180,0
DA:181,0
DA:182,0
DA:183,0
DA:184,0
DA:185,0
DA:186,0
DA:187,0
DA:188,0
DA:189,0
DA:190,0
DA:191,1
DA:192,0
DA:193,0
DA:194,0
DA:195,0
DA:196,0
DA:197,0
DA:198,0
DA:199,0
DA:200,0
DA:201,0
DA:202,0
DA:203,0
DA:204,0
DA:205,0
DA:206,0
DA:207,0
DA:208,0
DA:209,1
DA:210,0
DA:211,0
DA:212,0
DA:213,0
DA:214,0
DA:215,0
DA:216,0
DA:217,0
DA:218,0
DA:219,0
DA:220,0
DA:221,0
DA:222,0
DA:223,0
DA:224,0
DA:225,0
DA:226,0
DA:227,0
DA:228,0
DA:229,0
DA:230,0
DA:231,0
DA:232,0
DA:233,0
DA:234,0
DA:235,0
DA:236,0
DA:237,0
DA:238,0
DA:239,0
DA:240,0
DA:241,0
DA:242,0
DA:243,0
DA:244,0
DA:245,0
DA:246,0
DA:247,1
DA:248,0
DA:249,0
DA:250,0
DA:251,0
DA:252,0
DA:253,0
DA:254,0
DA:255,0
DA:256,0
DA:257,0
DA:258,0
DA:259,0
DA:260,0
DA:261,0
DA:262,0
DA:263,0
DA:264,0
DA:265,0
DA:266,0
DA:267,0
DA:268,0
DA:269,0
DA:270,0
DA:271,0
DA:272,0
DA:273,0
DA:274,0
DA:275,0
DA:276,0
DA:277,0
DA:278,0
DA:279,0
DA:280,0
DA:281,0
DA:282,0
DA:283,0
DA:284,0
DA:285,0
DA:286,0
DA:287,0
DA:288,0
DA:289,0
DA:290,0
DA:291,0
DA:292,0
DA:293,0
DA:294,0
DA:295,0
DA:296,0
DA:297,0
DA:298,0
DA:299,1
DA:300,0
DA:301,0
DA:302,0
DA:303,0
DA:304,0
DA:305,0
DA:306,0
DA:307,0
DA:308,0
DA:309,0
DA:310,0
DA:311,0
DA:312,0
DA:313,0
DA:314,0
DA:315,0
DA:316,0
DA:317,0
DA:318,0
DA:319,0
DA:320,0
DA:321,0
DA:322,1
DA:323,0
DA:324,0
DA:325,0
DA:326,0
DA:327,0
DA:328,0
DA:329,0
DA:330,0
DA:331,0
DA:332,0
DA:333,0
DA:334,0
DA:335,0
DA:336,0
DA:337,0
DA:338,0
DA:339,0
DA:340,0
DA:341,0
DA:342,0
DA:343,0
DA:344,0
DA:345,0
DA:346,0
DA:347,0
DA:348,0
DA:349,1
DA:350,0
DA:351,0
DA:352,0
DA:353,0
DA:354,0
DA:355,0
DA:356,0
DA:357,0
DA:358,0
DA:359,0
DA:360,0
DA:361,0
DA:362,0
DA:363,0
DA:364,1
DA:365,0
DA:366,0
DA:367,0
DA:368,0
DA:369,0
DA:370,0
DA:371,0
DA:372,0
DA:373,0
DA:374,0
DA:375,0
DA:376,0
DA:377,0
DA:378,0
DA:379,0
DA:380,0
DA:381,0
DA:382,0
DA:383,0
DA:384,0
DA:385,0
DA:386,0
DA:387,0
DA:388,0
DA:389,0
DA:390,0
DA:391,0
DA:392,0
DA:393,0
DA:394,0
DA:395,0
DA:396,0
DA:397,0
DA:398,0
DA:399,0
DA:400,0
DA:401,0
DA:402,0
DA:403,0
DA:404,0
DA:405,0
DA:406,0
DA:407,0
DA:408,0
DA:409,0
DA:410,0
DA:411,0
DA:412,0
DA:413,0
DA:414,0
DA:415,0
DA:416,0
DA:417,0
DA:418,0
DA:419,0
DA:420,0
DA:421,0
DA:422,0
DA:423,0
DA:424,0
DA:425,0
DA:426,0
DA:427,0
DA:428,0
DA:429,0
DA:430,0
DA:431,0
DA:432,0
DA:433,0
DA:434,0
DA:435,0
DA:436,0
DA:437,0
DA:438,0
DA:439,0
DA:440,0
DA:441,0
DA:442,0
DA:443,0
DA:444,0
DA:445,0
DA:446,0
DA:447,1
DA:448,0
DA:449,0
DA:450,1
DA:451,0
DA:452,0
DA:453,0
DA:454,0
DA:455,0
DA:456,0
DA:457,0
DA:458,1
DA:459,0
DA:460,0
DA:461,0
DA:462,1
DA:463,0
DA:464,0
DA:465,0
DA:466,0
DA:467,0
DA:468,0
DA:469,0
DA:470,1
DA:471,0
DA:472,0
DA:473,0
DA:474,1
DA:475,1
DA:476,1
DA:477,1
DA:478,1
DA:479,1
DA:480,1
DA:481,1
DA:482,1
DA:483,1
DA:484,1
DA:485,0
DA:486,0
DA:487,0
DA:488,0
DA:489,0
DA:490,0
DA:491,0
DA:492,0
DA:493,0
DA:494,0
DA:495,0
DA:496,0
DA:497,1
DA:498,2
DA:499,2
DA:500,2
DA:501,1
DA:502,0
DA:503,0
DA:504,0
DA:505,0
DA:506,0
DA:507,0
DA:508,0
DA:509,0
DA:510,0
DA:511,0
DA:512,0
DA:513,0
DA:514,0
DA:515,0
DA:516,1
DA:517,1
DA:518,0
DA:519,0
DA:520,0
DA:521,0
DA:522,0
DA:523,0
DA:524,0
DA:525,0
DA:526,0
DA:527,0
DA:528,0
DA:529,0
DA:530,0
DA:531,0
DA:532,0
DA:533,0
DA:534,0
DA:535,0
DA:536,0
DA:537,0
DA:538,0
DA:539,0
DA:540,0
DA:541,0
DA:542,0
DA:543,0
DA:544,0
DA:545,0
DA:546,0
DA:547,1
DA:548,1
DA:549,1
DA:550,1
DA:551,1
DA:552,0
DA:553,0
DA:554,0
DA:555,0
DA:556,0
DA:557,0
DA:558,0
DA:559,0
DA:560,0
DA:561,0
DA:562,0
DA:563,0
DA:564,0
DA:565,0
DA:566,1
DA:567,0
DA:568,0
DA:569,0
DA:570,0
DA:571,0
DA:572,0
DA:573,0
DA:574,0
DA:575,0
DA:576,1
DA:577,1
DA:578,1
DA:579,0
DA:580,1
DA:581,1
DA:582,1
DA:583,0
DA:584,0
DA:585,0
DA:586,0
DA:587,0
DA:588,0
DA:589,0
DA:590,0
DA:591,1
DA:592,0
DA:593,0
DA:594,0
DA:595,0
DA:596,0
DA:597,1
DA:598,0
DA:599,0
DA:600,0
DA:601,0
DA:602,1
DA:603,1
DA:604,1
DA:605,1
DA:606,1
DA:607,1
DA:608,1
DA:609,1
DA:610,1
DA:611,1
DA:612,1
DA:613,1
DA:614,1
DA:615,1
DA:616,1
DA:617,1
DA:618,1
DA:619,1
DA:620,1
DA:621,1
DA:622,1
DA:623,1
DA:624,1
DA:625,1
DA:626,1
DA:627,0
DA:628,0
DA:629,1
DA:630,0
DA:631,0
DA:632,1
DA:633,1
DA:634,1
LF:634
LH:153
BRDA:1,0,0,1
BRDA:1,1,0,1
BRDA:14,2,0,1
BRDA:20,3,0,0
BRDA:23,4,0,0
BRDA:131,5,0,0
BRDA:164,6,0,0
BRDA:165,7,0,0
BRDA:166,8,0,0
BRDA:168,9,0,0
BRDA:168,10,0,0
BRDA:551,11,0,0
BRDA:566,12,0,0
BRDA:626,13,0,0
BRDA:629,14,0,0
BRDA:128,15,0,8
BRDA:498,16,0,2
BRF:17
BRH:5
end_of_record
TN:
SF:node_modules/side-channel/index.js
FN:1,Object.<anonymous>
FN:26,listGetNode
FN:37,listGet
FN:41,listSet
FN:54,listHas
FN:58,getSideChannel
FNF:6
FNH:1
FNDA:1,Object.<anonymous>
FNDA:0,listGetNode
FNDA:0,listGet
FNDA:0,listSet
FNDA:0,listHas
FNDA:0,getSideChannel
DA:1,1
DA:2,1
DA:3,1
DA:4,1
DA:5,1
DA:6,1
DA:7,1
DA:8,1
DA:9,1
DA:10,1
DA:11,1
DA:12,1
DA:13,1
DA:14,1
DA:15,1
DA:16,1
DA:17,1
DA:18,1
DA:19,1
DA:20,1
DA:21,1
DA:22,1
DA:23,1
DA:24,1
DA:25,1
DA:26,1
DA:27,0
DA:28,0
DA:29,0
DA:30,0
DA:31,0
DA:32,0
DA:33,0
DA:34,0
DA:35,1
DA:36,1
DA:37,1
DA:38,0
DA:39,0
DA:40,1
DA:41,1
DA:42,0
DA:43,0
DA:44,0
DA:45,0
DA:46,0
DA:47,0
DA:48,0
DA:49,0
DA:50,0
DA:51,0
DA:52,0
DA:53,1
DA:54,1
DA:55,0
DA:56,1
DA:57,1
DA:58,1
DA:59,0
DA:60,0
DA:61,0
DA:62,0
DA:63,0
DA:64,0
DA:65,0
DA:66,0
DA:67,0
DA:68,0
DA:69,0
DA:70,0
DA:71,0
DA:72,0
DA:73,0
DA:74,0
DA:75,0
DA:76,0
DA:77,0
DA:78,0
DA:79,0
DA:80,0
DA:81,0
DA:82,0
DA:83,0
DA:84,0
DA:85,0
DA:86,0
DA:87,0
DA:88,0
DA:89,0
DA:90,0
DA:91,0
DA:92,0
DA:93,0
DA:94,0
DA:95,0
DA:96,0
DA:97,0
DA:98,0
DA:99,0
DA:100,0
DA:101,0
DA:102,0
DA:103,0
DA:104,0
DA:105,0
DA:106,0
DA:107,0
DA:108,0
DA:109,0
DA:110,0
DA:111,0
DA:112,0
DA:113,0
DA:114,0
DA:115,0
DA:116,0
DA:117,0
DA:118,0
DA:119,0
DA:120,0
DA:121,0
DA:122,0
DA:123,0
DA:124,1
LF:124
LH:37
BRDA:1,0,0,1
BRDA:1,1,0,1
BRF:2
BRH:2
end_of_record
TN:
SF:node_modules/supports-color/index.js
FN:1,Object.<anonymous>
FN:22,translateLevel
FN:35,supportsColor
FN:122,getSupportLevel
FNF:4
FNH:4
FNDA:1,Object.<anonymous>
FNDA:2,translateLevel
FNDA:2,supportsColor
FNDA:2,getSupportLevel
DA:1,1
DA:2,1
DA:3,1
DA:4,1
DA:5,1
DA:6,1
DA:7,1
DA:8,1
DA:9,1
DA:10,1
DA:11,0
DA:12,1
DA:13,1
DA:14,1
DA:15,1
DA:16,0
DA:17,0
DA:18,1
DA:19,0
DA:20,0
DA:21,1
DA:22,2
DA:23,2
DA:24,0
DA:25,0
DA:26,2
DA:27,2
DA:28,2
DA:29,2
DA:30,2
DA:31,2
DA:32,2
DA:33,2
DA:34,1
DA:35,2
DA:36,2
DA:37,0
DA:38,0
DA:39,2
DA:40,2
DA:41,2
DA:42,2
DA:43,0
DA:44,0
DA:45,2
DA:46,2
DA:47,0
DA:48,0
DA:49,2
DA:50,2
DA:51,0
DA:52,0
DA:53,2
DA:54,2
DA:55,2
DA:56,2
DA:57,0
DA:58,0
DA:59,0
DA:60,0
DA:61,0
DA:62,0
DA:63,0
DA:64,0
DA:65,0
DA:66,0
DA:67,0
DA:68,0
DA:69,0
DA:70,0
DA:71,0
DA:72,0
DA:73,0
DA:74,2
DA:75,2
DA:76,0
DA:77,0
DA:78,0
DA:79,0
DA:80,0
DA:81,0
DA:82,2
DA:83,2
DA:84,0
DA:85,0
DA:86,2
DA:87,2
DA:88,2
DA:89,2
DA:90,0
DA:91,0
DA:92,0
DA:93,0
DA:94,0
DA:95,0
DA:96,0
DA:97,0
DA:98,0
DA:99,0
DA:100,0
DA:101,0
DA:102,0
DA:103,0
DA:104,0
DA:105,0
DA:106,0
DA:107,0
DA:108,0
DA:109,0
DA:110,0
DA:111,0
DA:112,0
DA:113,0
DA:114,0
DA:115,0
DA:116,0
DA:117,0
DA:118,0
DA:119,0
DA:120,2
DA:121,1
DA:122,2
DA:123,2
DA:124,2
DA:125,2
DA:126,1
DA:127,1
DA:128,1
DA:129,1
DA:130,1
DA:131,1
LF:131
LH:61
BRDA:1,0,0,1
BRDA:1,1,0,1
BRDA:10,2,0,0
BRDA:15,3,0,0
BRDA:18,4,0,0
BRDA:22,5,0,2
BRDA:23,6,0,0
BRDA:35,7,0,2
BRDA:36,8,0,0
BRDA:42,9,0,0
BRDA:46,10,0,0
BRDA:50,11,0,0
BRDA:50,12,0,0
BRDA:54,13,0,0
BRDA:56,14,0,0
BRDA:75,15,0,0
BRDA:83,16,0,0
BRDA:90,17,0,0
BRDA:122,18,0,2
BRF:19
BRH:5
end_of_record
TN:
SF:node_modules/which-boxed-primitive/index.js
FN:1,Object.<anonymous>
FN:10,whichBoxedPrimitive
FNF:2
FNH:1
FNDA:1,Object.<anonymous>
FNDA:0,whichBoxedPrimitive
DA:1,1
DA:2,1
DA:3,1
DA:4,1
DA:5,1
DA:6,1
DA:7,1
DA:8,1
DA:9,1
DA:10,1
DA:11,0
DA:12,0
DA:13,0
DA:14,0
DA:15,0
DA:16,0
DA:17,0
DA:18,0
DA:19,0
DA:20,0
DA:21,0
DA:22,0
DA:23,0
DA:24,0
DA:25,0
DA:26,0
DA:27,0
DA:28,0
DA:29,0
DA:30,1
LF:30
LH:11
BRDA:1,0,0,1
BRDA:1,1,0,1
BRF:2
BRH:2
end_of_record
TN:
SF:node_modules/which-collection/index.js
FN:1,Object.<anonymous>
FN:8,whichCollection
FNF:2
FNH:1
FNDA:1,Object.<anonymous>
FNDA:0,whichCollection
DA:1,1
DA:2,1
DA:3,1
DA:4,1
DA:5,1
DA:6,1
DA:7,1
DA:8,1
DA:9,0
DA:10,0
DA:11,0
DA:12,0
DA:13,0
DA:14,0
DA:15,0
DA:16,0
DA:17,0
DA:18,0
DA:19,0
DA:20,0
DA:21,0
DA:22,0
DA:23,0
DA:24,1
LF:24
LH:9
BRDA:1,0,0,1
BRDA:1,1,0,1
BRF:2
BRH:2
end_of_record
TN:
SF:node_modules/which-typed-array/index.js
FN:1,Object.<anonymous>
FN:34,tryAllTypedArrays
FN:51,whichTypedArray
FNF:3
FNH:1
FNDA:1,Object.<anonymous>
FNDA:0,tryAllTypedArrays
FNDA:0,whichTypedArray
DA:1,1
DA:2,1
DA:3,1
DA:4,1
DA:5,1
DA:6,1
DA:7,1
DA:8,1
DA:9,1
DA:10,1
DA:11,1
DA:12,1
DA:13,1
DA:14,1
DA:15,1
DA:16,1
DA:17,1
DA:18,1
DA:19,11
DA:20,11
DA:21,11
DA:22,11
DA:23,11
DA:24,11
DA:25,11
DA:26,11
DA:27,11
DA:28,11
DA:29,11
DA:30,11
DA:31,1
DA:32,1
DA:33,1
DA:34,1
DA:35,0
DA:36,0
DA:37,0
DA:38,0
DA:39,0
DA:40,0
DA:41,0
DA:42,0
DA:43,0
DA:44,0
DA:45,0
DA:46,0
DA:47,1
DA:48,1
DA:49,1
DA:50,1
DA:51,1
DA:52,0
DA:53,0
DA:54,0
DA:55,1
LF:55
LH:40
BRDA:1,0,0,1
BRDA:1,1,0,1
BRDA:11,2,0,0
BRDA:18,3,0,11
BRF:4
BRH:3
end_of_record
TN:
SF:src/SalesTax.tsx
FN:7,SalesTax
FNF:1
FNH:1
FNDA:1,SalesTax
DA:1,1
DA:2,1
DA:3,1
DA:4,1
DA:5,1
DA:6,1
DA:7,1
DA:8,1
DA:9,1
DA:10,1
DA:11,1
DA:12,1
DA:13,1
DA:14,1
LF:14
LH:14
BRDA:7,0,0,1
BRF:1
BRH:1
end_of_record
TN:
SF:src/utils/index.ts
FN:1,sum
FNF:1
FNH:1
FNDA:1,sum
DA:1,1
LF:1
LH:1
BRDA:1,0,0,1
BRF:1
BRH:1
end_of_record
