TN:
SF:src/components/SalesTaxContainer/index.tsx
FN:18,(anonymous_0)
FN:27,(anonymous_1)
FN:30,(anonymous_2)
FN:34,(anonymous_3)
FN:38,(anonymous_4)
FN:42,(anonymous_5)
FN:50,(anonymous_6)
FN:54,(anonymous_7)
FN:58,(anonymous_8)
FN:61,(anonymous_9)
FN:95,(anonymous_10)
FN:102,(anonymous_11)
FN:103,(anonymous_12)
FN:105,(anonymous_13)
FN:110,(anonymous_14)
FN:132,(anonymous_15)
FN:153,(anonymous_16)
FNF:17
FNH:15
FNDA:66,(anonymous_0)
FNDA:3,(anonymous_1)
FNDA:37,(anonymous_2)
FNDA:7,(anonymous_3)
FNDA:4,(anonymous_4)
FNDA:9,(anonymous_5)
FNDA:6,(anonymous_6)
FNDA:6,(anonymous_7)
FNDA:3,(anonymous_8)
FNDA:9,(anonymous_9)
FNDA:0,(anonymous_10)
FNDA:9,(anonymous_11)
FNDA:29,(anonymous_12)
FNDA:19,(anonymous_13)
FNDA:0,(anonymous_14)
FNDA:3,(anonymous_15)
FNDA:37,(anonymous_16)
DA:1,1
DA:2,1
DA:3,1
DA:4,1
DA:5,1
DA:7,1
DA:18,1
DA:19,66
DA:20,66
DA:21,66
DA:22,66
DA:23,66
DA:24,66
DA:25,66
DA:27,66
DA:28,3
DA:30,66
DA:31,37
DA:34,66
DA:35,7
DA:38,66
DA:39,4
DA:42,66
DA:44,9
DA:45,3
DA:47,6
DA:50,66
DA:51,6
DA:54,66
DA:55,6
DA:58,66
DA:59,3
DA:60,3
DA:61,3
DA:63,9
DA:65,3
DA:66,3
DA:67,3
DA:70,6
DA:71,2
DA:72,2
DA:73,2
DA:74,2
DA:77,4
DA:78,2
DA:79,2
DA:80,2
DA:81,2
DA:84,2
DA:85,2
DA:86,2
DA:87,2
DA:88,2
DA:91,3
DA:92,3
DA:95,66
DA:96,0
DA:97,0
DA:98,0
DA:99,0
DA:102,66
DA:103,29
DA:104,9
DA:105,19
DA:106,9
DA:107,9
DA:110,66
DA:111,0
DA:112,0
DA:113,0
DA:114,0
DA:116,66
DA:132,3
DA:153,37
DA:174,1
LF:75
LH:67
BRDA:44,0,0,3
BRDA:63,1,0,3
BRDA:63,2,0,9
BRDA:63,2,1,5
BRDA:67,3,0,2
BRDA:67,3,1,1
BRDA:70,4,0,2
BRDA:70,5,0,6
BRDA:70,5,1,2
BRDA:74,6,0,2
BRDA:74,6,1,0
BRDA:77,7,0,2
BRDA:77,8,0,4
BRDA:77,8,1,4
BRDA:81,9,0,1
BRDA:81,9,1,1
BRDA:84,10,0,2
BRDA:84,11,0,2
BRDA:84,11,1,2
BRDA:88,12,0,2
BRDA:88,12,1,0
BRDA:105,13,0,8
BRDA:105,13,1,11
BRDA:105,14,0,14
BRDA:105,14,1,5
BRDA:166,15,0,66
BRDA:166,15,1,3
BRF:27
BRH:25
end_of_record
TN:
SF:src/utils/index.ts
FN:1,(anonymous_0)
FNF:1
FNH:1
FNDA:15,(anonymous_0)
DA:1,1
DA:2,15
DA:8,15
LF:3
LH:3
BRF:0
BRH:0
end_of_record
